INFO 2024-08-04 13:16:14,684 autoreload E:\Programing\django_projects\emilys_luxury\config\logger_config.py changed, reloading.
INFO 2024-08-04 13:19:36,743 autoreload Watching for file changes with StatReloader
    INFO 2024-08-04 17:57:10,171 autoreload E:\Programing\django_projects\emilys_luxury\apps\Payment\Tasks\pay_tasks.py changed, reloading.
INFO 2024-08-04 17:57:11,487 autoreload Watching for file changes with StatReloader
INFO 2024-08-04 17:57:34,742 autoreload E:\Programing\django_projects\emilys_luxury\apps\Payment\Tasks\order_tasks.py changed, reloading.
INFO 2024-08-04 17:57:35,875 autoreload Watching for file changes with StatReloader
INFO 2024-08-04 17:57:45,225 autoreload E:\Programing\django_projects\emilys_luxury\apps\Payment\Tasks\order_tasks.py changed, reloading.
INFO 2024-08-04 17:57:46,420 autoreload Watching for file changes with StatReloader
INFO 2024-08-04 17:58:23,030 autoreload E:\Programing\django_projects\emilys_luxury\apps\Payment\Tasks\order_tasks.py changed, reloading.
INFO 2024-08-04 17:58:24,115 autoreload Watching for file changes with StatReloader
INFO 2024-08-04 17:58:25,537 autoreload E:\Programing\django_projects\emilys_luxury\apps\Payment\Tasks\order_tasks.py changed, reloading.
INFO 2024-08-04 17:58:26,700 autoreload Watching for file changes with StatReloader
INFO 2024-08-04 17:58:28,125 autoreload E:\Programing\django_projects\emilys_luxury\apps\Payment\Tasks\order_tasks.py changed, reloading.
INFO 2024-08-04 17:58:29,306 autoreload Watching for file changes with StatReloader
INFO 2024-08-04 17:58:32,917 autoreload E:\Programing\django_projects\emilys_luxury\apps\Payment\Tasks\order_tasks.py changed, reloading.
INFO 2024-08-04 17:58:34,114 autoreload Watching for file changes with StatReloader
INFO 2024-08-04 17:58:38,755 autoreload E:\Programing\django_projects\emilys_luxury\apps\Payment\Tasks\order_tasks.py changed, reloading.
INFO 2024-08-04 17:58:39,923 autoreload Watching for file changes with StatReloader
INFO 2024-08-04 17:58:42,435 autoreload E:\Programing\django_projects\emilys_luxury\apps\Payment\Tasks\order_tasks.py changed, reloading.
INFO 2024-08-04 17:58:43,525 autoreload Watching for file changes with StatReloader
INFO 2024-08-04 17:58:52,354 autoreload E:\Programing\django_projects\emilys_luxury\apps\Payment\Tasks\order_tasks.py changed, reloading.
INFO 2024-08-04 17:58:53,431 autoreload Watching for file changes with StatReloader
INFO 2024-08-04 17:59:01,279 autoreload E:\Programing\django_projects\emilys_luxury\apps\Payment\Tasks\order_tasks.py changed, reloading.
INFO 2024-08-04 17:59:02,377 autoreload Watching for file changes with StatReloader
INFO 2024-08-04 17:59:08,067 autoreload E:\Programing\django_projects\emilys_luxury\apps\Payment\Tasks\order_tasks.py changed, reloading.
INFO 2024-08-04 17:59:09,132 autoreload Watching for file changes with StatReloader
INFO 2024-08-04 17:59:10,499 autoreload E:\Programing\django_projects\emilys_luxury\apps\Payment\Tasks\order_tasks.py changed, reloading.
INFO 2024-08-04 17:59:11,686 autoreload Watching for file changes with StatReloader
INFO 2024-08-04 17:59:18,402 autoreload E:\Programing\django_projects\emilys_luxury\apps\Payment\Tasks\order_tasks.py changed, reloading.
INFO 2024-08-04 17:59:19,487 autoreload Watching for file changes with StatReloader
INFO 2024-08-04 17:59:21,199 autoreload E:\Programing\django_projects\emilys_luxury\apps\Payment\Tasks\order_tasks.py changed, reloading.
INFO 2024-08-04 17:59:22,271 autoreload Watching for file changes with StatReloader
INFO 2024-08-04 18:00:24,163 autoreload E:\Programing\django_projects\emilys_luxury\apps\Payment\Tasks\order_tasks.py changed, reloading.
INFO 2024-08-04 18:00:25,387 autoreload Watching for file changes with StatReloader
INFO 2024-08-04 18:00:30,398 autoreload E:\Programing\django_projects\emilys_luxury\apps\Payment\Tasks\order_tasks.py changed, reloading.
INFO 2024-08-04 18:00:31,519 autoreload Watching for file changes with StatReloader
INFO 2024-08-04 18:00:35,358 autoreload E:\Programing\django_projects\emilys_luxury\apps\Payment\Tasks\order_tasks.py changed, reloading.
INFO 2024-08-04 18:00:36,463 autoreload Watching for file changes with StatReloader
INFO 2024-08-04 18:00:43,486 autoreload E:\Programing\django_projects\emilys_luxury\apps\Payment\Tasks\order_tasks.py changed, reloading.
INFO 2024-08-04 18:00:44,621 autoreload Watching for file changes with StatReloader
INFO 2024-08-04 18:00:50,761 autoreload E:\Programing\django_projects\emilys_luxury\apps\Payment\Tasks\order_tasks.py changed, reloading.
INFO 2024-08-04 18:00:51,863 autoreload Watching for file changes with StatReloader
INFO 2024-08-04 18:00:53,586 autoreload E:\Programing\django_projects\emilys_luxury\apps\Payment\Tasks\order_tasks.py changed, reloading.
INFO 2024-08-04 18:00:54,603 autoreload Watching for file changes with StatReloader
INFO 2024-08-04 18:01:26,327 autoreload E:\Programing\django_projects\emilys_luxury\apps\Payment\Tasks\order_tasks.py changed, reloading.
INFO 2024-08-04 18:01:27,430 autoreload Watching for file changes with StatReloader
INFO 2024-08-04 18:01:37,696 autoreload E:\Programing\django_projects\emilys_luxury\apps\Payment\Tasks\order_tasks.py changed, reloading.
INFO 2024-08-04 18:01:39,014 autoreload Watching for file changes with StatReloader
INFO 2024-08-04 18:01:40,780 autoreload E:\Programing\django_projects\emilys_luxury\apps\Payment\Tasks\order_tasks.py changed, reloading.
INFO 2024-08-04 18:01:41,899 autoreload Watching for file changes with StatReloader
INFO 2024-08-04 18:02:32,976 autoreload E:\Programing\django_projects\emilys_luxury\apps\Payment\Tasks\order_tasks.py changed, reloading.
INFO 2024-08-04 18:02:34,048 autoreload Watching for file changes with StatReloader
INFO 2024-08-04 18:02:55,179 autoreload E:\Programing\django_projects\emilys_luxury\apps\Dresses\models.py changed, reloading.
INFO 2024-08-04 18:02:56,451 autoreload Watching for file changes with StatReloader
INFO 2024-08-04 18:03:16,708 autoreload Watching for file changes with StatReloader
WARNING 2024-08-04 18:03:39,964 log Unauthorized: /Payment/create/
WARNING 2024-08-04 18:03:39,965 basehttp "POST //Payment/create/ HTTP/1.1" 401 58
WARNING 2024-08-04 18:03:45,886 log Bad Request: /Payment/create/
WARNING 2024-08-04 18:03:45,887 basehttp "POST //Payment/create/ HTTP/1.1" 400 45
INFO 2024-08-04 18:03:57,586 basehttp "POST //orders/Order/?cart_uuid=046811da-3296-407a-bd3f-3642bbab35ac HTTP/1.1" 201 70
INFO 2024-08-04 18:04:12,725 basehttp "POST //Payment/create/ HTTP/1.1" 201 1060
INFO 2024-08-04 18:04:26,743 basehttp "GET /admin/investment/investmenter_dresses/6/change/ HTTP/1.1" 302 0
INFO 2024-08-04 18:04:26,848 basehttp "GET /admin/login/?next=/admin/investment/investmenter_dresses/6/change/ HTTP/1.1" 200 4252
INFO 2024-08-04 18:04:28,715 basehttp "POST /admin/login/?next=/admin/investment/investmenter_dresses/6/change/ HTTP/1.1" 302 0
INFO 2024-08-04 18:04:28,819 basehttp "GET /admin/investment/investmenter_dresses/6/change/ HTTP/1.1" 200 19852
INFO 2024-08-04 18:04:28,907 basehttp "GET /admin/jsi18n/ HTTP/1.1" 200 3342
INFO 2024-08-04 18:04:30,228 basehttp "GET /admin/Dresses/dresses/ HTTP/1.1" 200 25380
INFO 2024-08-04 18:04:30,329 basehttp "GET /admin/jsi18n/ HTTP/1.1" 200 3342
INFO 2024-08-04 18:04:30,439 basehttp "GET /static/admin/img/search.svg HTTP/1.1" 200 458
INFO 2024-08-04 18:04:30,464 basehttp "GET /static/admin/img/icon-no.svg HTTP/1.1" 200 560
INFO 2024-08-04 18:04:31,525 basehttp "GET /admin/Dresses/dresses/eebef2c8-6efc-4e1a-ad1c-4a841dd56306/change/ HTTP/1.1" 200 30993
INFO 2024-08-04 18:04:31,625 basehttp "GET /admin/jsi18n/ HTTP/1.1" 200 3342
INFO 2024-08-04 18:04:31,648 basehttp "GET /static/admin/js/inlines.js HTTP/1.1" 200 15526
INFO 2024-08-04 18:04:31,753 basehttp "GET /static/admin/img/inline-delete.svg HTTP/1.1" 200 560
INFO 2024-08-04 18:04:34,837 basehttp "GET /admin/Dresses/dresses/ HTTP/1.1" 200 25380
INFO 2024-08-04 18:04:40,351 basehttp "GET /Payment/callback?id=5ac71967-66b3-40aa-b1b0-e5d55c98275b&status=paid&amount=205000&message=APPROVED HTTP/1.1" 301 0
ERROR 2024-08-04 18:04:40,547 log Internal Server Error: /Payment/callback/
Traceback (most recent call last):
  File "E:\Programing\django_projects\emilys_luxury\venv\Lib\site-packages\django\core\handlers\exception.py", line 55, in inner
    response = get_response(request)
               ^^^^^^^^^^^^^^^^^^^^^
  File "E:\Programing\django_projects\emilys_luxury\venv\Lib\site-packages\django\core\handlers\base.py", line 197, in _get_response
    response = wrapped_callback(request, *callback_args, **callback_kwargs)
               ^^^^^^^^^^^^^^^^^^^^^^^^^^^^^^^^^^^^^^^^^^^^^^^^^^^^^^^^^^^^
  File "E:\Programing\django_projects\emilys_luxury\venv\Lib\site-packages\django\views\decorators\csrf.py", line 65, in _view_wrapper
    return view_func(request, *args, **kwargs)
           ^^^^^^^^^^^^^^^^^^^^^^^^^^^^^^^^^^^
  File "E:\Programing\django_projects\emilys_luxury\venv\Lib\site-packages\django\views\generic\base.py", line 104, in view
    return self.dispatch(request, *args, **kwargs)
           ^^^^^^^^^^^^^^^^^^^^^^^^^^^^^^^^^^^^^^^
  File "E:\Programing\django_projects\emilys_luxury\venv\Lib\site-packages\rest_framework\views.py", line 509, in dispatch
    response = self.handle_exception(exc)
               ^^^^^^^^^^^^^^^^^^^^^^^^^^
  File "E:\Programing\django_projects\emilys_luxury\venv\Lib\site-packages\rest_framework\views.py", line 469, in handle_exception
    self.raise_uncaught_exception(exc)
  File "E:\Programing\django_projects\emilys_luxury\venv\Lib\site-packages\rest_framework\views.py", line 480, in raise_uncaught_exception
    raise exc
  File "E:\Programing\django_projects\emilys_luxury\venv\Lib\site-packages\rest_framework\views.py", line 506, in dispatch
    response = handler(request, *args, **kwargs)
               ^^^^^^^^^^^^^^^^^^^^^^^^^^^^^^^^^
  File "E:\Programing\django_projects\emilys_luxury\apps\Payment\views.py", line 72, in get
    return pay_tasks.process_callback(request)
           ^^^^^^^^^^^^^^^^^^^^^^^^^^^^^^^^^^^
  File "E:\Programing\django_projects\emilys_luxury\apps\Payment\Tasks\pay_tasks.py", line 97, in process_callback
    investor_balance_tasks.update_investor_balance(Target_order)
  File "E:\Programing\django_projects\emilys_luxury\apps\Payment\Tasks\investor_balance_tasks.py", line 20, in update_investor_balance
    response_data , response_status = add_investor_balance(order_item )
                                      ^^^^^^^^^^^^^^^^^^^^^^^^^^^^^^^^^
  File "E:\Programing\django_projects\emilys_luxury\apps\Payment\Tasks\investor_balance_tasks.py", line 34, in add_investor_balance
    investor_Balance_object = selectors.get_investor_Balance_object(investor_details_object.user)
                                                                    ^^^^^^^^^^^^^^^^^^^^^^^^^^^^
AttributeError: 'NoneType' object has no attribute 'user'
ERROR 2024-08-04 18:04:40,550 basehttp "GET /Payment/callback/?id=5ac71967-66b3-40aa-b1b0-e5d55c98275b&status=paid&amount=205000&message=APPROVED HTTP/1.1" 500 117021
WARNING 2024-08-04 18:04:40,995 log Not Found: /favicon.ico
WARNING 2024-08-04 18:04:40,996 basehttp "GET /favicon.ico HTTP/1.1" 404 3330
INFO 2024-08-04 18:06:33,113 autoreload E:\Programing\django_projects\emilys_luxury\apps\Payment\db_services\selectors.py changed, reloading.
INFO 2024-08-04 18:06:34,450 autoreload Watching for file changes with StatReloader
INFO 2024-08-04 18:07:00,456 basehttp "GET /admin/orders/order/ HTTP/1.1" 200 17214
INFO 2024-08-04 18:07:00,554 basehttp "GET /admin/jsi18n/ HTTP/1.1" 200 3342
INFO 2024-08-04 18:07:03,872 basehttp "GET /admin/orders/order/52058aa0-a746-4154-8c68-996fc7ebee91/change/ HTTP/1.1" 200 21182
INFO 2024-08-04 18:07:03,953 basehttp "GET /admin/jsi18n/ HTTP/1.1" 200 3342
INFO 2024-08-04 18:07:12,897 basehttp "GET /admin/orders/orderitem/ HTTP/1.1" 200 17177
INFO 2024-08-04 18:07:12,975 basehttp "GET /admin/jsi18n/ HTTP/1.1" 200 3342
INFO 2024-08-04 18:07:14,421 basehttp "GET /admin/orders/orderitem/2e26e66e-eef3-4faf-89af-065c3ffc6945/change/ HTTP/1.1" 200 22814
INFO 2024-08-04 18:07:14,481 basehttp "GET /admin/jsi18n/ HTTP/1.1" 200 3342
INFO 2024-08-04 18:07:20,673 basehttp "GET /admin/orders/orderitem/ HTTP/1.1" 200 17177
INFO 2024-08-04 18:07:21,938 basehttp "GET /admin/orders/orderitem/9aa3f659-8b3f-4b31-8598-9ef68343d9d2/change/ HTTP/1.1" 200 22814
INFO 2024-08-04 18:07:22,041 basehttp "GET /admin/jsi18n/ HTTP/1.1" 200 3342
INFO 2024-08-04 18:08:59,620 autoreload E:\Programing\django_projects\emilys_luxury\apps\Payment\db_services\selectors.py changed, reloading.
INFO 2024-08-04 18:09:00,729 autoreload Watching for file changes with StatReloader
INFO 2024-08-04 18:09:12,089 autoreload E:\Programing\django_projects\emilys_luxury\apps\Payment\db_services\selectors.py changed, reloading.
INFO 2024-08-04 18:09:13,159 autoreload Watching for file changes with StatReloader
INFO 2024-08-04 18:09:14,934 autoreload E:\Programing\django_projects\emilys_luxury\apps\Payment\db_services\selectors.py changed, reloading.
INFO 2024-08-04 18:09:16,049 autoreload Watching for file changes with StatReloader
INFO 2024-08-04 18:09:29,326 basehttp "GET /admin/investment/investmenter_dresses/ HTTP/1.1" 200 18142
INFO 2024-08-04 18:09:29,405 basehttp "GET /admin/jsi18n/ HTTP/1.1" 200 3342
INFO 2024-08-04 18:09:30,687 basehttp "GET /admin/investment/investmenter_dresses/6/change/ HTTP/1.1" 200 19852
INFO 2024-08-04 18:09:30,803 basehttp "GET /admin/jsi18n/ HTTP/1.1" 200 3342
INFO 2024-08-04 18:09:33,577 basehttp "GET /admin/investment/investmenter_dresses/ HTTP/1.1" 200 18142
INFO 2024-08-04 18:09:34,624 basehttp "GET /admin/investment/investmenter_dresses/5/change/ HTTP/1.1" 200 19852
INFO 2024-08-04 18:09:34,710 basehttp "GET /admin/jsi18n/ HTTP/1.1" 200 3342
INFO 2024-08-04 18:09:35,964 basehttp "GET /admin/investment/investmenter_dresses/ HTTP/1.1" 200 18142
INFO 2024-08-04 18:09:36,949 basehttp "GET /admin/investment/investmenter_dresses/4/change/ HTTP/1.1" 200 19852
INFO 2024-08-04 18:09:37,034 basehttp "GET /admin/jsi18n/ HTTP/1.1" 200 3342
INFO 2024-08-04 18:09:38,550 basehttp "GET /admin/investment/investmenter_dresses/ HTTP/1.1" 200 18142
INFO 2024-08-04 18:09:39,584 basehttp "GET /admin/investment/investmenter_dresses/3/change/ HTTP/1.1" 200 19852
INFO 2024-08-04 18:09:39,659 basehttp "GET /admin/jsi18n/ HTTP/1.1" 200 3342
INFO 2024-08-04 18:09:41,060 basehttp "GET /admin/investment/investmenter_dresses/ HTTP/1.1" 200 18142
INFO 2024-08-04 18:09:42,125 basehttp "GET /admin/investment/investmenter_dresses/2/change/ HTTP/1.1" 200 19852
INFO 2024-08-04 18:09:42,214 basehttp "GET /admin/jsi18n/ HTTP/1.1" 200 3342
INFO 2024-08-04 18:09:44,185 basehttp "GET /admin/investment/investmenter_dresses/ HTTP/1.1" 200 18142
INFO 2024-08-04 18:11:54,013 basehttp "GET //Cart/get_cart_details/?cart_id=046811da-3296-407a-bd3f-3642bbab35ac HTTP/1.1" 200 452
INFO 2024-08-04 18:12:11,612 autoreload E:\Programing\django_projects\emilys_luxury\apps\Payment\db_services\selectors.py changed, reloading.
INFO 2024-08-04 18:12:12,959 autoreload Watching for file changes with StatReloader
INFO 2024-08-04 18:12:16,941 autoreload E:\Programing\django_projects\emilys_luxury\apps\Payment\db_services\selectors.py changed, reloading.
INFO 2024-08-04 18:12:18,089 autoreload Watching for file changes with StatReloader
INFO 2024-08-04 18:12:24,183 autoreload E:\Programing\django_projects\emilys_luxury\apps\Payment\db_services\selectors.py changed, reloading.
INFO 2024-08-04 18:12:25,265 autoreload Watching for file changes with StatReloader
INFO 2024-08-04 18:12:30,942 autoreload Watching for file changes with StatReloader
INFO 2024-08-04 18:12:42,429 basehttp "GET /Payment/callback?id=5ac71967-66b3-40aa-b1b0-e5d55c98275b&status=paid&amount=205000&message=APPROVED HTTP/1.1" 301 0
ERROR 2024-08-04 18:12:42,736 log Internal Server Error: /Payment/callback/
Traceback (most recent call last):
  File "E:\Programing\django_projects\emilys_luxury\venv\Lib\site-packages\django\core\handlers\exception.py", line 55, in inner
    response = get_response(request)
               ^^^^^^^^^^^^^^^^^^^^^
  File "E:\Programing\django_projects\emilys_luxury\venv\Lib\site-packages\django\core\handlers\base.py", line 197, in _get_response
    response = wrapped_callback(request, *callback_args, **callback_kwargs)
               ^^^^^^^^^^^^^^^^^^^^^^^^^^^^^^^^^^^^^^^^^^^^^^^^^^^^^^^^^^^^
  File "E:\Programing\django_projects\emilys_luxury\venv\Lib\site-packages\django\views\decorators\csrf.py", line 65, in _view_wrapper
    return view_func(request, *args, **kwargs)
           ^^^^^^^^^^^^^^^^^^^^^^^^^^^^^^^^^^^
  File "E:\Programing\django_projects\emilys_luxury\venv\Lib\site-packages\django\views\generic\base.py", line 104, in view
    return self.dispatch(request, *args, **kwargs)
           ^^^^^^^^^^^^^^^^^^^^^^^^^^^^^^^^^^^^^^^
  File "E:\Programing\django_projects\emilys_luxury\venv\Lib\site-packages\rest_framework\views.py", line 509, in dispatch
    response = self.handle_exception(exc)
               ^^^^^^^^^^^^^^^^^^^^^^^^^^
  File "E:\Programing\django_projects\emilys_luxury\venv\Lib\site-packages\rest_framework\views.py", line 469, in handle_exception
    self.raise_uncaught_exception(exc)
  File "E:\Programing\django_projects\emilys_luxury\venv\Lib\site-packages\rest_framework\views.py", line 480, in raise_uncaught_exception
    raise exc
  File "E:\Programing\django_projects\emilys_luxury\venv\Lib\site-packages\rest_framework\views.py", line 506, in dispatch
    response = handler(request, *args, **kwargs)
               ^^^^^^^^^^^^^^^^^^^^^^^^^^^^^^^^^
  File "E:\Programing\django_projects\emilys_luxury\apps\Payment\views.py", line 72, in get
    return pay_tasks.process_callback(request)
           ^^^^^^^^^^^^^^^^^^^^^^^^^^^^^^^^^^^
  File "E:\Programing\django_projects\emilys_luxury\apps\Payment\Tasks\pay_tasks.py", line 97, in process_callback
    investor_balance_tasks.update_investor_balance(Target_order)
  File "E:\Programing\django_projects\emilys_luxury\apps\Payment\Tasks\investor_balance_tasks.py", line 20, in update_investor_balance
    response_data , response_status = add_investor_balance(order_item )
                                      ^^^^^^^^^^^^^^^^^^^^^^^^^^^^^^^^^
  File "E:\Programing\django_projects\emilys_luxury\apps\Payment\Tasks\investor_balance_tasks.py", line 34, in add_investor_balance
    investor_Balance_object = selectors.get_investor_Balance_object(investor_details_object.user)
                                                                    ^^^^^^^^^^^^^^^^^^^^^^^^^^^^
AttributeError: 'NoneType' object has no attribute 'user'
ERROR 2024-08-04 18:12:42,740 basehttp "GET /Payment/callback/?id=5ac71967-66b3-40aa-b1b0-e5d55c98275b&status=paid&amount=205000&message=APPROVED HTTP/1.1" 500 117021
INFO 2024-08-04 18:14:45,737 autoreload E:\Programing\django_projects\emilys_luxury\apps\Payment\db_services\selectors.py changed, reloading.
INFO 2024-08-04 18:14:46,858 autoreload Watching for file changes with StatReloader
INFO 2024-08-04 18:14:51,835 autoreload E:\Programing\django_projects\emilys_luxury\apps\Payment\db_services\selectors.py changed, reloading.
INFO 2024-08-04 18:14:53,115 autoreload Watching for file changes with StatReloader
INFO 2024-08-04 18:15:09,937 autoreload E:\Programing\django_projects\emilys_luxury\apps\Payment\db_services\selectors.py changed, reloading.
INFO 2024-08-04 18:15:11,120 autoreload Watching for file changes with StatReloader
INFO 2024-08-04 18:15:22,231 basehttp "GET /admin/investment/investmenter_dresses/5/change/ HTTP/1.1" 200 19852
INFO 2024-08-04 18:15:22,299 basehttp "GET /admin/jsi18n/ HTTP/1.1" 200 3342
INFO 2024-08-04 18:15:32,808 autoreload Watching for file changes with StatReloader
INFO 2024-08-04 18:15:46,919 basehttp "GET /Payment/callback?id=5ac71967-66b3-40aa-b1b0-e5d55c98275b&status=paid&amount=205000&message=APPROVED HTTP/1.1" 301 0
ERROR 2024-08-04 18:15:47,186 log Internal Server Error: /Payment/callback/
Traceback (most recent call last):
  File "E:\Programing\django_projects\emilys_luxury\venv\Lib\site-packages\django\core\handlers\exception.py", line 55, in inner
    response = get_response(request)
               ^^^^^^^^^^^^^^^^^^^^^
  File "E:\Programing\django_projects\emilys_luxury\venv\Lib\site-packages\django\core\handlers\base.py", line 197, in _get_response
    response = wrapped_callback(request, *callback_args, **callback_kwargs)
               ^^^^^^^^^^^^^^^^^^^^^^^^^^^^^^^^^^^^^^^^^^^^^^^^^^^^^^^^^^^^
  File "E:\Programing\django_projects\emilys_luxury\venv\Lib\site-packages\django\views\decorators\csrf.py", line 65, in _view_wrapper
    return view_func(request, *args, **kwargs)
           ^^^^^^^^^^^^^^^^^^^^^^^^^^^^^^^^^^^
  File "E:\Programing\django_projects\emilys_luxury\venv\Lib\site-packages\django\views\generic\base.py", line 104, in view
    return self.dispatch(request, *args, **kwargs)
           ^^^^^^^^^^^^^^^^^^^^^^^^^^^^^^^^^^^^^^^
  File "E:\Programing\django_projects\emilys_luxury\venv\Lib\site-packages\rest_framework\views.py", line 509, in dispatch
    response = self.handle_exception(exc)
               ^^^^^^^^^^^^^^^^^^^^^^^^^^
  File "E:\Programing\django_projects\emilys_luxury\venv\Lib\site-packages\rest_framework\views.py", line 469, in handle_exception
    self.raise_uncaught_exception(exc)
  File "E:\Programing\django_projects\emilys_luxury\venv\Lib\site-packages\rest_framework\views.py", line 480, in raise_uncaught_exception
    raise exc
  File "E:\Programing\django_projects\emilys_luxury\venv\Lib\site-packages\rest_framework\views.py", line 506, in dispatch
    response = handler(request, *args, **kwargs)
               ^^^^^^^^^^^^^^^^^^^^^^^^^^^^^^^^^
  File "E:\Programing\django_projects\emilys_luxury\apps\Payment\views.py", line 72, in get
    return pay_tasks.process_callback(request)
           ^^^^^^^^^^^^^^^^^^^^^^^^^^^^^^^^^^^
  File "E:\Programing\django_projects\emilys_luxury\apps\Payment\Tasks\pay_tasks.py", line 97, in process_callback
    investor_balance_tasks.update_investor_balance(Target_order)
  File "E:\Programing\django_projects\emilys_luxury\apps\Payment\Tasks\investor_balance_tasks.py", line 20, in update_investor_balance
    response_data , response_status = add_investor_balance(order_item )
                                      ^^^^^^^^^^^^^^^^^^^^^^^^^^^^^^^^^
  File "E:\Programing\django_projects\emilys_luxury\apps\Payment\Tasks\investor_balance_tasks.py", line 34, in add_investor_balance
    investor_Balance_object = selectors.get_investor_Balance_object(investor_details_object.user)
                                                                    ^^^^^^^^^^^^^^^^^^^^^^^^^^^^
AttributeError: 'NoneType' object has no attribute 'user'
ERROR 2024-08-04 18:15:47,190 basehttp "GET /Payment/callback/?id=5ac71967-66b3-40aa-b1b0-e5d55c98275b&status=paid&amount=205000&message=APPROVED HTTP/1.1" 500 117021
INFO 2024-08-04 18:16:29,681 autoreload E:\Programing\django_projects\emilys_luxury\apps\Payment\db_services\selectors.py changed, reloading.
INFO 2024-08-04 18:16:31,078 autoreload Watching for file changes with StatReloader
INFO 2024-08-04 18:16:41,592 autoreload E:\Programing\django_projects\emilys_luxury\apps\Payment\Tasks\investor_balance_tasks.py changed, reloading.
INFO 2024-08-04 18:16:42,764 autoreload Watching for file changes with StatReloader
INFO 2024-08-04 18:17:06,039 autoreload E:\Programing\django_projects\emilys_luxury\apps\Payment\Tasks\investor_balance_tasks.py changed, reloading.
INFO 2024-08-04 18:17:07,159 autoreload Watching for file changes with StatReloader
INFO 2024-08-04 18:17:10,014 autoreload E:\Programing\django_projects\emilys_luxury\apps\Payment\Tasks\investor_balance_tasks.py changed, reloading.
INFO 2024-08-04 18:17:11,095 autoreload Watching for file changes with StatReloader
INFO 2024-08-04 18:18:28,140 autoreload Watching for file changes with StatReloader
INFO 2024-08-04 18:31:34,115 autoreload E:\Programing\django_projects\emilys_luxury\config\settings.py changed, reloading.
INFO 2024-08-04 18:31:35,516 autoreload Watching for file changes with StatReloader
INFO 2024-08-04 18:32:45,420 autoreload E:\Programing\django_projects\emilys_luxury\config\settings.py changed, reloading.
INFO 2024-08-04 18:32:46,581 autoreload Watching for file changes with StatReloader
INFO 2024-08-04 18:32:48,306 autoreload E:\Programing\django_projects\emilys_luxury\config\settings.py changed, reloading.
INFO 2024-08-04 18:32:49,680 autoreload Watching for file changes with StatReloader
INFO 2024-08-04 18:32:51,478 autoreload E:\Programing\django_projects\emilys_luxury\config\settings.py changed, reloading.
INFO 2024-08-04 18:32:52,712 autoreload Watching for file changes with StatReloader
INFO 2024-08-04 18:33:23,558 autoreload E:\Programing\django_projects\emilys_luxury\config\settings.py changed, reloading.
INFO 2024-08-04 18:33:24,899 autoreload Watching for file changes with StatReloader
INFO 2024-08-04 18:33:43,897 autoreload Watching for file changes with StatReloader
INFO 2024-08-04 18:34:04,436 basehttp "GET /Payment/callback?id=5ac71967-66b3-40aa-b1b0-e5d55c98275b&status=paid&amount=205000&message=APPROVED HTTP/1.1" 301 0
ERROR 2024-08-04 18:34:04,726 log Internal Server Error: /Payment/callback/
Traceback (most recent call last):
  File "E:\Programing\django_projects\emilys_luxury\venv\Lib\site-packages\django\core\handlers\exception.py", line 55, in inner
    response = get_response(request)
               ^^^^^^^^^^^^^^^^^^^^^
  File "E:\Programing\django_projects\emilys_luxury\venv\Lib\site-packages\django\core\handlers\base.py", line 197, in _get_response
    response = wrapped_callback(request, *callback_args, **callback_kwargs)
               ^^^^^^^^^^^^^^^^^^^^^^^^^^^^^^^^^^^^^^^^^^^^^^^^^^^^^^^^^^^^
  File "E:\Programing\django_projects\emilys_luxury\venv\Lib\site-packages\django\views\decorators\csrf.py", line 65, in _view_wrapper
    return view_func(request, *args, **kwargs)
           ^^^^^^^^^^^^^^^^^^^^^^^^^^^^^^^^^^^
  File "E:\Programing\django_projects\emilys_luxury\venv\Lib\site-packages\django\views\generic\base.py", line 104, in view
    return self.dispatch(request, *args, **kwargs)
           ^^^^^^^^^^^^^^^^^^^^^^^^^^^^^^^^^^^^^^^
  File "E:\Programing\django_projects\emilys_luxury\venv\Lib\site-packages\rest_framework\views.py", line 509, in dispatch
    response = self.handle_exception(exc)
               ^^^^^^^^^^^^^^^^^^^^^^^^^^
  File "E:\Programing\django_projects\emilys_luxury\venv\Lib\site-packages\rest_framework\views.py", line 469, in handle_exception
    self.raise_uncaught_exception(exc)
  File "E:\Programing\django_projects\emilys_luxury\venv\Lib\site-packages\rest_framework\views.py", line 480, in raise_uncaught_exception
    raise exc
  File "E:\Programing\django_projects\emilys_luxury\venv\Lib\site-packages\rest_framework\views.py", line 506, in dispatch
    response = handler(request, *args, **kwargs)
               ^^^^^^^^^^^^^^^^^^^^^^^^^^^^^^^^^
  File "E:\Programing\django_projects\emilys_luxury\apps\Payment\views.py", line 72, in get
    return pay_tasks.process_callback(request)
           ^^^^^^^^^^^^^^^^^^^^^^^^^^^^^^^^^^^
  File "E:\Programing\django_projects\emilys_luxury\apps\Payment\Tasks\pay_tasks.py", line 97, in process_callback
    investor_balance_tasks.update_investor_balance(Target_order)
  File "E:\Programing\django_projects\emilys_luxury\apps\Payment\Tasks\investor_balance_tasks.py", line 20, in update_investor_balance
    response_data , response_status = add_investor_balance(order_item )
                                      ^^^^^^^^^^^^^^^^^^^^^^^^^^^^^^^^^
  File "E:\Programing\django_projects\emilys_luxury\apps\Payment\Tasks\investor_balance_tasks.py", line 34, in add_investor_balance
    investor_Balance_object = selectors.get_investor_Balance_object(investor_details_object.user)
                                                                    ^^^^^^^^^^^^^^^^^^^^^^^^^^^^
AttributeError: 'NoneType' object has no attribute 'user'
ERROR 2024-08-04 18:34:04,729 basehttp "GET /Payment/callback/?id=5ac71967-66b3-40aa-b1b0-e5d55c98275b&status=paid&amount=205000&message=APPROVED HTTP/1.1" 500 117082
INFO 2024-08-04 18:34:23,580 autoreload E:\Programing\django_projects\emilys_luxury\apps\Payment\db_services\selectors.py changed, reloading.
INFO 2024-08-04 18:34:24,612 autoreload Watching for file changes with StatReloader
INFO 2024-08-04 18:34:27,450 autoreload E:\Programing\django_projects\emilys_luxury\apps\Payment\db_services\selectors.py changed, reloading.
INFO 2024-08-04 18:34:28,581 autoreload Watching for file changes with StatReloader
INFO 2024-08-04 18:34:31,436 autoreload E:\Programing\django_projects\emilys_luxury\apps\Payment\db_services\selectors.py changed, reloading.
INFO 2024-08-04 18:34:32,531 autoreload Watching for file changes with StatReloader
INFO 2024-08-04 18:34:37,824 autoreload Watching for file changes with StatReloader
INFO 2024-08-04 18:34:41,097 basehttp "GET /Payment/callback?id=5ac71967-66b3-40aa-b1b0-e5d55c98275b&status=paid&amount=205000&message=APPROVED HTTP/1.1" 301 0
ERROR 2024-08-04 18:34:41,398 log Internal Server Error: /Payment/callback/
Traceback (most recent call last):
  File "E:\Programing\django_projects\emilys_luxury\venv\Lib\site-packages\django\core\handlers\exception.py", line 55, in inner
    response = get_response(request)
               ^^^^^^^^^^^^^^^^^^^^^
  File "E:\Programing\django_projects\emilys_luxury\venv\Lib\site-packages\django\core\handlers\base.py", line 197, in _get_response
    response = wrapped_callback(request, *callback_args, **callback_kwargs)
               ^^^^^^^^^^^^^^^^^^^^^^^^^^^^^^^^^^^^^^^^^^^^^^^^^^^^^^^^^^^^
  File "E:\Programing\django_projects\emilys_luxury\venv\Lib\site-packages\django\views\decorators\csrf.py", line 65, in _view_wrapper
    return view_func(request, *args, **kwargs)
           ^^^^^^^^^^^^^^^^^^^^^^^^^^^^^^^^^^^
  File "E:\Programing\django_projects\emilys_luxury\venv\Lib\site-packages\django\views\generic\base.py", line 104, in view
    return self.dispatch(request, *args, **kwargs)
           ^^^^^^^^^^^^^^^^^^^^^^^^^^^^^^^^^^^^^^^
  File "E:\Programing\django_projects\emilys_luxury\venv\Lib\site-packages\rest_framework\views.py", line 509, in dispatch
    response = self.handle_exception(exc)
               ^^^^^^^^^^^^^^^^^^^^^^^^^^
  File "E:\Programing\django_projects\emilys_luxury\venv\Lib\site-packages\rest_framework\views.py", line 469, in handle_exception
    self.raise_uncaught_exception(exc)
  File "E:\Programing\django_projects\emilys_luxury\venv\Lib\site-packages\rest_framework\views.py", line 480, in raise_uncaught_exception
    raise exc
  File "E:\Programing\django_projects\emilys_luxury\venv\Lib\site-packages\rest_framework\views.py", line 506, in dispatch
    response = handler(request, *args, **kwargs)
               ^^^^^^^^^^^^^^^^^^^^^^^^^^^^^^^^^
  File "E:\Programing\django_projects\emilys_luxury\apps\Payment\views.py", line 72, in get
    return pay_tasks.process_callback(request)
           ^^^^^^^^^^^^^^^^^^^^^^^^^^^^^^^^^^^
  File "E:\Programing\django_projects\emilys_luxury\apps\Payment\Tasks\pay_tasks.py", line 97, in process_callback
    investor_balance_tasks.update_investor_balance(Target_order)
  File "E:\Programing\django_projects\emilys_luxury\apps\Payment\Tasks\investor_balance_tasks.py", line 20, in update_investor_balance
    response_data , response_status = add_investor_balance(order_item )
                                      ^^^^^^^^^^^^^^^^^^^^^^^^^^^^^^^^^
  File "E:\Programing\django_projects\emilys_luxury\apps\Payment\Tasks\investor_balance_tasks.py", line 34, in add_investor_balance
    investor_Balance_object = selectors.get_investor_Balance_object(investor_details_object.user)
                                                                    ^^^^^^^^^^^^^^^^^^^^^^^^^^^^
AttributeError: 'NoneType' object has no attribute 'user'
ERROR 2024-08-04 18:34:41,400 basehttp "GET /Payment/callback/?id=5ac71967-66b3-40aa-b1b0-e5d55c98275b&status=paid&amount=205000&message=APPROVED HTTP/1.1" 500 117082
INFO 2024-08-04 18:35:26,216 basehttp "GET /admin/Users/user/ HTTP/1.1" 200 20454
INFO 2024-08-04 18:35:26,361 basehttp "GET /admin/jsi18n/ HTTP/1.1" 200 3342
INFO 2024-08-04 18:35:26,541 basehttp "GET /static/admin/img/sorting-icons.svg HTTP/1.1" 200 1097
INFO 2024-08-04 18:35:28,472 basehttp "GET /admin/Users/user/5/change/ HTTP/1.1" 200 40765
INFO 2024-08-04 18:35:28,599 basehttp "GET /admin/jsi18n/ HTTP/1.1" 200 3342
INFO 2024-08-04 18:35:28,800 basehttp "GET /static/admin/img/icon-clock.svg HTTP/1.1" 200 677
INFO 2024-08-04 18:35:30,695 basehttp "GET /admin/Users/user/ HTTP/1.1" 200 20454
INFO 2024-08-04 18:35:32,984 basehttp "GET /admin/Users/user/5/change/ HTTP/1.1" 200 40765
INFO 2024-08-04 18:35:33,069 basehttp "GET /admin/jsi18n/ HTTP/1.1" 200 3342
INFO 2024-08-04 18:35:43,728 autoreload E:\Programing\django_projects\emilys_luxury\apps\Payment\db_services\selectors.py changed, reloading.
INFO 2024-08-04 18:35:44,817 autoreload Watching for file changes with StatReloader
INFO 2024-08-04 18:35:50,880 autoreload E:\Programing\django_projects\emilys_luxury\apps\Payment\db_services\selectors.py changed, reloading.
INFO 2024-08-04 18:35:52,119 autoreload Watching for file changes with StatReloader
INFO 2024-08-04 18:35:53,878 autoreload E:\Programing\django_projects\emilys_luxury\apps\Payment\db_services\selectors.py changed, reloading.
INFO 2024-08-04 18:35:54,944 autoreload Watching for file changes with StatReloader
INFO 2024-08-04 18:35:56,328 autoreload E:\Programing\django_projects\emilys_luxury\apps\Payment\db_services\selectors.py changed, reloading.
INFO 2024-08-04 18:35:57,581 autoreload Watching for file changes with StatReloader
INFO 2024-08-04 18:36:10,478 basehttp "GET /Payment/callback?id=5ac71967-66b3-40aa-b1b0-e5d55c98275b&status=paid&amount=205000&message=APPROVED HTTP/1.1" 301 0
ERROR 2024-08-04 18:36:10,787 log Internal Server Error: /Payment/callback/
Traceback (most recent call last):
  File "E:\Programing\django_projects\emilys_luxury\venv\Lib\site-packages\django\core\handlers\exception.py", line 55, in inner
    response = get_response(request)
               ^^^^^^^^^^^^^^^^^^^^^
  File "E:\Programing\django_projects\emilys_luxury\venv\Lib\site-packages\django\core\handlers\base.py", line 197, in _get_response
    response = wrapped_callback(request, *callback_args, **callback_kwargs)
               ^^^^^^^^^^^^^^^^^^^^^^^^^^^^^^^^^^^^^^^^^^^^^^^^^^^^^^^^^^^^
  File "E:\Programing\django_projects\emilys_luxury\venv\Lib\site-packages\django\views\decorators\csrf.py", line 65, in _view_wrapper
    return view_func(request, *args, **kwargs)
           ^^^^^^^^^^^^^^^^^^^^^^^^^^^^^^^^^^^
  File "E:\Programing\django_projects\emilys_luxury\venv\Lib\site-packages\django\views\generic\base.py", line 104, in view
    return self.dispatch(request, *args, **kwargs)
           ^^^^^^^^^^^^^^^^^^^^^^^^^^^^^^^^^^^^^^^
  File "E:\Programing\django_projects\emilys_luxury\venv\Lib\site-packages\rest_framework\views.py", line 509, in dispatch
    response = self.handle_exception(exc)
               ^^^^^^^^^^^^^^^^^^^^^^^^^^
  File "E:\Programing\django_projects\emilys_luxury\venv\Lib\site-packages\rest_framework\views.py", line 469, in handle_exception
    self.raise_uncaught_exception(exc)
  File "E:\Programing\django_projects\emilys_luxury\venv\Lib\site-packages\rest_framework\views.py", line 480, in raise_uncaught_exception
    raise exc
  File "E:\Programing\django_projects\emilys_luxury\venv\Lib\site-packages\rest_framework\views.py", line 506, in dispatch
    response = handler(request, *args, **kwargs)
               ^^^^^^^^^^^^^^^^^^^^^^^^^^^^^^^^^
  File "E:\Programing\django_projects\emilys_luxury\apps\Payment\views.py", line 72, in get
    return pay_tasks.process_callback(request)
           ^^^^^^^^^^^^^^^^^^^^^^^^^^^^^^^^^^^
  File "E:\Programing\django_projects\emilys_luxury\apps\Payment\Tasks\pay_tasks.py", line 97, in process_callback
    investor_balance_tasks.update_investor_balance(Target_order)
  File "E:\Programing\django_projects\emilys_luxury\apps\Payment\Tasks\investor_balance_tasks.py", line 20, in update_investor_balance
    response_data , response_status = add_investor_balance(order_item )
                                      ^^^^^^^^^^^^^^^^^^^^^^^^^^^^^^^^^
  File "E:\Programing\django_projects\emilys_luxury\apps\Payment\Tasks\investor_balance_tasks.py", line 34, in add_investor_balance
    investor_Balance_object = selectors.get_investor_Balance_object(investor_details_object.user)
                                                                    ^^^^^^^^^^^^^^^^^^^^^^^^^^^^
AttributeError: 'NoneType' object has no attribute 'user'
ERROR 2024-08-04 18:36:10,790 basehttp "GET /Payment/callback/?id=5ac71967-66b3-40aa-b1b0-e5d55c98275b&status=paid&amount=205000&message=APPROVED HTTP/1.1" 500 117082
INFO 2024-08-04 18:36:18,500 basehttp "GET /admin/investment/investmenter_details/ HTTP/1.1" 200 15469
INFO 2024-08-04 18:36:18,583 basehttp "GET /admin/jsi18n/ HTTP/1.1" 200 3342
INFO 2024-08-04 18:36:24,118 basehttp "GET /admin/investment/investmenter_details/add/ HTTP/1.1" 200 21370
INFO 2024-08-04 18:36:24,204 basehttp "GET /admin/jsi18n/ HTTP/1.1" 200 3342
INFO 2024-08-04 18:37:50,036 basehttp "POST /admin/investment/investmenter_details/add/ HTTP/1.1" 200 21661
INFO 2024-08-04 18:37:50,097 basehttp "GET /admin/jsi18n/ HTTP/1.1" 200 3342
INFO 2024-08-04 18:37:53,603 basehttp "POST /admin/investment/investmenter_details/add/ HTTP/1.1" 302 0
INFO 2024-08-04 18:37:53,630 basehttp "GET /admin/investment/investmenter_details/ HTTP/1.1" 200 17080
INFO 2024-08-04 18:37:53,688 basehttp "GET /admin/jsi18n/ HTTP/1.1" 200 3342
INFO 2024-08-04 18:38:06,508 basehttp "GET /Payment/callback?id=5ac71967-66b3-40aa-b1b0-e5d55c98275b&status=paid&amount=205000&message=APPROVED HTTP/1.1" 301 0
INFO 2024-08-04 18:38:06,917 basehttp "GET /Payment/callback/?id=5ac71967-66b3-40aa-b1b0-e5d55c98275b&status=paid&amount=205000&message=APPROVED HTTP/1.1" 200 7562
INFO 2024-08-04 18:38:07,092 basehttp "GET /static/rest_framework/css/bootstrap-tweaks.css HTTP/1.1" 200 3385
INFO 2024-08-04 18:38:07,095 basehttp "GET /static/rest_framework/css/bootstrap.min.css HTTP/1.1" 200 121457
INFO 2024-08-04 18:38:07,099 basehttp "GET /static/rest_framework/css/prettify.css HTTP/1.1" 200 817
INFO 2024-08-04 18:38:07,104 basehttp "GET /static/rest_framework/css/default.css HTTP/1.1" 200 1152
INFO 2024-08-04 18:38:07,126 basehttp "GET /static/rest_framework/js/ajax-form.js HTTP/1.1" 200 3597
INFO 2024-08-04 18:38:07,149 basehttp "GET /static/rest_framework/js/csrf.js HTTP/1.1" 200 1719
INFO 2024-08-04 18:38:07,158 basehttp "GET /static/rest_framework/js/jquery-3.5.1.min.js HTTP/1.1" 200 89476
INFO 2024-08-04 18:38:07,193 basehttp "GET /static/rest_framework/js/bootstrap.min.js HTTP/1.1" 200 39680
INFO 2024-08-04 18:38:07,204 basehttp "GET /static/rest_framework/js/prettify-min.js HTTP/1.1" 200 13632
INFO 2024-08-04 18:38:07,211 basehttp "GET /static/rest_framework/js/default.js HTTP/1.1" 200 1268
INFO 2024-08-04 18:38:07,213 basehttp "GET /static/rest_framework/img/grid.png HTTP/1.1" 200 1458
INFO 2024-08-04 18:38:07,447 basehttp "GET /static/rest_framework/js/ajax-form.js HTTP/1.1" 200 3597
INFO 2024-08-04 18:38:07,451 basehttp "GET /static/rest_framework/js/csrf.js HTTP/1.1" 200 1719
INFO 2024-08-04 18:38:07,454 basehttp "GET /static/rest_framework/js/jquery-3.5.1.min.js HTTP/1.1" 200 89476
INFO 2024-08-04 18:38:07,462 basehttp "GET /static/rest_framework/js/prettify-min.js HTTP/1.1" 200 13632
INFO 2024-08-04 18:38:07,462 basehttp "GET /static/rest_framework/js/bootstrap.min.js HTTP/1.1" 200 39680
INFO 2024-08-04 18:38:07,464 basehttp "GET /static/rest_framework/js/default.js HTTP/1.1" 200 1268
INFO 2024-08-04 18:38:11,241 basehttp "GET /admin/Dresses/dresses/ HTTP/1.1" 200 25380
INFO 2024-08-04 18:38:11,318 basehttp "GET /admin/jsi18n/ HTTP/1.1" 200 3342
INFO 2024-08-04 18:38:13,502 basehttp "GET /admin/Dresses/dresses/ee69276d-cefc-4dce-8b8d-6b7726c08865/change/ HTTP/1.1" 200 32622
INFO 2024-08-04 18:38:13,573 basehttp "GET /admin/jsi18n/ HTTP/1.1" 200 3342
INFO 2024-08-04 18:38:28,014 autoreload E:\Programing\django_projects\emilys_luxury\apps\Payment\db_services\selectors.py changed, reloading.
INFO 2024-08-04 18:38:29,451 autoreload Watching for file changes with StatReloader
INFO 2024-08-04 18:38:32,426 autoreload E:\Programing\django_projects\emilys_luxury\apps\Payment\Tasks\investor_balance_tasks.py changed, reloading.
INFO 2024-08-04 18:38:33,808 autoreload Watching for file changes with StatReloader
INFO 2024-08-04 18:39:09,363 basehttp "GET /Payment/callback?id=5ac71967-66b3-40aa-b1b0-e5d55c98275b&status=paid&amount=205000&message=APPROVED HTTP/1.1" 301 0
INFO 2024-08-04 18:39:09,676 basehttp "GET /Payment/callback/?id=5ac71967-66b3-40aa-b1b0-e5d55c98275b&status=paid&amount=205000&message=APPROVED HTTP/1.1" 200 7562
INFO 2024-08-04 18:39:11,966 basehttp "GET /admin/Dresses/dresses/ee69276d-cefc-4dce-8b8d-6b7726c08865/change/ HTTP/1.1" 200 32622
INFO 2024-08-04 18:39:12,094 basehttp "GET /admin/jsi18n/ HTTP/1.1" 200 3342
WARNING 2024-08-04 18:39:22,010 log Bad Request: /Payment/create/
WARNING 2024-08-04 18:39:22,011 basehttp "POST //Payment/create/ HTTP/1.1" 400 64
INFO 2024-08-04 18:40:44,369 autoreload E:\Programing\django_projects\emilys_luxury\apps\Dashboard\serializers\Investor_OutputSerializers.py changed, reloading.
INFO 2024-08-04 18:40:45,527 autoreload Watching for file changes with StatReloader
INFO 2024-08-04 18:40:47,322 autoreload E:\Programing\django_projects\emilys_luxury\apps\Dashboard\serializers\Investor_OutputSerializers.py changed, reloading.
INFO 2024-08-04 18:40:48,403 autoreload Watching for file changes with StatReloader
INFO 2024-08-04 18:40:59,795 autoreload E:\Programing\django_projects\emilys_luxury\apps\Dashboard\serializers\Investor_OutputSerializers.py changed, reloading.
INFO 2024-08-04 18:41:00,952 autoreload Watching for file changes with StatReloader
INFO 2024-08-04 18:41:15,001 basehttp "GET //Dashboard/investor/Get_investor_dresses/ HTTP/1.1" 200 1308
INFO 2024-08-04 18:41:33,183 autoreload E:\Programing\django_projects\emilys_luxury\apps\Dashboard\serializers\Investor_OutputSerializers.py changed, reloading.
INFO 2024-08-04 18:41:34,317 autoreload Watching for file changes with StatReloader
INFO 2024-08-04 18:42:55,713 autoreload E:\Programing\django_projects\emilys_luxury\apps\Dashboard\serializers\Investor_OutputSerializers.py changed, reloading.
INFO 2024-08-04 18:42:56,806 autoreload Watching for file changes with StatReloader
INFO 2024-08-04 18:42:58,710 autoreload E:\Programing\django_projects\emilys_luxury\apps\Dashboard\serializers\Investor_OutputSerializers.py changed, reloading.
INFO 2024-08-04 18:42:59,849 autoreload Watching for file changes with StatReloader
INFO 2024-08-04 18:43:01,232 autoreload E:\Programing\django_projects\emilys_luxury\apps\Dashboard\serializers\Investor_OutputSerializers.py changed, reloading.
INFO 2024-08-04 18:43:02,396 autoreload Watching for file changes with StatReloader
INFO 2024-08-04 18:43:06,324 autoreload E:\Programing\django_projects\emilys_luxury\apps\Dashboard\serializers\Investor_OutputSerializers.py changed, reloading.
INFO 2024-08-04 18:43:07,425 autoreload Watching for file changes with StatReloader
INFO 2024-08-04 18:43:08,817 autoreload E:\Programing\django_projects\emilys_luxury\apps\Dashboard\serializers\Investor_OutputSerializers.py changed, reloading.
INFO 2024-08-04 18:43:09,989 autoreload Watching for file changes with StatReloader
INFO 2024-08-04 18:43:13,534 autoreload E:\Programing\django_projects\emilys_luxury\apps\Dashboard\serializers\Investor_OutputSerializers.py changed, reloading.
INFO 2024-08-04 18:43:14,602 autoreload Watching for file changes with StatReloader
INFO 2024-08-04 18:43:16,306 autoreload E:\Programing\django_projects\emilys_luxury\apps\Dashboard\serializers\Investor_OutputSerializers.py changed, reloading.
INFO 2024-08-04 18:43:17,393 autoreload Watching for file changes with StatReloader
INFO 2024-08-04 18:43:42,928 autoreload E:\Programing\django_projects\emilys_luxury\apps\Dashboard\views\Rentner_views.py changed, reloading.
INFO 2024-08-04 18:43:44,134 autoreload Watching for file changes with StatReloader
INFO 2024-08-04 18:43:45,506 autoreload E:\Programing\django_projects\emilys_luxury\apps\Dashboard\views\Rentner_views.py changed, reloading.
INFO 2024-08-04 18:43:46,584 autoreload Watching for file changes with StatReloader
INFO 2024-08-04 18:44:04,015 autoreload E:\Programing\django_projects\emilys_luxury\apps\Users\views.py changed, reloading.
INFO 2024-08-04 18:44:05,335 autoreload Watching for file changes with StatReloader
INFO 2024-08-04 18:44:32,398 autoreload E:\Programing\django_projects\emilys_luxury\apps\Dashboard\views\Rentner_views.py changed, reloading.
INFO 2024-08-04 18:44:33,845 autoreload Watching for file changes with StatReloader
INFO 2024-08-04 18:44:35,300 autoreload E:\Programing\django_projects\emilys_luxury\apps\Dashboard\views\Rentner_views.py changed, reloading.
INFO 2024-08-04 18:44:36,656 autoreload Watching for file changes with StatReloader
INFO 2024-08-04 18:44:43,806 autoreload E:\Programing\django_projects\emilys_luxury\apps\Dashboard\views\Rentner_views.py changed, reloading.
INFO 2024-08-04 18:44:45,061 autoreload Watching for file changes with StatReloader
INFO 2024-08-04 18:44:50,085 autoreload E:\Programing\django_projects\emilys_luxury\apps\Dashboard\views\Rentner_views.py changed, reloading.
INFO 2024-08-04 18:44:51,175 autoreload Watching for file changes with StatReloader
INFO 2024-08-04 18:44:52,944 autoreload E:\Programing\django_projects\emilys_luxury\apps\Dashboard\views\Rentner_views.py changed, reloading.
INFO 2024-08-04 18:44:54,051 autoreload Watching for file changes with StatReloader
INFO 2024-08-04 18:45:00,143 autoreload E:\Programing\django_projects\emilys_luxury\apps\Dashboard\views\Rentner_views.py changed, reloading.
INFO 2024-08-04 18:45:01,253 autoreload Watching for file changes with StatReloader
INFO 2024-08-04 18:45:08,308 autoreload E:\Programing\django_projects\emilys_luxury\apps\Dashboard\views\Rentner_views.py changed, reloading.
INFO 2024-08-04 18:45:09,507 autoreload Watching for file changes with StatReloader
INFO 2024-08-04 18:45:12,325 autoreload E:\Programing\django_projects\emilys_luxury\apps\Dashboard\views\Rentner_views.py changed, reloading.
INFO 2024-08-04 18:45:13,404 autoreload Watching for file changes with StatReloader
INFO 2024-08-04 18:45:15,176 autoreload E:\Programing\django_projects\emilys_luxury\apps\Dashboard\views\Rentner_views.py changed, reloading.
INFO 2024-08-04 18:45:16,348 autoreload Watching for file changes with StatReloader
INFO 2024-08-04 18:45:26,927 autoreload E:\Programing\django_projects\emilys_luxury\apps\Dashboard\urls.py changed, reloading.
INFO 2024-08-04 18:45:28,043 autoreload Watching for file changes with StatReloader
INFO 2024-08-04 18:45:30,514 autoreload E:\Programing\django_projects\emilys_luxury\apps\Dashboard\urls.py changed, reloading.
INFO 2024-08-04 18:45:31,641 autoreload Watching for file changes with StatReloader
INFO 2024-08-04 18:45:35,191 autoreload E:\Programing\django_projects\emilys_luxury\apps\Dashboard\urls.py changed, reloading.
INFO 2024-08-04 18:45:36,308 autoreload Watching for file changes with StatReloader
WARNING 2024-08-04 18:45:56,146 log Not Found: /Dashboard/Renter/test/
WARNING 2024-08-04 18:45:56,146 basehttp "GET //Dashboard/Renter/test/ HTTP/1.1" 404 3583
ERROR 2024-08-04 18:46:06,434 log Internal Server Error: /Dashboard/renter/test/
Traceback (most recent call last):
  File "E:\Programing\django_projects\emilys_luxury\venv\Lib\site-packages\django\core\handlers\exception.py", line 55, in inner
    response = get_response(request)
               ^^^^^^^^^^^^^^^^^^^^^
  File "E:\Programing\django_projects\emilys_luxury\venv\Lib\site-packages\django\core\handlers\base.py", line 197, in _get_response
    response = wrapped_callback(request, *callback_args, **callback_kwargs)
               ^^^^^^^^^^^^^^^^^^^^^^^^^^^^^^^^^^^^^^^^^^^^^^^^^^^^^^^^^^^^
  File "E:\Programing\django_projects\emilys_luxury\venv\Lib\site-packages\django\views\decorators\csrf.py", line 65, in _view_wrapper
    return view_func(request, *args, **kwargs)
           ^^^^^^^^^^^^^^^^^^^^^^^^^^^^^^^^^^^
  File "E:\Programing\django_projects\emilys_luxury\venv\Lib\site-packages\django\views\generic\base.py", line 104, in view
    return self.dispatch(request, *args, **kwargs)
           ^^^^^^^^^^^^^^^^^^^^^^^^^^^^^^^^^^^^^^^
  File "E:\Programing\django_projects\emilys_luxury\venv\Lib\site-packages\rest_framework\views.py", line 511, in dispatch
    self.response = self.finalize_response(request, response, *args, **kwargs)
                    ^^^^^^^^^^^^^^^^^^^^^^^^^^^^^^^^^^^^^^^^^^^^^^^^^^^^^^^^^^
  File "E:\Programing\django_projects\emilys_luxury\venv\Lib\site-packages\rest_framework\views.py", line 423, in finalize_response
    assert isinstance(response, HttpResponseBase), (
           ^^^^^^^^^^^^^^^^^^^^^^^^^^^^^^^^^^^^^^
AssertionError: Expected a `Response`, `HttpResponse` or `HttpStreamingResponse` to be returned from the view, but received a `<class 'NoneType'>`
ERROR 2024-08-04 18:46:06,437 basehttp "GET //Dashboard/renter/test/ HTTP/1.1" 500 85772
INFO 2024-08-04 18:48:08,250 autoreload E:\Programing\django_projects\emilys_luxury\config\send_email_config.py changed, reloading.
INFO 2024-08-04 18:52:56,641 autoreload Watching for file changes with StatReloader
ERROR 2024-08-04 18:53:01,900 log Internal Server Error: /Dashboard/renter/test/
Traceback (most recent call last):
  File "E:\Programing\django_projects\emilys_luxury\venv\Lib\site-packages\django\core\handlers\exception.py", line 55, in inner
    response = get_response(request)
               ^^^^^^^^^^^^^^^^^^^^^
  File "E:\Programing\django_projects\emilys_luxury\venv\Lib\site-packages\django\core\handlers\base.py", line 197, in _get_response
    response = wrapped_callback(request, *callback_args, **callback_kwargs)
               ^^^^^^^^^^^^^^^^^^^^^^^^^^^^^^^^^^^^^^^^^^^^^^^^^^^^^^^^^^^^
  File "E:\Programing\django_projects\emilys_luxury\venv\Lib\site-packages\django\views\decorators\csrf.py", line 65, in _view_wrapper
    return view_func(request, *args, **kwargs)
           ^^^^^^^^^^^^^^^^^^^^^^^^^^^^^^^^^^^
  File "E:\Programing\django_projects\emilys_luxury\venv\Lib\site-packages\django\views\generic\base.py", line 104, in view
    return self.dispatch(request, *args, **kwargs)
           ^^^^^^^^^^^^^^^^^^^^^^^^^^^^^^^^^^^^^^^
  File "E:\Programing\django_projects\emilys_luxury\venv\Lib\site-packages\rest_framework\views.py", line 511, in dispatch
    self.response = self.finalize_response(request, response, *args, **kwargs)
                    ^^^^^^^^^^^^^^^^^^^^^^^^^^^^^^^^^^^^^^^^^^^^^^^^^^^^^^^^^^
  File "E:\Programing\django_projects\emilys_luxury\venv\Lib\site-packages\rest_framework\views.py", line 423, in finalize_response
    assert isinstance(response, HttpResponseBase), (
           ^^^^^^^^^^^^^^^^^^^^^^^^^^^^^^^^^^^^^^
AssertionError: Expected a `Response`, `HttpResponse` or `HttpStreamingResponse` to be returned from the view, but received a `<class 'NoneType'>`
ERROR 2024-08-04 18:53:01,903 basehttp "GET //Dashboard/renter/test/ HTTP/1.1" 500 86746
INFO 2024-08-04 18:53:16,130 autoreload E:\Programing\django_projects\emilys_luxury\apps\Dashboard\urls.py changed, reloading.
INFO 2024-08-04 18:53:17,649 autoreload Watching for file changes with StatReloader
INFO 2024-08-04 18:53:20,620 autoreload E:\Programing\django_projects\emilys_luxury\apps\Dashboard\views\Rentner_views.py changed, reloading.
INFO 2024-08-04 18:53:21,967 autoreload Watching for file changes with StatReloader
INFO 2024-08-05 00:21:00,479 autoreload Watching for file changes with StatReloader
INFO 2024-08-05 00:22:08,327 autoreload E:\Programing\django_projects\emilys_luxury\apps\Payment\urls.py changed, reloading.
INFO 2024-08-05 00:22:11,881 autoreload Watching for file changes with StatReloader
WARNING 2024-08-05 00:23:44,853 log Bad Request: /investment/InvestmentViewSet/
WARNING 2024-08-05 00:23:44,854 basehttp "POST //investment/InvestmentViewSet/ HTTP/1.1" 400 384
WARNING 2024-08-05 00:23:57,590 log Not Found: /
WARNING 2024-08-05 00:23:57,590 basehttp "GET / HTTP/1.1" 404 3279
INFO 2024-08-05 00:24:01,591 basehttp "GET /admin/ HTTP/1.1" 302 0
INFO 2024-08-05 00:24:01,665 basehttp "GET /admin/login/?next=/admin/ HTTP/1.1" 200 4170
INFO 2024-08-05 00:24:04,197 basehttp "POST /admin/login/?next=/admin/ HTTP/1.1" 302 0
INFO 2024-08-05 00:24:04,282 basehttp "GET /admin/ HTTP/1.1" 200 20554
INFO 2024-08-05 00:24:04,484 basehttp "GET /static/admin/css/dashboard.css HTTP/1.1" 200 441
INFO 2024-08-05 00:24:04,505 basehttp "GET /static/admin/img/icon-deletelink.svg HTTP/1.1" 200 392
INFO 2024-08-05 00:24:51,320 basehttp "GET /admin/investment/investmenter_details/ HTTP/1.1" 200 16825
INFO 2024-08-05 00:24:51,528 basehttp "GET /admin/jsi18n/ HTTP/1.1" 200 3342
INFO 2024-08-05 00:24:53,537 basehttp "GET /admin/investment/investmenter_details/5/change/ HTTP/1.1" 200 21797
INFO 2024-08-05 00:24:53,706 basehttp "GET /admin/jsi18n/ HTTP/1.1" 200 3342
INFO 2024-08-05 00:28:05,864 autoreload E:\Programing\django_projects\emilys_luxury\apps\Payment\Tasks\payout_tasks.py changed, reloading.
INFO 2024-08-05 00:28:08,583 autoreload Watching for file changes with StatReloader
INFO 2024-08-05 00:28:13,296 autoreload E:\Programing\django_projects\emilys_luxury\apps\Payment\Tasks\payout_tasks.py changed, reloading.
INFO 2024-08-05 00:28:16,102 autoreload Watching for file changes with StatReloader
INFO 2024-08-05 00:28:19,166 autoreload E:\Programing\django_projects\emilys_luxury\apps\Payment\Tasks\payout_tasks.py changed, reloading.
INFO 2024-08-05 00:28:21,493 autoreload Watching for file changes with StatReloader
INFO 2024-08-05 00:28:25,487 autoreload E:\Programing\django_projects\emilys_luxury\apps\Payment\Tasks\payout_tasks.py changed, reloading.
INFO 2024-08-05 00:28:27,449 autoreload Watching for file changes with StatReloader
INFO 2024-08-05 00:28:30,316 autoreload E:\Programing\django_projects\emilys_luxury\apps\Payment\Tasks\payout_tasks.py changed, reloading.
INFO 2024-08-05 00:28:32,817 autoreload Watching for file changes with StatReloader
INFO 2024-08-05 00:28:39,756 autoreload E:\Programing\django_projects\emilys_luxury\apps\Payment\Tasks\payout_tasks.py changed, reloading.
INFO 2024-08-05 00:28:41,727 autoreload Watching for file changes with StatReloader
INFO 2024-08-05 00:28:44,629 autoreload E:\Programing\django_projects\emilys_luxury\apps\Payment\Tasks\payout_tasks.py changed, reloading.
INFO 2024-08-05 00:28:46,998 autoreload Watching for file changes with StatReloader
INFO 2024-08-05 00:28:49,543 autoreload E:\Programing\django_projects\emilys_luxury\apps\Payment\Tasks\payout_tasks.py changed, reloading.
INFO 2024-08-05 00:28:52,082 autoreload Watching for file changes with StatReloader
WARNING 2024-08-05 00:29:50,736 log Bad Request: /investment/InvestmentViewSet/
WARNING 2024-08-05 00:29:50,737 basehttp "POST //investment/InvestmentViewSet/ HTTP/1.1" 400 384
INFO 2024-08-05 00:32:16,375 autoreload E:\Programing\django_projects\emilys_luxury\apps\Payment\Tasks\payout_tasks.py changed, reloading.
INFO 2024-08-05 00:32:19,306 autoreload Watching for file changes with StatReloader
INFO 2024-08-05 00:32:22,113 autoreload E:\Programing\django_projects\emilys_luxury\apps\Payment\Tasks\payout_tasks.py changed, reloading.
INFO 2024-08-05 00:32:24,673 autoreload Watching for file changes with StatReloader
INFO 2024-08-05 00:32:28,023 autoreload E:\Programing\django_projects\emilys_luxury\apps\Payment\Tasks\payout_tasks.py changed, reloading.
INFO 2024-08-05 00:32:30,286 autoreload Watching for file changes with StatReloader
INFO 2024-08-05 00:34:34,437 autoreload E:\Programing\django_projects\emilys_luxury\apps\investment\Tasks\register_beneficiary_tasks.py changed, reloading.
INFO 2024-08-05 00:34:36,487 autoreload Watching for file changes with StatReloader
INFO 2024-08-05 00:34:38,538 autoreload E:\Programing\django_projects\emilys_luxury\apps\investment\Tasks\register_beneficiary_tasks.py changed, reloading.
INFO 2024-08-05 00:34:40,279 autoreload Watching for file changes with StatReloader
INFO 2024-08-05 00:34:41,913 autoreload E:\Programing\django_projects\emilys_luxury\apps\investment\Tasks\register_beneficiary_tasks.py changed, reloading.
INFO 2024-08-05 00:34:43,547 autoreload Watching for file changes with StatReloader
INFO 2024-08-05 00:34:47,232 autoreload E:\Programing\django_projects\emilys_luxury\apps\investment\Tasks\register_beneficiary_tasks.py changed, reloading.
INFO 2024-08-05 00:34:49,116 autoreload Watching for file changes with StatReloader
INFO 2024-08-05 00:34:51,834 autoreload E:\Programing\django_projects\emilys_luxury\apps\investment\Tasks\register_beneficiary_tasks.py changed, reloading.
INFO 2024-08-05 00:34:53,683 autoreload Watching for file changes with StatReloader
INFO 2024-08-05 00:35:01,607 autoreload E:\Programing\django_projects\emilys_luxury\apps\investment\Tasks\register_beneficiary_tasks.py changed, reloading.
INFO 2024-08-05 00:35:04,397 autoreload Watching for file changes with StatReloader
INFO 2024-08-05 00:35:16,594 autoreload E:\Programing\django_projects\emilys_luxury\apps\investment\Tasks\register_beneficiary_tasks.py changed, reloading.
INFO 2024-08-05 00:35:19,640 autoreload Watching for file changes with StatReloader
INFO 2024-08-05 00:35:27,859 autoreload E:\Programing\django_projects\emilys_luxury\apps\investment\Tasks\register_beneficiary_tasks.py changed, reloading.
INFO 2024-08-05 00:35:30,822 autoreload Watching for file changes with StatReloader
INFO 2024-08-05 00:35:35,773 autoreload E:\Programing\django_projects\emilys_luxury\apps\investment\Tasks\register_beneficiary_tasks.py changed, reloading.
INFO 2024-08-05 00:35:37,940 autoreload Watching for file changes with StatReloader
INFO 2024-08-05 00:35:44,622 autoreload E:\Programing\django_projects\emilys_luxury\apps\investment\Tasks\register_beneficiary_tasks.py changed, reloading.
INFO 2024-08-05 00:35:46,889 autoreload Watching for file changes with StatReloader
INFO 2024-08-05 00:36:05,263 autoreload E:\Programing\django_projects\emilys_luxury\apps\investment\views.py changed, reloading.
INFO 2024-08-05 00:36:07,526 autoreload Watching for file changes with StatReloader
INFO 2024-08-05 00:37:24,598 autoreload E:\Programing\django_projects\emilys_luxury\apps\investment\Tasks\register_beneficiary_tasks.py changed, reloading.
INFO 2024-08-05 00:37:26,836 autoreload Watching for file changes with StatReloader
INFO 2024-08-05 00:37:33,234 autoreload E:\Programing\django_projects\emilys_luxury\apps\investment\views.py changed, reloading.
INFO 2024-08-05 00:37:35,987 autoreload Watching for file changes with StatReloader
INFO 2024-08-05 00:37:38,998 autoreload E:\Programing\django_projects\emilys_luxury\apps\investment\Tasks\register_beneficiary_tasks.py changed, reloading.
INFO 2024-08-05 00:37:41,305 autoreload Watching for file changes with StatReloader
INFO 2024-08-05 00:38:02,510 autoreload E:\Programing\django_projects\emilys_luxury\apps\investment\models.py changed, reloading.
INFO 2024-08-05 00:38:04,291 autoreload Watching for file changes with StatReloader
INFO 2024-08-05 00:38:38,487 autoreload E:\Programing\django_projects\emilys_luxury\apps\investment\models.py changed, reloading.
INFO 2024-08-05 00:38:40,448 autoreload Watching for file changes with StatReloader
INFO 2024-08-05 00:38:43,962 autoreload E:\Programing\django_projects\emilys_luxury\apps\investment\models.py changed, reloading.
INFO 2024-08-05 00:38:45,888 autoreload Watching for file changes with StatReloader
INFO 2024-08-05 00:39:58,602 autoreload Watching for file changes with StatReloader
INFO 2024-08-05 00:40:18,220 autoreload E:\Programing\django_projects\emilys_luxury\apps\investment\views.py changed, reloading.
INFO 2024-08-05 00:40:20,419 autoreload Watching for file changes with StatReloader
INFO 2024-08-05 00:40:23,722 autoreload E:\Programing\django_projects\emilys_luxury\apps\investment\views.py changed, reloading.
INFO 2024-08-05 00:40:25,451 autoreload Watching for file changes with StatReloader
ERROR 2024-08-05 00:40:34,739 log Internal Server Error: /investment/InvestmentViewSet/
Traceback (most recent call last):
  File "E:\Programing\django_projects\emilys_luxury\venv\Lib\site-packages\django\core\handlers\exception.py", line 55, in inner
    response = get_response(request)
               ^^^^^^^^^^^^^^^^^^^^^
  File "E:\Programing\django_projects\emilys_luxury\venv\Lib\site-packages\django\core\handlers\base.py", line 197, in _get_response
    response = wrapped_callback(request, *callback_args, **callback_kwargs)
               ^^^^^^^^^^^^^^^^^^^^^^^^^^^^^^^^^^^^^^^^^^^^^^^^^^^^^^^^^^^^
  File "E:\Programing\django_projects\emilys_luxury\venv\Lib\site-packages\django\views\decorators\csrf.py", line 65, in _view_wrapper
    return view_func(request, *args, **kwargs)
           ^^^^^^^^^^^^^^^^^^^^^^^^^^^^^^^^^^^
  File "E:\Programing\django_projects\emilys_luxury\venv\Lib\site-packages\django\views\generic\base.py", line 104, in view
    return self.dispatch(request, *args, **kwargs)
           ^^^^^^^^^^^^^^^^^^^^^^^^^^^^^^^^^^^^^^^
  File "E:\Programing\django_projects\emilys_luxury\venv\Lib\site-packages\rest_framework\views.py", line 509, in dispatch
    response = self.handle_exception(exc)
               ^^^^^^^^^^^^^^^^^^^^^^^^^^
  File "E:\Programing\django_projects\emilys_luxury\venv\Lib\site-packages\rest_framework\views.py", line 469, in handle_exception
    self.raise_uncaught_exception(exc)
  File "E:\Programing\django_projects\emilys_luxury\venv\Lib\site-packages\rest_framework\views.py", line 480, in raise_uncaught_exception
    raise exc
  File "E:\Programing\django_projects\emilys_luxury\venv\Lib\site-packages\rest_framework\views.py", line 506, in dispatch
    response = handler(request, *args, **kwargs)
               ^^^^^^^^^^^^^^^^^^^^^^^^^^^^^^^^^
  File "E:\Programing\django_projects\emilys_luxury\apps\investment\views.py", line 26, in post
    if serializer.is_valid():
       ^^^^^^^^^^^^^^^^^^^^^
  File "E:\Programing\django_projects\emilys_luxury\venv\Lib\site-packages\rest_framework\serializers.py", line 227, in is_valid
    self._validated_data = self.run_validation(self.initial_data)
                           ^^^^^^^^^^^^^^^^^^^^^^^^^^^^^^^^^^^^^^
  File "E:\Programing\django_projects\emilys_luxury\venv\Lib\site-packages\rest_framework\serializers.py", line 426, in run_validation
    value = self.to_internal_value(data)
            ^^^^^^^^^^^^^^^^^^^^^^^^^^^^
  File "E:\Programing\django_projects\emilys_luxury\venv\Lib\site-packages\rest_framework\serializers.py", line 479, in to_internal_value
    for field in fields:
  File "E:\Programing\django_projects\emilys_luxury\venv\Lib\site-packages\rest_framework\serializers.py", line 362, in _writable_fields
    for field in self.fields.values():
                 ^^^^^^^^^^^
  File "E:\Programing\django_projects\emilys_luxury\venv\Lib\site-packages\django\utils\functional.py", line 47, in __get__
    res = instance.__dict__[self.name] = self.func(instance)
                                         ^^^^^^^^^^^^^^^^^^^
  File "E:\Programing\django_projects\emilys_luxury\venv\Lib\site-packages\rest_framework\serializers.py", line 356, in fields
    for key, value in self.get_fields().items():
                      ^^^^^^^^^^^^^^^^^
  File "E:\Programing\django_projects\emilys_luxury\venv\Lib\site-packages\rest_framework\serializers.py", line 1076, in get_fields
    field_class, field_kwargs = self.build_field(
                                ^^^^^^^^^^^^^^^^^
  File "E:\Programing\django_projects\emilys_luxury\venv\Lib\site-packages\rest_framework\serializers.py", line 1222, in build_field
    return self.build_unknown_field(field_name, model_class)
           ^^^^^^^^^^^^^^^^^^^^^^^^^^^^^^^^^^^^^^^^^^^^^^^^^
  File "E:\Programing\django_projects\emilys_luxury\venv\Lib\site-packages\rest_framework\serializers.py", line 1340, in build_unknown_field
    raise ImproperlyConfigured(
django.core.exceptions.ImproperlyConfigured: Field name `credit_card_number` is not valid for model `investmenter_details`.
ERROR 2024-08-05 00:40:34,750 basehttp "POST //investment/InvestmentViewSet/ HTTP/1.1" 500 144468
INFO 2024-08-05 00:40:52,326 autoreload E:\Programing\django_projects\emilys_luxury\apps\investment\serializers.py changed, reloading.
INFO 2024-08-05 00:40:55,090 autoreload Watching for file changes with StatReloader
INFO 2024-08-05 00:40:58,178 autoreload E:\Programing\django_projects\emilys_luxury\apps\investment\serializers.py changed, reloading.
INFO 2024-08-05 00:41:00,378 autoreload Watching for file changes with StatReloader
INFO 2024-08-05 00:41:06,255 autoreload E:\Programing\django_projects\emilys_luxury\apps\investment\serializers.py changed, reloading.
INFO 2024-08-05 00:41:08,043 autoreload Watching for file changes with StatReloader
INFO 2024-08-05 00:41:15,097 autoreload E:\Programing\django_projects\emilys_luxury\apps\investment\serializers.py changed, reloading.
INFO 2024-08-05 00:41:18,008 autoreload Watching for file changes with StatReloader
INFO 2024-08-05 00:41:24,191 autoreload E:\Programing\django_projects\emilys_luxury\apps\investment\serializers.py changed, reloading.
INFO 2024-08-05 00:41:26,820 autoreload Watching for file changes with StatReloader
ERROR 2024-08-05 00:41:29,320 log Internal Server Error: /investment/InvestmentViewSet/
Traceback (most recent call last):
  File "E:\Programing\django_projects\emilys_luxury\venv\Lib\site-packages\django\core\handlers\exception.py", line 55, in inner
    response = get_response(request)
               ^^^^^^^^^^^^^^^^^^^^^
  File "E:\Programing\django_projects\emilys_luxury\venv\Lib\site-packages\django\core\handlers\base.py", line 197, in _get_response
    response = wrapped_callback(request, *callback_args, **callback_kwargs)
               ^^^^^^^^^^^^^^^^^^^^^^^^^^^^^^^^^^^^^^^^^^^^^^^^^^^^^^^^^^^^
  File "E:\Programing\django_projects\emilys_luxury\venv\Lib\site-packages\django\views\decorators\csrf.py", line 65, in _view_wrapper
    return view_func(request, *args, **kwargs)
           ^^^^^^^^^^^^^^^^^^^^^^^^^^^^^^^^^^^
  File "E:\Programing\django_projects\emilys_luxury\venv\Lib\site-packages\django\views\generic\base.py", line 104, in view
    return self.dispatch(request, *args, **kwargs)
           ^^^^^^^^^^^^^^^^^^^^^^^^^^^^^^^^^^^^^^^
  File "E:\Programing\django_projects\emilys_luxury\venv\Lib\site-packages\rest_framework\views.py", line 509, in dispatch
    response = self.handle_exception(exc)
               ^^^^^^^^^^^^^^^^^^^^^^^^^^
  File "E:\Programing\django_projects\emilys_luxury\venv\Lib\site-packages\rest_framework\views.py", line 469, in handle_exception
    self.raise_uncaught_exception(exc)
  File "E:\Programing\django_projects\emilys_luxury\venv\Lib\site-packages\rest_framework\views.py", line 480, in raise_uncaught_exception
    raise exc
  File "E:\Programing\django_projects\emilys_luxury\venv\Lib\site-packages\rest_framework\views.py", line 506, in dispatch
    response = handler(request, *args, **kwargs)
               ^^^^^^^^^^^^^^^^^^^^^^^^^^^^^^^^^
  File "E:\Programing\django_projects\emilys_luxury\apps\investment\views.py", line 26, in post
    if serializer.is_valid():
       ^^^^^^^^^^^^^^^^^^^^^
  File "E:\Programing\django_projects\emilys_luxury\venv\Lib\site-packages\rest_framework\serializers.py", line 227, in is_valid
    self._validated_data = self.run_validation(self.initial_data)
                           ^^^^^^^^^^^^^^^^^^^^^^^^^^^^^^^^^^^^^^
  File "E:\Programing\django_projects\emilys_luxury\venv\Lib\site-packages\rest_framework\serializers.py", line 426, in run_validation
    value = self.to_internal_value(data)
            ^^^^^^^^^^^^^^^^^^^^^^^^^^^^
  File "E:\Programing\django_projects\emilys_luxury\venv\Lib\site-packages\rest_framework\serializers.py", line 479, in to_internal_value
    for field in fields:
  File "E:\Programing\django_projects\emilys_luxury\venv\Lib\site-packages\rest_framework\serializers.py", line 362, in _writable_fields
    for field in self.fields.values():
                 ^^^^^^^^^^^
  File "E:\Programing\django_projects\emilys_luxury\venv\Lib\site-packages\django\utils\functional.py", line 47, in __get__
    res = instance.__dict__[self.name] = self.func(instance)
                                         ^^^^^^^^^^^^^^^^^^^
  File "E:\Programing\django_projects\emilys_luxury\venv\Lib\site-packages\rest_framework\serializers.py", line 356, in fields
    for key, value in self.get_fields().items():
                      ^^^^^^^^^^^^^^^^^
  File "E:\Programing\django_projects\emilys_luxury\venv\Lib\site-packages\rest_framework\serializers.py", line 1052, in get_fields
    field_names = self.get_field_names(declared_fields, info)
                  ^^^^^^^^^^^^^^^^^^^^^^^^^^^^^^^^^^^^^^^^^^^
  File "E:\Programing\django_projects\emilys_luxury\venv\Lib\site-packages\rest_framework\serializers.py", line 1148, in get_field_names
    assert field_name in fields, (
           ^^^^^^^^^^^^^^^^^^^^
AssertionError: The field 'iban' was declared on serializer AddInvestmentSerializer, but has not been included in the 'fields' option.
ERROR 2024-08-05 00:41:29,363 basehttp "POST //investment/InvestmentViewSet/ HTTP/1.1" 500 140209
INFO 2024-08-05 00:42:13,403 autoreload E:\Programing\django_projects\emilys_luxury\apps\investment\serializers.py changed, reloading.
INFO 2024-08-05 00:42:16,041 autoreload Watching for file changes with StatReloader
WARNING 2024-08-05 00:42:18,675 log Bad Request: /investment/InvestmentViewSet/
WARNING 2024-08-05 00:42:18,676 basehttp "POST //investment/InvestmentViewSet/ HTTP/1.1" 400 240
INFO 2024-08-05 00:42:41,980 autoreload E:\Programing\django_projects\emilys_luxury\apps\investment\Tasks\register_beneficiary_tasks.py changed, reloading.
INFO 2024-08-05 00:42:44,475 autoreload Watching for file changes with StatReloader
INFO 2024-08-05 00:43:52,426 autoreload E:\Programing\django_projects\emilys_luxury\apps\investment\Tasks\register_beneficiary_tasks.py changed, reloading.
INFO 2024-08-05 00:43:55,372 autoreload Watching for file changes with StatReloader
INFO 2024-08-05 00:44:05,958 autoreload E:\Programing\django_projects\emilys_luxury\apps\investment\Tasks\register_beneficiary_tasks.py changed, reloading.
INFO 2024-08-05 00:44:09,124 autoreload Watching for file changes with StatReloader
INFO 2024-08-05 00:44:12,157 autoreload E:\Programing\django_projects\emilys_luxury\apps\investment\Tasks\register_beneficiary_tasks.py changed, reloading.
INFO 2024-08-05 00:44:15,463 autoreload Watching for file changes with StatReloader
INFO 2024-08-05 00:44:20,009 autoreload E:\Programing\django_projects\emilys_luxury\apps\investment\Tasks\register_beneficiary_tasks.py changed, reloading.
INFO 2024-08-05 00:44:22,572 autoreload Watching for file changes with StatReloader
WARNING 2024-08-05 00:44:26,307 log Bad Request: /investment/InvestmentViewSet/
WARNING 2024-08-05 00:44:26,309 basehttp "POST //investment/InvestmentViewSet/ HTTP/1.1" 400 236
INFO 2024-08-05 00:44:58,599 autoreload E:\Programing\django_projects\emilys_luxury\apps\investment\Tasks\register_beneficiary_tasks.py changed, reloading.
INFO 2024-08-05 00:45:00,357 autoreload Watching for file changes with StatReloader
INFO 2024-08-05 00:45:02,804 autoreload E:\Programing\django_projects\emilys_luxury\apps\investment\Tasks\register_beneficiary_tasks.py changed, reloading.
INFO 2024-08-05 00:45:05,171 autoreload Watching for file changes with StatReloader
INFO 2024-08-05 00:45:07,830 autoreload E:\Programing\django_projects\emilys_luxury\apps\investment\Tasks\register_beneficiary_tasks.py changed, reloading.
INFO 2024-08-05 00:45:09,911 autoreload Watching for file changes with StatReloader
INFO 2024-08-05 00:45:14,056 autoreload E:\Programing\django_projects\emilys_luxury\apps\investment\serializers.py changed, reloading.
INFO 2024-08-05 00:45:16,773 autoreload Watching for file changes with StatReloader
INFO 2024-08-05 00:45:19,731 autoreload E:\Programing\django_projects\emilys_luxury\apps\investment\serializers.py changed, reloading.
INFO 2024-08-05 00:45:22,567 autoreload Watching for file changes with StatReloader
INFO 2024-08-05 00:45:44,136 autoreload Watching for file changes with StatReloader
INFO 2024-08-05 00:45:49,913 basehttp "GET /admin/investment/investmenter_details/5/delete/ HTTP/1.1" 200 15509
INFO 2024-08-05 00:45:50,736 basehttp "GET /static/admin/js/cancel.js HTTP/1.1" 200 884
INFO 2024-08-05 00:45:51,844 basehttp "POST /admin/investment/investmenter_details/5/delete/ HTTP/1.1" 302 0
INFO 2024-08-05 00:45:51,994 basehttp "GET /admin/investment/investmenter_details/ HTTP/1.1" 200 15663
INFO 2024-08-05 00:45:52,212 basehttp "GET /admin/jsi18n/ HTTP/1.1" 200 3342
WARNING 2024-08-05 00:45:57,010 log Bad Request: /investment/InvestmentViewSet/
WARNING 2024-08-05 00:45:57,011 basehttp "POST //investment/InvestmentViewSet/ HTTP/1.1" 400 63
WARNING 2024-08-05 00:46:02,592 log Bad Request: /investment/InvestmentViewSet/
WARNING 2024-08-05 00:46:02,593 basehttp "POST //investment/InvestmentViewSet/ HTTP/1.1" 400 191
INFO 2024-08-05 00:46:13,281 autoreload E:\Programing\django_projects\emilys_luxury\apps\investment\Tasks\register_beneficiary_tasks.py changed, reloading.
INFO 2024-08-05 00:46:15,393 autoreload Watching for file changes with StatReloader
INFO 2024-08-05 00:46:17,976 autoreload E:\Programing\django_projects\emilys_luxury\apps\investment\Tasks\register_beneficiary_tasks.py changed, reloading.
INFO 2024-08-05 00:46:20,376 autoreload Watching for file changes with StatReloader
INFO 2024-08-05 00:46:23,832 autoreload E:\Programing\django_projects\emilys_luxury\apps\investment\Tasks\register_beneficiary_tasks.py changed, reloading.
INFO 2024-08-05 00:46:26,739 autoreload Watching for file changes with StatReloader
WARNING 2024-08-05 00:46:29,942 log Bad Request: /investment/InvestmentViewSet/
WARNING 2024-08-05 00:46:29,942 basehttp "POST //investment/InvestmentViewSet/ HTTP/1.1" 400 190
INFO 2024-08-05 00:47:39,947 autoreload E:\Programing\django_projects\emilys_luxury\apps\investment\Tasks\register_beneficiary_tasks.py changed, reloading.
INFO 2024-08-05 00:47:42,863 autoreload Watching for file changes with StatReloader
INFO 2024-08-05 00:47:46,047 autoreload E:\Programing\django_projects\emilys_luxury\apps\investment\Tasks\register_beneficiary_tasks.py changed, reloading.
INFO 2024-08-05 00:47:48,339 autoreload Watching for file changes with StatReloader
WARNING 2024-08-05 00:47:50,303 log Bad Request: /investment/InvestmentViewSet/
WARNING 2024-08-05 00:47:50,304 basehttp "POST //investment/InvestmentViewSet/ HTTP/1.1" 400 294
INFO 2024-08-05 00:49:41,729 autoreload E:\Programing\django_projects\emilys_luxury\apps\investment\Tasks\register_beneficiary_tasks.py changed, reloading.
INFO 2024-08-05 00:49:44,642 autoreload Watching for file changes with StatReloader
WARNING 2024-08-05 00:49:46,825 log Bad Request: /investment/InvestmentViewSet/
WARNING 2024-08-05 00:49:46,826 basehttp "POST //investment/InvestmentViewSet/ HTTP/1.1" 400 199
INFO 2024-08-05 00:49:55,906 autoreload E:\Programing\django_projects\emilys_luxury\apps\investment\Tasks\register_beneficiary_tasks.py changed, reloading.
INFO 2024-08-05 00:49:58,760 autoreload Watching for file changes with StatReloader
INFO 2024-08-05 00:51:57,786 autoreload E:\Programing\django_projects\emilys_luxury\apps\investment\Tasks\register_beneficiary_tasks.py changed, reloading.
INFO 2024-08-05 00:52:00,396 autoreload Watching for file changes with StatReloader
WARNING 2024-08-05 00:52:04,255 log Bad Request: /investment/InvestmentViewSet/
WARNING 2024-08-05 00:52:04,256 basehttp "POST //investment/InvestmentViewSet/ HTTP/1.1" 400 190
INFO 2024-08-05 00:52:09,624 autoreload E:\Programing\django_projects\emilys_luxury\apps\investment\Tasks\register_beneficiary_tasks.py changed, reloading.
INFO 2024-08-05 00:52:11,473 autoreload Watching for file changes with StatReloader
INFO 2024-08-05 01:04:25,010 autoreload E:\Programing\django_projects\emilys_luxury\apps\investment\Tasks\register_beneficiary_tasks.py changed, reloading.
INFO 2024-08-05 01:04:26,903 autoreload Watching for file changes with StatReloader
INFO 2024-08-05 01:08:45,505 autoreload E:\Programing\django_projects\emilys_luxury\apps\investment\Tasks\register_beneficiary_tasks.py changed, reloading.
INFO 2024-08-05 01:08:47,821 autoreload Watching for file changes with StatReloader
INFO 2024-08-05 01:08:51,333 autoreload E:\Programing\django_projects\emilys_luxury\apps\investment\Tasks\register_beneficiary_tasks.py changed, reloading.
INFO 2024-08-05 01:08:54,590 autoreload Watching for file changes with StatReloader
INFO 2024-08-05 01:12:59,319 autoreload E:\Programing\django_projects\emilys_luxury\apps\investment\Tasks\register_beneficiary_tasks.py changed, reloading.
INFO 2024-08-05 01:13:01,892 autoreload Watching for file changes with StatReloader
INFO 2024-08-05 01:13:04,646 autoreload E:\Programing\django_projects\emilys_luxury\apps\investment\views.py changed, reloading.
INFO 2024-08-05 01:13:07,468 autoreload Watching for file changes with StatReloader
ERROR 2024-08-05 01:13:10,613 log Internal Server Error: /investment/InvestmentViewSet/
Traceback (most recent call last):
  File "E:\Programing\django_projects\emilys_luxury\venv\Lib\site-packages\django\utils\datastructures.py", line 84, in __getitem__
    list_ = super().__getitem__(key)
            ^^^^^^^^^^^^^^^^^^^^^^^^
KeyError: 'credit_card_number'

During handling of the above exception, another exception occurred:

Traceback (most recent call last):
  File "E:\Programing\django_projects\emilys_luxury\venv\Lib\site-packages\django\core\handlers\exception.py", line 55, in inner
    response = get_response(request)
               ^^^^^^^^^^^^^^^^^^^^^
  File "E:\Programing\django_projects\emilys_luxury\venv\Lib\site-packages\django\core\handlers\base.py", line 197, in _get_response
    response = wrapped_callback(request, *callback_args, **callback_kwargs)
               ^^^^^^^^^^^^^^^^^^^^^^^^^^^^^^^^^^^^^^^^^^^^^^^^^^^^^^^^^^^^
  File "E:\Programing\django_projects\emilys_luxury\venv\Lib\site-packages\django\views\decorators\csrf.py", line 65, in _view_wrapper
    return view_func(request, *args, **kwargs)
           ^^^^^^^^^^^^^^^^^^^^^^^^^^^^^^^^^^^
  File "E:\Programing\django_projects\emilys_luxury\venv\Lib\site-packages\django\views\generic\base.py", line 104, in view
    return self.dispatch(request, *args, **kwargs)
           ^^^^^^^^^^^^^^^^^^^^^^^^^^^^^^^^^^^^^^^
  File "E:\Programing\django_projects\emilys_luxury\venv\Lib\site-packages\rest_framework\views.py", line 509, in dispatch
    response = self.handle_exception(exc)
               ^^^^^^^^^^^^^^^^^^^^^^^^^^
  File "E:\Programing\django_projects\emilys_luxury\venv\Lib\site-packages\rest_framework\views.py", line 469, in handle_exception
    self.raise_uncaught_exception(exc)
  File "E:\Programing\django_projects\emilys_luxury\venv\Lib\site-packages\rest_framework\views.py", line 480, in raise_uncaught_exception
    raise exc
  File "E:\Programing\django_projects\emilys_luxury\venv\Lib\site-packages\rest_framework\views.py", line 506, in dispatch
    response = handler(request, *args, **kwargs)
               ^^^^^^^^^^^^^^^^^^^^^^^^^^^^^^^^^
  File "E:\Programing\django_projects\emilys_luxury\apps\investment\views.py", line 28, in post
    Response_data , beneficiary_details = register_beneficiary_tasks.register_beneficiary_account(data)
                                          ^^^^^^^^^^^^^^^^^^^^^^^^^^^^^^^^^^^^^^^^^^^^^^^^^^^^^^^^^^^^^
  File "E:\Programing\django_projects\emilys_luxury\apps\investment\Tasks\register_beneficiary_tasks.py", line 18, in register_beneficiary_account
    'number': data['credit_card_number'],
              ~~~~^^^^^^^^^^^^^^^^^^^^^^
  File "E:\Programing\django_projects\emilys_luxury\venv\Lib\site-packages\django\utils\datastructures.py", line 86, in __getitem__
    raise MultiValueDictKeyError(key)
django.utils.datastructures.MultiValueDictKeyError: 'credit_card_number'
ERROR 2024-08-05 01:13:10,621 basehttp "POST //investment/InvestmentViewSet/ HTTP/1.1" 500 115589
INFO 2024-08-05 01:13:37,964 autoreload E:\Programing\django_projects\emilys_luxury\apps\investment\Tasks\register_beneficiary_tasks.py changed, reloading.
INFO 2024-08-05 01:13:40,118 autoreload Watching for file changes with StatReloader
ERROR 2024-08-05 01:13:41,826 log Internal Server Error: /investment/InvestmentViewSet/
Traceback (most recent call last):
  File "E:\Programing\django_projects\emilys_luxury\venv\Lib\site-packages\django\utils\datastructures.py", line 84, in __getitem__
    list_ = super().__getitem__(key)
            ^^^^^^^^^^^^^^^^^^^^^^^^
KeyError: 'bank_name'

During handling of the above exception, another exception occurred:

Traceback (most recent call last):
  File "E:\Programing\django_projects\emilys_luxury\venv\Lib\site-packages\django\core\handlers\exception.py", line 55, in inner
    response = get_response(request)
               ^^^^^^^^^^^^^^^^^^^^^
  File "E:\Programing\django_projects\emilys_luxury\venv\Lib\site-packages\django\core\handlers\base.py", line 197, in _get_response
    response = wrapped_callback(request, *callback_args, **callback_kwargs)
               ^^^^^^^^^^^^^^^^^^^^^^^^^^^^^^^^^^^^^^^^^^^^^^^^^^^^^^^^^^^^
  File "E:\Programing\django_projects\emilys_luxury\venv\Lib\site-packages\django\views\decorators\csrf.py", line 65, in _view_wrapper
    return view_func(request, *args, **kwargs)
           ^^^^^^^^^^^^^^^^^^^^^^^^^^^^^^^^^^^
  File "E:\Programing\django_projects\emilys_luxury\venv\Lib\site-packages\django\views\generic\base.py", line 104, in view
    return self.dispatch(request, *args, **kwargs)
           ^^^^^^^^^^^^^^^^^^^^^^^^^^^^^^^^^^^^^^^
  File "E:\Programing\django_projects\emilys_luxury\venv\Lib\site-packages\rest_framework\views.py", line 509, in dispatch
    response = self.handle_exception(exc)
               ^^^^^^^^^^^^^^^^^^^^^^^^^^
  File "E:\Programing\django_projects\emilys_luxury\venv\Lib\site-packages\rest_framework\views.py", line 469, in handle_exception
    self.raise_uncaught_exception(exc)
  File "E:\Programing\django_projects\emilys_luxury\venv\Lib\site-packages\rest_framework\views.py", line 480, in raise_uncaught_exception
    raise exc
  File "E:\Programing\django_projects\emilys_luxury\venv\Lib\site-packages\rest_framework\views.py", line 506, in dispatch
    response = handler(request, *args, **kwargs)
               ^^^^^^^^^^^^^^^^^^^^^^^^^^^^^^^^^
  File "E:\Programing\django_projects\emilys_luxury\apps\investment\views.py", line 28, in post
    Response_data , beneficiary_details = register_beneficiary_tasks.register_beneficiary_account(data)
                                          ^^^^^^^^^^^^^^^^^^^^^^^^^^^^^^^^^^^^^^^^^^^^^^^^^^^^^^^^^^^^^
  File "E:\Programing\django_projects\emilys_luxury\apps\investment\Tasks\register_beneficiary_tasks.py", line 19, in register_beneficiary_account
    'bank_name': data['bank_name'],
                 ~~~~^^^^^^^^^^^^^
  File "E:\Programing\django_projects\emilys_luxury\venv\Lib\site-packages\django\utils\datastructures.py", line 86, in __getitem__
    raise MultiValueDictKeyError(key)
django.utils.datastructures.MultiValueDictKeyError: 'bank_name'
ERROR 2024-08-05 01:13:41,834 basehttp "POST //investment/InvestmentViewSet/ HTTP/1.1" 500 115502
INFO 2024-08-05 01:13:49,978 autoreload E:\Programing\django_projects\emilys_luxury\apps\investment\Tasks\register_beneficiary_tasks.py changed, reloading.
INFO 2024-08-05 01:13:52,325 autoreload Watching for file changes with StatReloader
WARNING 2024-08-05 01:13:54,159 log Bad Request: /investment/InvestmentViewSet/
WARNING 2024-08-05 01:13:54,160 basehttp "POST //investment/InvestmentViewSet/ HTTP/1.1" 400 384
INFO 2024-08-05 01:14:02,238 autoreload E:\Programing\django_projects\emilys_luxury\apps\investment\Tasks\register_beneficiary_tasks.py changed, reloading.
INFO 2024-08-05 01:14:04,672 autoreload Watching for file changes with StatReloader
INFO 2024-08-06 11:06:33,333 autoreload Watching for file changes with StatReloader
INFO 2024-08-06 11:07:03,289 basehttp "GET /admin/investment/investmenter_details/ HTTP/1.1" 302 0
INFO 2024-08-06 11:07:03,445 basehttp "GET /admin/login/?next=/admin/investment/investmenter_details/ HTTP/1.1" 200 4234
INFO 2024-08-06 11:07:03,788 basehttp "GET /static/admin/css/nav_sidebar.css HTTP/1.1" 200 2810
INFO 2024-08-06 11:07:03,791 basehttp "GET /static/admin/css/login.css HTTP/1.1" 200 958
INFO 2024-08-06 11:07:03,795 basehttp "GET /static/admin/js/nav_sidebar.js HTTP/1.1" 200 3063
INFO 2024-08-06 11:07:03,805 basehttp "GET /static/admin/css/responsive.css HTTP/1.1" 200 17905
INFO 2024-08-06 11:07:03,807 basehttp "GET /static/admin/css/dark_mode.css HTTP/1.1" 200 2682
INFO 2024-08-06 11:07:03,816 basehttp "GET /static/admin/js/theme.js HTTP/1.1" 200 1943
INFO 2024-08-06 11:07:03,817 basehttp "GET /static/admin/css/base.css HTTP/1.1" 200 21544
WARNING 2024-08-06 11:07:04,190 log Not Found: /favicon.ico
WARNING 2024-08-06 11:07:04,191 basehttp "GET /favicon.ico HTTP/1.1" 404 3330
INFO 2024-08-06 11:07:05,675 basehttp "POST /admin/login/?next=/admin/investment/investmenter_details/ HTTP/1.1" 302 0
INFO 2024-08-06 11:07:05,813 basehttp "GET /admin/investment/investmenter_details/ HTTP/1.1" 200 15469
INFO 2024-08-06 11:07:05,898 basehttp "GET /static/admin/js/jquery.init.js HTTP/1.1" 200 347
INFO 2024-08-06 11:07:05,900 basehttp "GET /static/admin/css/changelists.css HTTP/1.1" 200 6811
INFO 2024-08-06 11:07:05,902 basehttp "GET /static/admin/js/core.js HTTP/1.1" 200 6208
INFO 2024-08-06 11:07:05,905 basehttp "GET /static/admin/js/urlify.js HTTP/1.1" 200 7887
INFO 2024-08-06 11:07:05,908 basehttp "GET /static/admin/js/prepopulate.js HTTP/1.1" 200 1531
INFO 2024-08-06 11:07:05,920 basehttp "GET /static/admin/js/admin/RelatedObjectLookups.js HTTP/1.1" 200 9042
INFO 2024-08-06 11:07:05,924 basehttp "GET /static/admin/js/actions.js HTTP/1.1" 200 8067
INFO 2024-08-06 11:07:05,935 basehttp "GET /admin/jsi18n/ HTTP/1.1" 200 3342
INFO 2024-08-06 11:07:05,963 basehttp "GET /static/admin/js/vendor/jquery/jquery.js HTTP/1.1" 200 285314
INFO 2024-08-06 11:07:05,994 basehttp "GET /static/admin/js/filters.js HTTP/1.1" 200 978
INFO 2024-08-06 11:07:06,024 basehttp "GET /static/admin/js/vendor/xregexp/xregexp.js HTTP/1.1" 200 325171
INFO 2024-08-06 11:07:06,066 basehttp "GET /static/admin/img/icon-addlink.svg HTTP/1.1" 200 331
INFO 2024-08-06 11:07:06,068 basehttp "GET /static/admin/img/tooltag-add.svg HTTP/1.1" 200 331
INFO 2024-08-06 11:07:08,171 basehttp "GET /admin/investment/investmenter_details/ HTTP/1.1" 200 15469
INFO 2024-08-06 11:07:08,232 basehttp "GET /admin/jsi18n/ HTTP/1.1" 200 3342
INFO 2024-08-06 11:07:33,220 autoreload E:\Programing\django_projects\emilys_luxury\apps\investment\models.py changed, reloading.
INFO 2024-08-06 11:07:34,446 autoreload Watching for file changes with StatReloader
INFO 2024-08-06 11:08:19,886 autoreload Watching for file changes with StatReloader
WARNING 2024-08-06 11:09:08,036 log Bad Request: /investment/InvestmentViewSet/
WARNING 2024-08-06 11:09:08,037 basehttp "POST //investment/InvestmentViewSet/ HTTP/1.1" 400 190
WARNING 2024-08-06 11:10:15,935 log Bad Request: /investment/InvestmentViewSet/
WARNING 2024-08-06 11:10:15,935 basehttp "POST //investment/InvestmentViewSet/ HTTP/1.1" 400 205
WARNING 2024-08-06 11:11:31,948 log Bad Request: /investment/InvestmentViewSet/
WARNING 2024-08-06 11:11:31,948 basehttp "POST //investment/InvestmentViewSet/ HTTP/1.1" 400 384
INFO 2024-08-06 11:12:23,858 autoreload E:\Programing\django_projects\emilys_luxury\apps\investment\views.py changed, reloading.
INFO 2024-08-06 11:12:25,392 autoreload Watching for file changes with StatReloader
INFO 2024-08-06 11:12:27,165 autoreload E:\Programing\django_projects\emilys_luxury\apps\investment\views.py changed, reloading.
INFO 2024-08-06 11:12:28,260 autoreload Watching for file changes with StatReloader
INFO 2024-08-06 11:12:31,303 autoreload E:\Programing\django_projects\emilys_luxury\apps\investment\views.py changed, reloading.
INFO 2024-08-06 11:12:32,479 autoreload Watching for file changes with StatReloader
INFO 2024-08-06 11:12:37,457 autoreload E:\Programing\django_projects\emilys_luxury\apps\investment\views.py changed, reloading.
INFO 2024-08-06 11:12:38,540 autoreload Watching for file changes with StatReloader
INFO 2024-08-06 11:12:44,520 autoreload E:\Programing\django_projects\emilys_luxury\apps\investment\views.py changed, reloading.
INFO 2024-08-06 11:12:45,820 autoreload Watching for file changes with StatReloader
INFO 2024-08-06 11:12:49,760 autoreload E:\Programing\django_projects\emilys_luxury\apps\investment\views.py changed, reloading.
INFO 2024-08-06 11:12:50,906 autoreload Watching for file changes with StatReloader
INFO 2024-08-06 11:12:56,995 autoreload E:\Programing\django_projects\emilys_luxury\apps\investment\views.py changed, reloading.
INFO 2024-08-06 11:12:58,131 autoreload Watching for file changes with StatReloader
INFO 2024-08-06 11:13:02,016 autoreload E:\Programing\django_projects\emilys_luxury\apps\investment\views.py changed, reloading.
INFO 2024-08-06 11:13:03,145 autoreload Watching for file changes with StatReloader
INFO 2024-08-06 11:13:04,519 autoreload E:\Programing\django_projects\emilys_luxury\apps\investment\views.py changed, reloading.
INFO 2024-08-06 11:13:05,687 autoreload Watching for file changes with StatReloader
INFO 2024-08-06 11:13:07,014 autoreload E:\Programing\django_projects\emilys_luxury\apps\investment\views.py changed, reloading.
INFO 2024-08-06 11:13:08,096 autoreload Watching for file changes with StatReloader
INFO 2024-08-06 11:13:24,095 basehttp "GET //investment/get_payout_accounts HTTP/1.1" 301 0
WARNING 2024-08-06 11:13:24,101 log Method Not Allowed: /investment/get_payout_accounts/
WARNING 2024-08-06 11:13:24,101 basehttp "GET /investment/get_payout_accounts/ HTTP/1.1" 405 40
INFO 2024-08-06 11:13:35,837 autoreload E:\Programing\django_projects\emilys_luxury\apps\investment\views.py changed, reloading.
INFO 2024-08-06 11:13:37,184 autoreload Watching for file changes with StatReloader
INFO 2024-08-06 11:13:46,528 basehttp "GET //investment/get_payout_accounts HTTP/1.1" 301 0
WARNING 2024-08-06 11:13:47,748 log Bad Request: /investment/get_payout_accounts/
WARNING 2024-08-06 11:13:47,748 basehttp "GET /investment/get_payout_accounts/ HTTP/1.1" 400 299
INFO 2024-08-06 11:14:16,001 basehttp "GET /admin/investment/investmenter_details/add/ HTTP/1.1" 200 21370
INFO 2024-08-06 11:14:16,146 basehttp "GET /admin/jsi18n/ HTTP/1.1" 200 3342
INFO 2024-08-06 11:14:16,218 basehttp "GET /static/admin/css/forms.css HTTP/1.1" 200 9090
INFO 2024-08-06 11:14:16,233 basehttp "GET /static/admin/js/prepopulate_init.js HTTP/1.1" 200 586
INFO 2024-08-06 11:14:16,241 basehttp "GET /static/admin/css/widgets.css HTTP/1.1" 200 11800
INFO 2024-08-06 11:14:16,254 basehttp "GET /static/admin/img/icon-changelink.svg HTTP/1.1" 200 380
INFO 2024-08-06 11:14:16,270 basehttp "GET /static/admin/img/icon-viewlink.svg HTTP/1.1" 200 581
INFO 2024-08-06 11:14:16,279 basehttp "GET /static/admin/js/change_form.js HTTP/1.1" 200 606
INFO 2024-08-06 11:16:00,223 basehttp "POST /admin/investment/investmenter_details/add/ HTTP/1.1" 302 0
INFO 2024-08-06 11:16:00,307 basehttp "GET /admin/investment/investmenter_details/ HTTP/1.1" 200 17080
INFO 2024-08-06 11:16:00,414 basehttp "GET /admin/jsi18n/ HTTP/1.1" 200 3342
INFO 2024-08-06 11:16:00,468 basehttp "GET /static/admin/img/icon-yes.svg HTTP/1.1" 200 436
INFO 2024-08-06 11:16:45,984 autoreload E:\Programing\django_projects\emilys_luxury\apps\investment\views.py changed, reloading.
INFO 2024-08-06 11:16:47,201 autoreload Watching for file changes with StatReloader
WARNING 2024-08-06 11:17:40,278 log Bad Request: /Payment/transfer-balance/
WARNING 2024-08-06 11:17:40,279 basehttp "POST //Payment/transfer-balance/ HTTP/1.1" 400 196
INFO 2024-08-06 11:19:02,549 autoreload E:\Programing\django_projects\emilys_luxury\apps\Payment\Tasks\payout_tasks.py changed, reloading.
INFO 2024-08-06 11:19:03,630 autoreload Watching for file changes with StatReloader
INFO 2024-08-06 11:19:08,624 autoreload E:\Programing\django_projects\emilys_luxury\apps\Payment\Tasks\payout_tasks.py changed, reloading.
INFO 2024-08-06 11:19:09,858 autoreload Watching for file changes with StatReloader
INFO 2024-08-06 11:19:17,669 autoreload E:\Programing\django_projects\emilys_luxury\apps\Payment\Tasks\payout_tasks.py changed, reloading.
INFO 2024-08-06 11:19:18,960 autoreload Watching for file changes with StatReloader
INFO 2024-08-06 11:19:26,086 autoreload E:\Programing\django_projects\emilys_luxury\apps\Payment\Tasks\payout_tasks.py changed, reloading.
INFO 2024-08-06 11:19:27,136 autoreload Watching for file changes with StatReloader
INFO 2024-08-06 11:19:50,383 autoreload E:\Programing\django_projects\emilys_luxury\apps\Payment\Tasks\payout_tasks.py changed, reloading.
INFO 2024-08-06 11:19:51,755 autoreload Watching for file changes with StatReloader
INFO 2024-08-06 11:19:53,832 autoreload E:\Programing\django_projects\emilys_luxury\apps\Payment\Tasks\payout_tasks.py changed, reloading.
INFO 2024-08-06 11:19:55,372 autoreload Watching for file changes with StatReloader
INFO 2024-08-06 11:20:06,894 autoreload E:\Programing\django_projects\emilys_luxury\apps\Payment\Tasks\payout_tasks.py changed, reloading.
INFO 2024-08-06 11:20:08,039 autoreload Watching for file changes with StatReloader
INFO 2024-08-06 11:20:11,014 autoreload E:\Programing\django_projects\emilys_luxury\apps\Payment\Tasks\payout_tasks.py changed, reloading.
INFO 2024-08-06 11:20:12,104 autoreload Watching for file changes with StatReloader
INFO 2024-08-06 11:20:19,214 autoreload E:\Programing\django_projects\emilys_luxury\apps\Payment\Tasks\payout_tasks.py changed, reloading.
INFO 2024-08-06 11:20:20,340 autoreload Watching for file changes with StatReloader
INFO 2024-08-06 11:20:24,276 autoreload E:\Programing\django_projects\emilys_luxury\apps\Payment\Tasks\payout_tasks.py changed, reloading.
INFO 2024-08-06 11:20:25,383 autoreload Watching for file changes with StatReloader
INFO 2024-08-06 11:20:36,763 autoreload E:\Programing\django_projects\emilys_luxury\apps\Payment\Tasks\payout_tasks.py changed, reloading.
INFO 2024-08-06 11:20:37,916 autoreload Watching for file changes with StatReloader
WARNING 2024-08-06 11:20:55,787 log Bad Request: /Payment/transfer-balance/
WARNING 2024-08-06 11:20:55,788 basehttp "POST //Payment/transfer-balance/ HTTP/1.1" 400 196
INFO 2024-08-06 11:21:25,355 autoreload E:\Programing\django_projects\emilys_luxury\apps\Payment\Tasks\payout_tasks.py changed, reloading.
INFO 2024-08-06 11:21:26,455 autoreload Watching for file changes with StatReloader
WARNING 2024-08-06 11:22:15,483 log Bad Request: /Payment/transfer-balance/
WARNING 2024-08-06 11:22:15,484 basehttp "POST //Payment/transfer-balance/ HTTP/1.1" 400 116
INFO 2024-08-06 11:22:47,844 autoreload E:\Programing\django_projects\emilys_luxury\apps\Payment\Tasks\payout_tasks.py changed, reloading.
INFO 2024-08-06 11:22:48,996 autoreload Watching for file changes with StatReloader
INFO 2024-08-06 11:22:51,833 autoreload E:\Programing\django_projects\emilys_luxury\apps\Payment\Tasks\payout_tasks.py changed, reloading.
INFO 2024-08-06 11:22:52,856 autoreload Watching for file changes with StatReloader
INFO 2024-08-06 11:23:06,370 autoreload E:\Programing\django_projects\emilys_luxury\apps\Payment\Tasks\payout_tasks.py changed, reloading.
INFO 2024-08-06 11:23:07,455 autoreload Watching for file changes with StatReloader
INFO 2024-08-06 11:23:18,841 autoreload E:\Programing\django_projects\emilys_luxury\apps\Payment\Tasks\payout_tasks.py changed, reloading.
INFO 2024-08-06 11:23:19,972 autoreload Watching for file changes with StatReloader
WARNING 2024-08-06 11:23:24,488 log Bad Request: /Payment/transfer-balance/
WARNING 2024-08-06 11:23:24,489 basehttp "POST //Payment/transfer-balance/ HTTP/1.1" 400 116
INFO 2024-08-06 11:23:47,841 autoreload E:\Programing\django_projects\emilys_luxury\apps\investment\models.py changed, reloading.
INFO 2024-08-06 11:23:48,627 autoreload Watching for file changes with StatReloader
INFO 2024-08-06 11:23:49,922 autoreload E:\Programing\django_projects\emilys_luxury\apps\investment\models.py changed, reloading.
INFO 2024-08-06 11:23:51,043 autoreload Watching for file changes with StatReloader
INFO 2024-08-06 11:23:52,866 autoreload E:\Programing\django_projects\emilys_luxury\apps\investment\models.py changed, reloading.
INFO 2024-08-06 11:24:05,737 autoreload Watching for file changes with StatReloader
ERROR 2024-08-06 11:25:10,424 log Internal Server Error: /Payment/transfer-balance/
Traceback (most recent call last):
  File "E:\Programing\django_projects\emilys_luxury\venv\Lib\site-packages\urllib3\connection.py", line 196, in _new_conn
    sock = connection.create_connection(
           ^^^^^^^^^^^^^^^^^^^^^^^^^^^^^
  File "E:\Programing\django_projects\emilys_luxury\venv\Lib\site-packages\urllib3\util\connection.py", line 85, in create_connection
    raise err
  File "E:\Programing\django_projects\emilys_luxury\venv\Lib\site-packages\urllib3\util\connection.py", line 73, in create_connection
    sock.connect(sa)
TimeoutError: [WinError 10060] A connection attempt failed because the connected party did not properly respond after a period of time, or established connection failed because connected host has failed to respond

The above exception was the direct cause of the following exception:

Traceback (most recent call last):
  File "E:\Programing\django_projects\emilys_luxury\venv\Lib\site-packages\urllib3\connectionpool.py", line 789, in urlopen
    response = self._make_request(
               ^^^^^^^^^^^^^^^^^^^
  File "E:\Programing\django_projects\emilys_luxury\venv\Lib\site-packages\urllib3\connectionpool.py", line 490, in _make_request
    raise new_e
  File "E:\Programing\django_projects\emilys_luxury\venv\Lib\site-packages\urllib3\connectionpool.py", line 466, in _make_request
    self._validate_conn(conn)
  File "E:\Programing\django_projects\emilys_luxury\venv\Lib\site-packages\urllib3\connectionpool.py", line 1095, in _validate_conn
    conn.connect()
  File "E:\Programing\django_projects\emilys_luxury\venv\Lib\site-packages\urllib3\connection.py", line 615, in connect
    self.sock = sock = self._new_conn()
                       ^^^^^^^^^^^^^^^^
  File "E:\Programing\django_projects\emilys_luxury\venv\Lib\site-packages\urllib3\connection.py", line 205, in _new_conn
    raise ConnectTimeoutError(
urllib3.exceptions.ConnectTimeoutError: (<urllib3.connection.HTTPSConnection object at 0x000001F382C1BA10>, 'Connection to api.moyasar.com timed out. (connect timeout=None)')

The above exception was the direct cause of the following exception:

Traceback (most recent call last):
  File "E:\Programing\django_projects\emilys_luxury\venv\Lib\site-packages\requests\adapters.py", line 667, in send
    resp = conn.urlopen(
           ^^^^^^^^^^^^^
  File "E:\Programing\django_projects\emilys_luxury\venv\Lib\site-packages\urllib3\connectionpool.py", line 843, in urlopen
    retries = retries.increment(
              ^^^^^^^^^^^^^^^^^^
  File "E:\Programing\django_projects\emilys_luxury\venv\Lib\site-packages\urllib3\util\retry.py", line 519, in increment
    raise MaxRetryError(_pool, url, reason) from reason  # type: ignore[arg-type]
    ^^^^^^^^^^^^^^^^^^^^^^^^^^^^^^^^^^^^^^^^^^^^^^^^^^^
urllib3.exceptions.MaxRetryError: HTTPSConnectionPool(host='api.moyasar.com', port=443): Max retries exceeded with url: /v1/payouts (Caused by ConnectTimeoutError(<urllib3.connection.HTTPSConnection object at 0x000001F382C1BA10>, 'Connection to api.moyasar.com timed out. (connect timeout=None)'))

During handling of the above exception, another exception occurred:

Traceback (most recent call last):
  File "E:\Programing\django_projects\emilys_luxury\venv\Lib\site-packages\django\core\handlers\exception.py", line 55, in inner
    response = get_response(request)
               ^^^^^^^^^^^^^^^^^^^^^
  File "E:\Programing\django_projects\emilys_luxury\venv\Lib\site-packages\django\core\handlers\base.py", line 197, in _get_response
    response = wrapped_callback(request, *callback_args, **callback_kwargs)
               ^^^^^^^^^^^^^^^^^^^^^^^^^^^^^^^^^^^^^^^^^^^^^^^^^^^^^^^^^^^^
  File "E:\Programing\django_projects\emilys_luxury\venv\Lib\site-packages\django\views\decorators\csrf.py", line 65, in _view_wrapper
    return view_func(request, *args, **kwargs)
           ^^^^^^^^^^^^^^^^^^^^^^^^^^^^^^^^^^^
  File "E:\Programing\django_projects\emilys_luxury\venv\Lib\site-packages\django\views\generic\base.py", line 104, in view
    return self.dispatch(request, *args, **kwargs)
           ^^^^^^^^^^^^^^^^^^^^^^^^^^^^^^^^^^^^^^^
  File "E:\Programing\django_projects\emilys_luxury\venv\Lib\site-packages\rest_framework\views.py", line 509, in dispatch
    response = self.handle_exception(exc)
               ^^^^^^^^^^^^^^^^^^^^^^^^^^
  File "E:\Programing\django_projects\emilys_luxury\venv\Lib\site-packages\rest_framework\views.py", line 469, in handle_exception
    self.raise_uncaught_exception(exc)
  File "E:\Programing\django_projects\emilys_luxury\venv\Lib\site-packages\rest_framework\views.py", line 480, in raise_uncaught_exception
    raise exc
  File "E:\Programing\django_projects\emilys_luxury\venv\Lib\site-packages\rest_framework\views.py", line 506, in dispatch
    response = handler(request, *args, **kwargs)
               ^^^^^^^^^^^^^^^^^^^^^^^^^^^^^^^^^
  File "E:\Programing\django_projects\emilys_luxury\apps\Payment\views.py", line 60, in post
    response = payout_tasks.create_moyasar_payout(investor_details, investor_balance.curr_balance)
               ^^^^^^^^^^^^^^^^^^^^^^^^^^^^^^^^^^^^^^^^^^^^^^^^^^^^^^^^^^^^^^^^^^^^^^^^^^^^^^^^^^^
  File "E:\Programing\django_projects\emilys_luxury\apps\Payment\Tasks\payout_tasks.py", line 58, in create_moyasar_payout
    response = requests.post('https://api.moyasar.com/v1/payouts', json=payload, headers=headers)
               ^^^^^^^^^^^^^^^^^^^^^^^^^^^^^^^^^^^^^^^^^^^^^^^^^^^^^^^^^^^^^^^^^^^^^^^^^^^^^^^^^^
  File "E:\Programing\django_projects\emilys_luxury\venv\Lib\site-packages\requests\api.py", line 115, in post
    return request("post", url, data=data, json=json, **kwargs)
           ^^^^^^^^^^^^^^^^^^^^^^^^^^^^^^^^^^^^^^^^^^^^^^^^^^^^
  File "E:\Programing\django_projects\emilys_luxury\venv\Lib\site-packages\requests\api.py", line 59, in request
    return session.request(method=method, url=url, **kwargs)
           ^^^^^^^^^^^^^^^^^^^^^^^^^^^^^^^^^^^^^^^^^^^^^^^^^
  File "E:\Programing\django_projects\emilys_luxury\venv\Lib\site-packages\requests\sessions.py", line 589, in request
    resp = self.send(prep, **send_kwargs)
           ^^^^^^^^^^^^^^^^^^^^^^^^^^^^^^
  File "E:\Programing\django_projects\emilys_luxury\venv\Lib\site-packages\requests\sessions.py", line 703, in send
    r = adapter.send(request, **kwargs)
        ^^^^^^^^^^^^^^^^^^^^^^^^^^^^^^^
  File "E:\Programing\django_projects\emilys_luxury\venv\Lib\site-packages\requests\adapters.py", line 688, in send
    raise ConnectTimeout(e, request=request)
requests.exceptions.ConnectTimeout: HTTPSConnectionPool(host='api.moyasar.com', port=443): Max retries exceeded with url: /v1/payouts (Caused by ConnectTimeoutError(<urllib3.connection.HTTPSConnection object at 0x000001F382C1BA10>, 'Connection to api.moyasar.com timed out. (connect timeout=None)'))
ERROR 2024-08-06 11:25:10,431 basehttp "POST //Payment/transfer-balance/ HTTP/1.1" 500 211546
WARNING 2024-08-06 11:26:06,640 log Bad Request: /Payment/transfer-balance/
WARNING 2024-08-06 11:26:06,641 basehttp "POST //Payment/transfer-balance/ HTTP/1.1" 400 107
INFO 2024-08-06 11:29:52,191 autoreload E:\Programing\django_projects\emilys_luxury\apps\Payment\Tasks\payout_tasks.py changed, reloading.
INFO 2024-08-06 11:29:53,418 autoreload Watching for file changes with StatReloader
INFO 2024-08-06 11:29:54,828 autoreload E:\Programing\django_projects\emilys_luxury\apps\Payment\Tasks\payout_tasks.py changed, reloading.
INFO 2024-08-06 11:29:56,002 autoreload Watching for file changes with StatReloader
INFO 2024-08-06 11:29:59,533 autoreload E:\Programing\django_projects\emilys_luxury\apps\Payment\Tasks\payout_tasks.py changed, reloading.
INFO 2024-08-06 11:30:00,676 autoreload Watching for file changes with StatReloader
INFO 2024-08-06 11:30:02,428 autoreload E:\Programing\django_projects\emilys_luxury\apps\Payment\Tasks\payout_tasks.py changed, reloading.
INFO 2024-08-06 11:30:03,531 autoreload Watching for file changes with StatReloader
INFO 2024-08-06 11:30:05,308 autoreload E:\Programing\django_projects\emilys_luxury\apps\Payment\Tasks\payout_tasks.py changed, reloading.
INFO 2024-08-06 11:30:06,511 autoreload Watching for file changes with StatReloader
WARNING 2024-08-06 11:30:09,101 log Bad Request: /Payment/transfer-balance/
WARNING 2024-08-06 11:30:09,103 basehttp "POST //Payment/transfer-balance/ HTTP/1.1" 400 107
WARNING 2024-08-06 11:30:13,045 log Bad Request: /Payment/transfer-balance/
WARNING 2024-08-06 11:30:13,046 basehttp "POST //Payment/transfer-balance/ HTTP/1.1" 400 107
INFO 2024-08-06 11:33:11,688 autoreload E:\Programing\django_projects\emilys_luxury\apps\Payment\Tasks\payout_tasks.py changed, reloading.
INFO 2024-08-06 11:33:12,824 autoreload Watching for file changes with StatReloader
INFO 2024-08-06 11:35:43,456 autoreload E:\Programing\django_projects\emilys_luxury\apps\Payment\views.py changed, reloading.
INFO 2024-08-06 11:35:44,672 autoreload Watching for file changes with StatReloader
INFO 2024-08-06 11:35:46,545 autoreload E:\Programing\django_projects\emilys_luxury\apps\Payment\views.py changed, reloading.
INFO 2024-08-06 11:35:47,723 autoreload Watching for file changes with StatReloader
INFO 2024-08-06 11:35:49,102 autoreload E:\Programing\django_projects\emilys_luxury\apps\Payment\views.py changed, reloading.
INFO 2024-08-06 11:35:50,270 autoreload Watching for file changes with StatReloader
ERROR 2024-08-06 11:35:54,890 log Internal Server Error: /Payment/transfer-balance/
Traceback (most recent call last):
  File "E:\Programing\django_projects\emilys_luxury\venv\Lib\site-packages\django\core\handlers\exception.py", line 55, in inner
    response = get_response(request)
               ^^^^^^^^^^^^^^^^^^^^^
  File "E:\Programing\django_projects\emilys_luxury\venv\Lib\site-packages\django\core\handlers\base.py", line 197, in _get_response
    response = wrapped_callback(request, *callback_args, **callback_kwargs)
               ^^^^^^^^^^^^^^^^^^^^^^^^^^^^^^^^^^^^^^^^^^^^^^^^^^^^^^^^^^^^
  File "E:\Programing\django_projects\emilys_luxury\venv\Lib\site-packages\django\views\decorators\csrf.py", line 65, in _view_wrapper
    return view_func(request, *args, **kwargs)
           ^^^^^^^^^^^^^^^^^^^^^^^^^^^^^^^^^^^
  File "E:\Programing\django_projects\emilys_luxury\venv\Lib\site-packages\django\views\generic\base.py", line 104, in view
    return self.dispatch(request, *args, **kwargs)
           ^^^^^^^^^^^^^^^^^^^^^^^^^^^^^^^^^^^^^^^
  File "E:\Programing\django_projects\emilys_luxury\venv\Lib\site-packages\rest_framework\views.py", line 509, in dispatch
    response = self.handle_exception(exc)
               ^^^^^^^^^^^^^^^^^^^^^^^^^^
  File "E:\Programing\django_projects\emilys_luxury\venv\Lib\site-packages\rest_framework\views.py", line 469, in handle_exception
    self.raise_uncaught_exception(exc)
  File "E:\Programing\django_projects\emilys_luxury\venv\Lib\site-packages\rest_framework\views.py", line 480, in raise_uncaught_exception
    raise exc
  File "E:\Programing\django_projects\emilys_luxury\venv\Lib\site-packages\rest_framework\views.py", line 506, in dispatch
    response = handler(request, *args, **kwargs)
               ^^^^^^^^^^^^^^^^^^^^^^^^^^^^^^^^^
  File "E:\Programing\django_projects\emilys_luxury\apps\Payment\views.py", line 62, in post
    if response.status_code == 201:
       ^^^^^^^^^^^^^^^^^^^^
AttributeError: 'dict' object has no attribute 'status_code'
ERROR 2024-08-06 11:35:54,892 basehttp "POST //Payment/transfer-balance/ HTTP/1.1" 500 100873
INFO 2024-08-06 11:36:08,364 autoreload E:\Programing\django_projects\emilys_luxury\apps\Payment\views.py changed, reloading.
INFO 2024-08-06 11:36:09,653 autoreload Watching for file changes with StatReloader
INFO 2024-08-06 11:36:44,675 autoreload E:\Programing\django_projects\emilys_luxury\apps\Payment\Tasks\payout_tasks.py changed, reloading.
INFO 2024-08-06 11:36:45,783 autoreload Watching for file changes with StatReloader
INFO 2024-08-06 11:36:49,756 autoreload E:\Programing\django_projects\emilys_luxury\apps\Payment\Tasks\payout_tasks.py changed, reloading.
INFO 2024-08-06 11:36:50,999 autoreload Watching for file changes with StatReloader
INFO 2024-08-06 11:36:59,325 autoreload E:\Programing\django_projects\emilys_luxury\apps\Payment\views.py changed, reloading.
INFO 2024-08-06 11:37:00,512 autoreload Watching for file changes with StatReloader
INFO 2024-08-06 11:37:02,267 autoreload E:\Programing\django_projects\emilys_luxury\apps\Payment\views.py changed, reloading.
INFO 2024-08-06 11:37:03,390 autoreload Watching for file changes with StatReloader
INFO 2024-08-06 11:37:05,114 autoreload E:\Programing\django_projects\emilys_luxury\apps\Payment\views.py changed, reloading.
INFO 2024-08-06 11:37:06,161 autoreload Watching for file changes with StatReloader
WARNING 2024-08-06 11:37:14,715 log Not Found: /Payment/transfer-balance/
WARNING 2024-08-06 11:37:14,716 basehttp "POST //Payment/transfer-balance/ HTTP/1.1" 404 77
INFO 2024-08-06 11:39:13,961 autoreload E:\Programing\django_projects\emilys_luxury\apps\Payment\views.py changed, reloading.
INFO 2024-08-06 11:39:15,070 autoreload Watching for file changes with StatReloader
INFO 2024-08-06 11:39:52,300 autoreload E:\Programing\django_projects\emilys_luxury\apps\Payment\Tasks\payout_tasks.py changed, reloading.
INFO 2024-08-06 11:39:53,416 autoreload Watching for file changes with StatReloader
INFO 2024-08-06 11:39:55,256 autoreload E:\Programing\django_projects\emilys_luxury\apps\Payment\Tasks\payout_tasks.py changed, reloading.
INFO 2024-08-06 11:39:56,360 autoreload Watching for file changes with StatReloader
ERROR 2024-08-06 11:39:59,573 log Internal Server Error: /Payment/transfer-balance/
Traceback (most recent call last):
  File "E:\Programing\django_projects\emilys_luxury\venv\Lib\site-packages\django\core\handlers\exception.py", line 55, in inner
    response = get_response(request)
               ^^^^^^^^^^^^^^^^^^^^^
  File "E:\Programing\django_projects\emilys_luxury\venv\Lib\site-packages\django\core\handlers\base.py", line 197, in _get_response
    response = wrapped_callback(request, *callback_args, **callback_kwargs)
               ^^^^^^^^^^^^^^^^^^^^^^^^^^^^^^^^^^^^^^^^^^^^^^^^^^^^^^^^^^^^
  File "E:\Programing\django_projects\emilys_luxury\venv\Lib\site-packages\django\views\decorators\csrf.py", line 65, in _view_wrapper
    return view_func(request, *args, **kwargs)
           ^^^^^^^^^^^^^^^^^^^^^^^^^^^^^^^^^^^
  File "E:\Programing\django_projects\emilys_luxury\venv\Lib\site-packages\django\views\generic\base.py", line 104, in view
    return self.dispatch(request, *args, **kwargs)
           ^^^^^^^^^^^^^^^^^^^^^^^^^^^^^^^^^^^^^^^
  File "E:\Programing\django_projects\emilys_luxury\venv\Lib\site-packages\rest_framework\views.py", line 509, in dispatch
    response = self.handle_exception(exc)
               ^^^^^^^^^^^^^^^^^^^^^^^^^^
  File "E:\Programing\django_projects\emilys_luxury\venv\Lib\site-packages\rest_framework\views.py", line 469, in handle_exception
    self.raise_uncaught_exception(exc)
  File "E:\Programing\django_projects\emilys_luxury\venv\Lib\site-packages\rest_framework\views.py", line 480, in raise_uncaught_exception
    raise exc
  File "E:\Programing\django_projects\emilys_luxury\venv\Lib\site-packages\rest_framework\views.py", line 506, in dispatch
    response = handler(request, *args, **kwargs)
               ^^^^^^^^^^^^^^^^^^^^^^^^^^^^^^^^^
  File "E:\Programing\django_projects\emilys_luxury\apps\Payment\views.py", line 62, in post
    if response.status_code == 201:
       ^^^^^^^^^^^^^^^^^^^^
AttributeError: 'tuple' object has no attribute 'status_code'
ERROR 2024-08-06 11:39:59,577 basehttp "POST //Payment/transfer-balance/ HTTP/1.1" 500 100914
INFO 2024-08-06 11:40:11,615 autoreload E:\Programing\django_projects\emilys_luxury\apps\Payment\views.py changed, reloading.
INFO 2024-08-06 11:40:12,929 autoreload Watching for file changes with StatReloader
WARNING 2024-08-06 11:40:15,402 log Bad Request: /Payment/transfer-balance/
WARNING 2024-08-06 11:40:15,403 basehttp "POST //Payment/transfer-balance/ HTTP/1.1" 400 107
INFO 2024-08-06 11:40:28,897 autoreload E:\Programing\django_projects\emilys_luxury\apps\Payment\Tasks\payout_tasks.py changed, reloading.
INFO 2024-08-06 11:40:30,145 autoreload Watching for file changes with StatReloader
WARNING 2024-08-06 11:40:32,026 log Bad Request: /Payment/transfer-balance/
WARNING 2024-08-06 11:40:32,027 basehttp "POST //Payment/transfer-balance/ HTTP/1.1" 400 168
INFO 2024-08-06 11:40:40,765 autoreload E:\Programing\django_projects\emilys_luxury\apps\Payment\Tasks\payout_tasks.py changed, reloading.
INFO 2024-08-06 11:40:41,894 autoreload Watching for file changes with StatReloader
INFO 2024-08-06 11:40:43,642 autoreload E:\Programing\django_projects\emilys_luxury\apps\Payment\Tasks\payout_tasks.py changed, reloading.
INFO 2024-08-06 11:40:44,725 autoreload Watching for file changes with StatReloader
INFO 2024-08-06 11:44:13,196 autoreload E:\Programing\django_projects\emilys_luxury\config\settings.py changed, reloading.
INFO 2024-08-06 11:44:14,591 autoreload Watching for file changes with StatReloader
INFO 2024-08-06 11:44:16,480 autoreload E:\Programing\django_projects\emilys_luxury\config\settings.py changed, reloading.
INFO 2024-08-06 11:44:17,628 autoreload Watching for file changes with StatReloader
INFO 2024-08-06 11:44:20,434 autoreload E:\Programing\django_projects\emilys_luxury\config\settings.py changed, reloading.
INFO 2024-08-06 11:44:30,178 autoreload Watching for file changes with StatReloader
INFO 2024-08-06 11:44:42,577 autoreload E:\Programing\django_projects\emilys_luxury\config\settings.py changed, reloading.
INFO 2024-08-06 11:44:43,721 autoreload Watching for file changes with StatReloader
INFO 2024-08-06 11:44:47,602 autoreload E:\Programing\django_projects\emilys_luxury\config\settings.py changed, reloading.
INFO 2024-08-06 11:44:48,639 autoreload Watching for file changes with StatReloader
INFO 2024-08-06 11:44:51,441 autoreload E:\Programing\django_projects\emilys_luxury\config\settings.py changed, reloading.
INFO 2024-08-06 11:44:52,612 autoreload Watching for file changes with StatReloader
INFO 2024-08-06 11:48:00,892 autoreload E:\Programing\django_projects\emilys_luxury\apps\Payment\Tasks\payout_tasks.py changed, reloading.
INFO 2024-08-06 11:48:02,096 autoreload Watching for file changes with StatReloader
WARNING 2024-08-06 11:49:09,856 log Bad Request: /Payment/transfer-balance/
WARNING 2024-08-06 11:49:09,856 basehttp "POST //Payment/transfer-balance/ HTTP/1.1" 400 107
INFO 2024-08-06 11:49:17,170 autoreload E:\Programing\django_projects\emilys_luxury\apps\Payment\Tasks\payout_tasks.py changed, reloading.
INFO 2024-08-06 11:49:18,281 autoreload Watching for file changes with StatReloader
INFO 2024-08-06 11:49:22,858 autoreload E:\Programing\django_projects\emilys_luxury\apps\Payment\Tasks\payout_tasks.py changed, reloading.
INFO 2024-08-06 11:49:23,963 autoreload Watching for file changes with StatReloader
INFO 2024-08-06 11:49:26,785 autoreload E:\Programing\django_projects\emilys_luxury\apps\Payment\Tasks\payout_tasks.py changed, reloading.
INFO 2024-08-06 11:49:28,082 autoreload Watching for file changes with StatReloader
WARNING 2024-08-06 11:49:32,052 log Bad Request: /Payment/transfer-balance/
WARNING 2024-08-06 11:49:32,052 basehttp "POST //Payment/transfer-balance/ HTTP/1.1" 400 107
INFO 2024-08-06 11:49:40,820 autoreload E:\Programing\django_projects\emilys_luxury\apps\Payment\Tasks\payout_tasks.py changed, reloading.
INFO 2024-08-06 11:49:41,989 autoreload Watching for file changes with StatReloader
INFO 2024-08-06 11:49:43,754 autoreload E:\Programing\django_projects\emilys_luxury\apps\Payment\Tasks\payout_tasks.py changed, reloading.
INFO 2024-08-06 11:49:44,871 autoreload Watching for file changes with StatReloader
WARNING 2024-08-06 11:49:46,961 log Bad Request: /Payment/transfer-balance/
WARNING 2024-08-06 11:49:46,961 basehttp "POST //Payment/transfer-balance/ HTTP/1.1" 400 107
WARNING 2024-08-06 11:49:49,922 log Bad Request: /Payment/transfer-balance/
WARNING 2024-08-06 11:49:49,923 basehttp "POST //Payment/transfer-balance/ HTTP/1.1" 400 107
INFO 2024-08-06 11:57:00,428 autoreload E:\Programing\django_projects\emilys_luxury\apps\Payment\views.py changed, reloading.
INFO 2024-08-06 11:57:01,538 autoreload Watching for file changes with StatReloader
INFO 2024-08-06 11:57:11,466 autoreload E:\Programing\django_projects\emilys_luxury\apps\Payment\views.py changed, reloading.
INFO 2024-08-06 11:57:12,628 autoreload Watching for file changes with StatReloader
INFO 2024-08-06 11:57:15,098 autoreload E:\Programing\django_projects\emilys_luxury\apps\Payment\views.py changed, reloading.
INFO 2024-08-06 11:57:16,211 autoreload Watching for file changes with StatReloader
INFO 2024-08-06 11:57:17,593 autoreload E:\Programing\django_projects\emilys_luxury\apps\Payment\views.py changed, reloading.
INFO 2024-08-06 11:57:18,790 autoreload Watching for file changes with StatReloader
INFO 2024-08-06 11:57:21,271 autoreload E:\Programing\django_projects\emilys_luxury\apps\Payment\views.py changed, reloading.
INFO 2024-08-06 11:57:22,512 autoreload Watching for file changes with StatReloader
INFO 2024-08-06 11:57:24,937 autoreload E:\Programing\django_projects\emilys_luxury\apps\Payment\views.py changed, reloading.
INFO 2024-08-06 11:57:26,067 autoreload Watching for file changes with StatReloader
INFO 2024-08-06 11:57:34,980 autoreload E:\Programing\django_projects\emilys_luxury\apps\Payment\views.py changed, reloading.
INFO 2024-08-06 11:57:36,121 autoreload Watching for file changes with StatReloader
INFO 2024-08-06 11:57:37,483 autoreload E:\Programing\django_projects\emilys_luxury\apps\Payment\views.py changed, reloading.
INFO 2024-08-06 11:57:38,574 autoreload Watching for file changes with StatReloader
INFO 2024-08-06 11:57:42,068 autoreload E:\Programing\django_projects\emilys_luxury\apps\Payment\views.py changed, reloading.
INFO 2024-08-06 11:57:43,213 autoreload Watching for file changes with StatReloader
INFO 2024-08-06 11:57:49,942 autoreload E:\Programing\django_projects\emilys_luxury\apps\Payment\views.py changed, reloading.
INFO 2024-08-06 11:57:51,020 autoreload Watching for file changes with StatReloader
INFO 2024-08-06 11:58:03,053 autoreload E:\Programing\django_projects\emilys_luxury\apps\Payment\views.py changed, reloading.
INFO 2024-08-06 11:58:04,197 autoreload Watching for file changes with StatReloader
INFO 2024-08-06 11:58:07,795 autoreload E:\Programing\django_projects\emilys_luxury\apps\Payment\views.py changed, reloading.
INFO 2024-08-06 11:58:08,905 autoreload Watching for file changes with StatReloader
INFO 2024-08-06 11:58:13,451 autoreload E:\Programing\django_projects\emilys_luxury\apps\Payment\views.py changed, reloading.
INFO 2024-08-06 11:58:14,587 autoreload Watching for file changes with StatReloader
INFO 2024-08-06 11:58:18,132 autoreload E:\Programing\django_projects\emilys_luxury\apps\Payment\views.py changed, reloading.
INFO 2024-08-06 11:58:19,213 autoreload Watching for file changes with StatReloader
INFO 2024-08-06 11:58:22,691 autoreload E:\Programing\django_projects\emilys_luxury\apps\Payment\views.py changed, reloading.
INFO 2024-08-06 11:58:23,776 autoreload Watching for file changes with StatReloader
INFO 2024-08-06 11:58:26,235 autoreload E:\Programing\django_projects\emilys_luxury\apps\Payment\views.py changed, reloading.
INFO 2024-08-06 11:58:27,388 autoreload Watching for file changes with StatReloader
INFO 2024-08-06 11:58:30,897 autoreload E:\Programing\django_projects\emilys_luxury\apps\Payment\views.py changed, reloading.
INFO 2024-08-06 11:58:32,134 autoreload Watching for file changes with StatReloader
INFO 2024-08-06 11:58:36,734 autoreload E:\Programing\django_projects\emilys_luxury\apps\Payment\views.py changed, reloading.
INFO 2024-08-06 11:58:37,978 autoreload Watching for file changes with StatReloader
INFO 2024-08-06 11:58:44,682 autoreload E:\Programing\django_projects\emilys_luxury\apps\Payment\views.py changed, reloading.
INFO 2024-08-06 11:58:45,794 autoreload Watching for file changes with StatReloader
INFO 2024-08-06 12:00:03,017 autoreload Watching for file changes with StatReloader
INFO 2024-08-06 12:00:12,919 autoreload E:\Programing\django_projects\emilys_luxury\apps\Payment\views.py changed, reloading.
INFO 2024-08-06 12:00:14,083 autoreload Watching for file changes with StatReloader
INFO 2024-08-06 12:01:00,141 autoreload E:\Programing\django_projects\emilys_luxury\apps\Payment\views.py changed, reloading.
INFO 2024-08-06 12:01:01,328 autoreload Watching for file changes with StatReloader
WARNING 2024-08-06 12:01:08,044 log Method Not Allowed: /Payment/vendor_transfer/
WARNING 2024-08-06 12:01:08,044 basehttp "GET //Payment/vendor_transfer/ HTTP/1.1" 405 40
WARNING 2024-08-06 12:01:34,670 log Bad Request: /Payment/vendor_transfer/
WARNING 2024-08-06 12:01:34,671 basehttp "POST //Payment/vendor_transfer/ HTTP/1.1" 400 123
INFO 2024-08-06 12:02:53,469 autoreload E:\Programing\django_projects\emilys_luxury\apps\Payment\views.py changed, reloading.
INFO 2024-08-06 12:02:54,673 autoreload Watching for file changes with StatReloader
INFO 2024-08-06 12:03:00,365 autoreload E:\Programing\django_projects\emilys_luxury\apps\Payment\views.py changed, reloading.
INFO 2024-08-06 12:03:01,554 autoreload Watching for file changes with StatReloader
INFO 2024-08-06 12:03:09,702 autoreload E:\Programing\django_projects\emilys_luxury\apps\Payment\views.py changed, reloading.
INFO 2024-08-06 12:03:10,819 autoreload Watching for file changes with StatReloader
INFO 2024-08-06 12:03:30,967 autoreload E:\Programing\django_projects\emilys_luxury\apps\Payment\views.py changed, reloading.
INFO 2024-08-06 12:03:32,208 autoreload Watching for file changes with StatReloader
INFO 2024-08-06 12:03:33,584 autoreload E:\Programing\django_projects\emilys_luxury\apps\Payment\views.py changed, reloading.
INFO 2024-08-06 12:03:34,744 autoreload Watching for file changes with StatReloader
WARNING 2024-08-06 12:03:46,686 log Bad Request: /Payment/vendor_transfer/
WARNING 2024-08-06 12:03:46,687 basehttp "POST //Payment/vendor_transfer/ HTTP/1.1" 400 123
WARNING 2024-08-06 12:03:52,810 log Bad Request: /Payment/vendor_transfer/
WARNING 2024-08-06 12:03:52,811 basehttp "POST //Payment/vendor_transfer/ HTTP/1.1" 400 123
INFO 2024-08-06 12:04:04,732 autoreload E:\Programing\django_projects\emilys_luxury\apps\Payment\views.py changed, reloading.
INFO 2024-08-06 12:04:05,823 autoreload Watching for file changes with StatReloader
INFO 2024-08-06 12:04:08,672 autoreload E:\Programing\django_projects\emilys_luxury\apps\Payment\views.py changed, reloading.
INFO 2024-08-06 12:04:09,820 autoreload Watching for file changes with StatReloader
INFO 2024-08-06 12:04:19,111 autoreload E:\Programing\django_projects\emilys_luxury\apps\Payment\views.py changed, reloading.
INFO 2024-08-06 12:04:20,270 autoreload Watching for file changes with StatReloader
WARNING 2024-08-06 12:04:21,635 log Bad Request: /Payment/vendor_transfer/
WARNING 2024-08-06 12:04:21,636 basehttp "POST //Payment/vendor_transfer/ HTTP/1.1" 400 137
INFO 2024-08-06 12:04:39,272 autoreload E:\Programing\django_projects\emilys_luxury\apps\Payment\views.py changed, reloading.
INFO 2024-08-06 12:04:40,532 autoreload Watching for file changes with StatReloader
WARNING 2024-08-06 12:04:42,938 log Bad Request: /Payment/vendor_transfer/
WARNING 2024-08-06 12:04:42,938 basehttp "POST //Payment/vendor_transfer/ HTTP/1.1" 400 137
INFO 2024-08-06 12:05:11,389 autoreload E:\Programing\django_projects\emilys_luxury\apps\Payment\views.py changed, reloading.
INFO 2024-08-06 12:05:12,614 autoreload Watching for file changes with StatReloader
INFO 2024-08-06 12:05:15,093 autoreload E:\Programing\django_projects\emilys_luxury\apps\Payment\views.py changed, reloading.
INFO 2024-08-06 12:05:16,173 autoreload Watching for file changes with StatReloader
INFO 2024-08-06 12:05:24,445 autoreload E:\Programing\django_projects\emilys_luxury\apps\Payment\views.py changed, reloading.
INFO 2024-08-06 12:05:25,623 autoreload Watching for file changes with StatReloader
INFO 2024-08-06 12:05:30,615 autoreload E:\Programing\django_projects\emilys_luxury\apps\Payment\views.py changed, reloading.
INFO 2024-08-06 12:05:31,846 autoreload Watching for file changes with StatReloader
INFO 2024-08-06 12:05:33,598 autoreload E:\Programing\django_projects\emilys_luxury\apps\Payment\views.py changed, reloading.
INFO 2024-08-06 12:05:34,705 autoreload Watching for file changes with StatReloader
INFO 2024-08-06 12:05:36,436 autoreload E:\Programing\django_projects\emilys_luxury\apps\Payment\views.py changed, reloading.
INFO 2024-08-06 12:05:37,543 autoreload Watching for file changes with StatReloader
WARNING 2024-08-06 12:05:57,613 log Bad Request: /Payment/vendor_transfer/
WARNING 2024-08-06 12:05:57,613 basehttp "POST //Payment/vendor_transfer/ HTTP/1.1" 400 159
INFO 2024-08-06 13:10:38,829 basehttp "GET /admin/Users/user/ HTTP/1.1" 302 0
INFO 2024-08-06 13:10:38,993 basehttp "GET /admin/login/?next=/admin/Users/user/ HTTP/1.1" 200 4192
INFO 2024-08-06 13:10:42,494 basehttp "POST /admin/login/?next=/admin/Users/user/ HTTP/1.1" 302 0
INFO 2024-08-06 13:10:42,694 basehttp "GET /admin/Users/user/ HTTP/1.1" 200 20454
INFO 2024-08-06 13:10:42,858 basehttp "GET /admin/jsi18n/ HTTP/1.1" 200 3342
INFO 2024-08-06 13:10:43,024 basehttp "GET /static/admin/img/search.svg HTTP/1.1" 200 458
INFO 2024-08-06 13:10:43,041 basehttp "GET /static/admin/img/icon-no.svg HTTP/1.1" 200 560
INFO 2024-08-06 13:10:43,069 basehttp "GET /static/admin/img/sorting-icons.svg HTTP/1.1" 200 1097
INFO 2024-08-06 13:10:55,318 basehttp "GET /admin/Users/user/6/change/ HTTP/1.1" 200 40664
INFO 2024-08-06 13:10:55,459 basehttp "GET /admin/jsi18n/ HTTP/1.1" 200 3342
INFO 2024-08-06 13:10:55,488 basehttp "GET /static/admin/js/calendar.js HTTP/1.1" 200 9141
INFO 2024-08-06 13:10:55,492 basehttp "GET /static/admin/js/admin/DateTimeShortcuts.js HTTP/1.1" 200 19319
INFO 2024-08-06 13:10:55,678 basehttp "GET /static/admin/img/icon-clock.svg HTTP/1.1" 200 677
INFO 2024-08-06 13:10:55,685 basehttp "GET /static/admin/img/icon-calendar.svg HTTP/1.1" 200 1086
INFO 2024-08-06 13:11:00,337 basehttp "GET /admin/Users/user/ HTTP/1.1" 200 20454
INFO 2024-08-07 21:25:08,309 autoreload Watching for file changes with StatReloader
INFO 2024-08-07 21:38:07,173 autoreload Watching for file changes with StatReloader
WARNING 2024-08-07 21:38:08,400 log Unauthorized: /orders/Order/
WARNING 2024-08-07 21:38:08,401 basehttp "POST //orders/Order/?cart_uuid=866cb3f8-c390-4ba2-8214-b7744def074e HTTP/1.1" 401 107
WARNING 2024-08-07 21:38:16,074 log Not Found: /orders/Order/
WARNING 2024-08-07 21:38:16,075 basehttp "POST //orders/Order/?cart_uuid=866cb3f8-c390-4ba2-8214-b7744def074e HTTP/1.1" 404 44
INFO 2024-08-07 22:45:18,913 autoreload Watching for file changes with StatReloader
INFO 2024-08-07 22:45:32,778 autoreload E:\Programing\django_projects\emilys_luxury\apps\Dresses\views.py changed, reloading.
INFO 2024-08-07 22:45:34,046 autoreload Watching for file changes with StatReloader
INFO 2024-08-07 22:45:38,022 autoreload E:\Programing\django_projects\emilys_luxury\apps\Dresses\views.py changed, reloading.
INFO 2024-08-07 22:45:39,108 autoreload Watching for file changes with StatReloader
INFO 2024-08-07 22:45:44,736 autoreload E:\Programing\django_projects\emilys_luxury\apps\Dresses\views.py changed, reloading.
INFO 2024-08-07 22:45:45,868 autoreload Watching for file changes with StatReloader
INFO 2024-08-07 22:46:09,053 autoreload E:\Programing\django_projects\emilys_luxury\apps\Dresses\views.py changed, reloading.
INFO 2024-08-07 22:46:10,146 autoreload Watching for file changes with StatReloader
INFO 2024-08-07 22:46:12,036 autoreload E:\Programing\django_projects\emilys_luxury\apps\Dresses\views.py changed, reloading.
INFO 2024-08-07 22:46:13,222 autoreload Watching for file changes with StatReloader
