WARNING 2024-08-02 21:00:45,357 log Bad Request: /investment/InvestmentViewSet/
WARNING 2024-08-02 21:00:45,358 basehttp "POST //investment/InvestmentViewSet/ HTTP/1.1" 400 68
INFO 2024-08-02 21:02:20,948 autoreload E:\Programing\django_projects\emilys_luxury\apps\investment\Tasks\register_beneficiary_tasks.py changed, reloading.
INFO 2024-08-02 21:02:22,300 autoreload Watching for file changes with StatReloader
INFO 2024-08-02 21:02:24,165 autoreload E:\Programing\django_projects\emilys_luxury\apps\investment\Tasks\register_beneficiary_tasks.py changed, reloading.
INFO 2024-08-02 21:02:25,417 autoreload Watching for file changes with StatReloader
INFO 2024-08-02 21:02:27,262 autoreload E:\Programing\django_projects\emilys_luxury\apps\investment\Tasks\register_beneficiary_tasks.py changed, reloading.
INFO 2024-08-02 21:02:28,705 autoreload Watching for file changes with StatReloader
INFO 2024-08-02 21:02:32,817 autoreload Watching for file changes with StatReloader
WARNING 2024-08-02 21:02:34,931 log Bad Request: /investment/InvestmentViewSet/
WARNING 2024-08-02 21:02:34,931 basehttp "POST //investment/InvestmentViewSet/ HTTP/1.1" 400 68
INFO 2024-08-02 21:05:18,174 autoreload E:\Programing\django_projects\emilys_luxury\apps\investment\Tasks\register_beneficiary_tasks.py changed, reloading.
INFO 2024-08-02 21:05:19,383 autoreload Watching for file changes with StatReloader
INFO 2024-08-02 21:05:20,855 autoreload E:\Programing\django_projects\emilys_luxury\apps\investment\Tasks\register_beneficiary_tasks.py changed, reloading.
INFO 2024-08-02 21:05:21,969 autoreload Watching for file changes with StatReloader
INFO 2024-08-02 21:05:24,794 autoreload E:\Programing\django_projects\emilys_luxury\apps\investment\Tasks\register_beneficiary_tasks.py changed, reloading.
INFO 2024-08-02 21:05:25,968 autoreload Watching for file changes with StatReloader
WARNING 2024-08-02 21:05:42,492 log Bad Request: /investment/InvestmentViewSet/
WARNING 2024-08-02 21:05:42,493 basehttp "POST //investment/InvestmentViewSet/ HTTP/1.1" 400 68
INFO 2024-08-02 21:06:46,641 autoreload E:\Programing\django_projects\emilys_luxury\apps\investment\Tasks\register_beneficiary_tasks.py changed, reloading.
INFO 2024-08-02 21:06:48,108 autoreload Watching for file changes with StatReloader
INFO 2024-08-02 21:06:49,851 autoreload E:\Programing\django_projects\emilys_luxury\apps\investment\Tasks\register_beneficiary_tasks.py changed, reloading.
INFO 2024-08-02 21:06:51,029 autoreload Watching for file changes with StatReloader
INFO 2024-08-02 21:07:02,574 autoreload E:\Programing\django_projects\emilys_luxury\apps\investment\serializers.py changed, reloading.
INFO 2024-08-02 21:07:03,719 autoreload Watching for file changes with StatReloader
INFO 2024-08-02 21:07:08,314 autoreload E:\Programing\django_projects\emilys_luxury\apps\investment\serializers.py changed, reloading.
INFO 2024-08-02 21:07:09,378 autoreload Watching for file changes with StatReloader
INFO 2024-08-02 21:07:18,225 autoreload E:\Programing\django_projects\emilys_luxury\apps\investment\serializers.py changed, reloading.
INFO 2024-08-02 21:07:19,603 autoreload Watching for file changes with StatReloader
INFO 2024-08-02 21:07:22,140 autoreload E:\Programing\django_projects\emilys_luxury\apps\investment\serializers.py changed, reloading.
INFO 2024-08-02 21:07:23,378 autoreload Watching for file changes with StatReloader
INFO 2024-08-02 21:07:27,291 autoreload E:\Programing\django_projects\emilys_luxury\apps\investment\serializers.py changed, reloading.
INFO 2024-08-02 21:07:28,655 autoreload Watching for file changes with StatReloader
INFO 2024-08-02 21:11:28,968 autoreload E:\Programing\django_projects\emilys_luxury\apps\investment\Tasks\register_beneficiary_tasks.py changed, reloading.
INFO 2024-08-02 21:11:30,113 autoreload Watching for file changes with StatReloader
INFO 2024-08-02 21:18:57,693 autoreload E:\Programing\django_projects\emilys_luxury\apps\investment\Tasks\register_beneficiary_tasks.py changed, reloading.
INFO 2024-08-02 21:18:58,962 autoreload Watching for file changes with StatReloader
INFO 2024-08-02 21:19:08,385 autoreload E:\Programing\django_projects\emilys_luxury\apps\investment\Tasks\register_beneficiary_tasks.py changed, reloading.
INFO 2024-08-02 21:19:09,655 autoreload Watching for file changes with StatReloader
INFO 2024-08-02 21:19:17,859 autoreload E:\Programing\django_projects\emilys_luxury\apps\investment\Tasks\register_beneficiary_tasks.py changed, reloading.
INFO 2024-08-02 21:19:19,021 autoreload Watching for file changes with StatReloader
INFO 2024-08-02 21:19:22,934 autoreload E:\Programing\django_projects\emilys_luxury\apps\investment\Tasks\register_beneficiary_tasks.py changed, reloading.
INFO 2024-08-02 21:19:24,011 autoreload Watching for file changes with StatReloader
INFO 2024-08-02 21:19:25,938 autoreload E:\Programing\django_projects\emilys_luxury\apps\investment\Tasks\register_beneficiary_tasks.py changed, reloading.
INFO 2024-08-02 21:19:27,436 autoreload Watching for file changes with StatReloader
INFO 2024-08-02 21:19:42,256 autoreload E:\Programing\django_projects\emilys_luxury\apps\investment\views.py changed, reloading.
INFO 2024-08-02 21:19:43,430 autoreload Watching for file changes with StatReloader
INFO 2024-08-02 21:19:46,317 autoreload E:\Programing\django_projects\emilys_luxury\apps\investment\views.py changed, reloading.
INFO 2024-08-02 21:19:47,489 autoreload Watching for file changes with StatReloader
INFO 2024-08-02 21:19:49,297 autoreload E:\Programing\django_projects\emilys_luxury\apps\investment\views.py changed, reloading.
INFO 2024-08-02 21:19:50,589 autoreload Watching for file changes with StatReloader
INFO 2024-08-02 21:19:56,733 autoreload E:\Programing\django_projects\emilys_luxury\apps\investment\views.py changed, reloading.
INFO 2024-08-02 21:19:57,965 autoreload Watching for file changes with StatReloader
INFO 2024-08-02 21:20:01,868 autoreload E:\Programing\django_projects\emilys_luxury\apps\investment\views.py changed, reloading.
INFO 2024-08-02 21:20:03,063 autoreload Watching for file changes with StatReloader
INFO 2024-08-02 21:20:17,712 autoreload E:\Programing\django_projects\emilys_luxury\apps\investment\views.py changed, reloading.
INFO 2024-08-02 21:20:18,836 autoreload Watching for file changes with StatReloader
INFO 2024-08-02 21:20:31,330 autoreload E:\Programing\django_projects\emilys_luxury\apps\investment\Tasks\register_beneficiary_tasks.py changed, reloading.
INFO 2024-08-02 21:20:32,497 autoreload Watching for file changes with StatReloader
INFO 2024-08-02 21:20:34,256 autoreload E:\Programing\django_projects\emilys_luxury\apps\investment\Tasks\register_beneficiary_tasks.py changed, reloading.
INFO 2024-08-02 21:20:35,346 autoreload Watching for file changes with StatReloader
INFO 2024-08-02 21:20:40,269 autoreload E:\Programing\django_projects\emilys_luxury\apps\investment\Tasks\register_beneficiary_tasks.py changed, reloading.
INFO 2024-08-02 21:20:41,357 autoreload Watching for file changes with StatReloader
ERROR 2024-08-02 21:20:46,481 log Internal Server Error: /investment/InvestmentViewSet/
Traceback (most recent call last):
  File "E:\Programing\django_projects\emilys_luxury\venv\Lib\site-packages\django\core\handlers\exception.py", line 55, in inner
    response = get_response(request)
               ^^^^^^^^^^^^^^^^^^^^^
  File "E:\Programing\django_projects\emilys_luxury\venv\Lib\site-packages\django\core\handlers\base.py", line 197, in _get_response
    response = wrapped_callback(request, *callback_args, **callback_kwargs)
               ^^^^^^^^^^^^^^^^^^^^^^^^^^^^^^^^^^^^^^^^^^^^^^^^^^^^^^^^^^^^
  File "E:\Programing\django_projects\emilys_luxury\venv\Lib\site-packages\django\views\decorators\csrf.py", line 65, in _view_wrapper
    return view_func(request, *args, **kwargs)
           ^^^^^^^^^^^^^^^^^^^^^^^^^^^^^^^^^^^
  File "E:\Programing\django_projects\emilys_luxury\venv\Lib\site-packages\django\views\generic\base.py", line 104, in view
    return self.dispatch(request, *args, **kwargs)
           ^^^^^^^^^^^^^^^^^^^^^^^^^^^^^^^^^^^^^^^
  File "E:\Programing\django_projects\emilys_luxury\venv\Lib\site-packages\rest_framework\views.py", line 509, in dispatch
    response = self.handle_exception(exc)
               ^^^^^^^^^^^^^^^^^^^^^^^^^^
  File "E:\Programing\django_projects\emilys_luxury\venv\Lib\site-packages\rest_framework\views.py", line 469, in handle_exception
    self.raise_uncaught_exception(exc)
  File "E:\Programing\django_projects\emilys_luxury\venv\Lib\site-packages\rest_framework\views.py", line 480, in raise_uncaught_exception
    raise exc
  File "E:\Programing\django_projects\emilys_luxury\venv\Lib\site-packages\rest_framework\views.py", line 506, in dispatch
    response = handler(request, *args, **kwargs)
               ^^^^^^^^^^^^^^^^^^^^^^^^^^^^^^^^^
  File "E:\Programing\django_projects\emilys_luxury\apps\investment\views.py", line 34, in post
    if serializer.is_valid():
       ^^^^^^^^^^^^^^^^^^^^^
  File "E:\Programing\django_projects\emilys_luxury\venv\Lib\site-packages\rest_framework\serializers.py", line 227, in is_valid
    self._validated_data = self.run_validation(self.initial_data)
                           ^^^^^^^^^^^^^^^^^^^^^^^^^^^^^^^^^^^^^^
  File "E:\Programing\django_projects\emilys_luxury\venv\Lib\site-packages\rest_framework\serializers.py", line 426, in run_validation
    value = self.to_internal_value(data)
            ^^^^^^^^^^^^^^^^^^^^^^^^^^^^
  File "E:\Programing\django_projects\emilys_luxury\venv\Lib\site-packages\rest_framework\serializers.py", line 479, in to_internal_value
    for field in fields:
  File "E:\Programing\django_projects\emilys_luxury\venv\Lib\site-packages\rest_framework\serializers.py", line 362, in _writable_fields
    for field in self.fields.values():
                 ^^^^^^^^^^^
  File "E:\Programing\django_projects\emilys_luxury\venv\Lib\site-packages\django\utils\functional.py", line 47, in __get__
    res = instance.__dict__[self.name] = self.func(instance)
                                         ^^^^^^^^^^^^^^^^^^^
  File "E:\Programing\django_projects\emilys_luxury\venv\Lib\site-packages\rest_framework\serializers.py", line 356, in fields
    for key, value in self.get_fields().items():
                      ^^^^^^^^^^^^^^^^^
  File "E:\Programing\django_projects\emilys_luxury\venv\Lib\site-packages\rest_framework\serializers.py", line 1052, in get_fields
    field_names = self.get_field_names(declared_fields, info)
                  ^^^^^^^^^^^^^^^^^^^^^^^^^^^^^^^^^^^^^^^^^^^
  File "E:\Programing\django_projects\emilys_luxury\venv\Lib\site-packages\rest_framework\serializers.py", line 1148, in get_field_names
    assert field_name in fields, (
           ^^^^^^^^^^^^^^^^^^^^
AssertionError: The field 'iban' was declared on serializer AddInvestmentSerializer, but has not been included in the 'fields' option.
ERROR 2024-08-02 21:20:46,486 basehttp "POST //investment/InvestmentViewSet/ HTTP/1.1" 500 140683
INFO 2024-08-02 21:20:59,927 autoreload E:\Programing\django_projects\emilys_luxury\apps\investment\models.py changed, reloading.
INFO 2024-08-02 21:21:00,758 autoreload Watching for file changes with StatReloader
INFO 2024-08-02 21:21:03,078 autoreload E:\Programing\django_projects\emilys_luxury\apps\investment\models.py changed, reloading.
INFO 2024-08-02 21:21:03,740 autoreload Watching for file changes with StatReloader
INFO 2024-08-02 21:21:05,027 autoreload E:\Programing\django_projects\emilys_luxury\apps\investment\models.py changed, reloading.
INFO 2024-08-02 21:21:06,121 autoreload Watching for file changes with StatReloader
INFO 2024-08-02 21:21:14,339 autoreload E:\Programing\django_projects\emilys_luxury\apps\investment\serializers.py changed, reloading.
INFO 2024-08-02 21:21:15,523 autoreload Watching for file changes with StatReloader
INFO 2024-08-02 21:21:16,996 autoreload E:\Programing\django_projects\emilys_luxury\apps\investment\serializers.py changed, reloading.
INFO 2024-08-02 21:21:18,132 autoreload Watching for file changes with StatReloader
INFO 2024-08-02 21:21:23,081 autoreload E:\Programing\django_projects\emilys_luxury\apps\investment\serializers.py changed, reloading.
INFO 2024-08-02 21:21:39,380 autoreload Watching for file changes with StatReloader
WARNING 2024-08-02 21:21:41,690 log Bad Request: /investment/InvestmentViewSet/
WARNING 2024-08-02 21:21:41,691 basehttp "POST //investment/InvestmentViewSet/ HTTP/1.1" 400 63
ERROR 2024-08-02 21:22:05,070 log Internal Server Error: /investment/InvestmentViewSet/
Traceback (most recent call last):
  File "E:\Programing\django_projects\emilys_luxury\venv\Lib\site-packages\django\core\handlers\exception.py", line 55, in inner
    response = get_response(request)
               ^^^^^^^^^^^^^^^^^^^^^
  File "E:\Programing\django_projects\emilys_luxury\venv\Lib\site-packages\django\core\handlers\base.py", line 197, in _get_response
    response = wrapped_callback(request, *callback_args, **callback_kwargs)
               ^^^^^^^^^^^^^^^^^^^^^^^^^^^^^^^^^^^^^^^^^^^^^^^^^^^^^^^^^^^^
  File "E:\Programing\django_projects\emilys_luxury\venv\Lib\site-packages\django\views\decorators\csrf.py", line 65, in _view_wrapper
    return view_func(request, *args, **kwargs)
           ^^^^^^^^^^^^^^^^^^^^^^^^^^^^^^^^^^^
  File "E:\Programing\django_projects\emilys_luxury\venv\Lib\site-packages\django\views\generic\base.py", line 104, in view
    return self.dispatch(request, *args, **kwargs)
           ^^^^^^^^^^^^^^^^^^^^^^^^^^^^^^^^^^^^^^^
  File "E:\Programing\django_projects\emilys_luxury\venv\Lib\site-packages\rest_framework\views.py", line 509, in dispatch
    response = self.handle_exception(exc)
               ^^^^^^^^^^^^^^^^^^^^^^^^^^
  File "E:\Programing\django_projects\emilys_luxury\venv\Lib\site-packages\rest_framework\views.py", line 469, in handle_exception
    self.raise_uncaught_exception(exc)
  File "E:\Programing\django_projects\emilys_luxury\venv\Lib\site-packages\rest_framework\views.py", line 480, in raise_uncaught_exception
    raise exc
  File "E:\Programing\django_projects\emilys_luxury\venv\Lib\site-packages\rest_framework\views.py", line 506, in dispatch
    response = handler(request, *args, **kwargs)
               ^^^^^^^^^^^^^^^^^^^^^^^^^^^^^^^^^
  File "E:\Programing\django_projects\emilys_luxury\apps\investment\views.py", line 36, in post
    Response_data , beneficiary_details = register_beneficiary_tasks.register_beneficiary_account(data)
                                          ^^^^^^^^^^^^^^^^^^^^^^^^^^^^^^^^^^^^^^^^^^^^^^^^^^^^^^^^^^^^^
  File "E:\Programing\django_projects\emilys_luxury\apps\investment\Tasks\register_beneficiary_tasks.py", line 26, in register_beneficiary_account
    "client_id": settings.Publishable_Key,
                 ^^^^^^^^^^^^^^^^^^^^^^^^
  File "E:\Programing\django_projects\emilys_luxury\venv\Lib\site-packages\django\conf\__init__.py", line 91, in __getattr__
    val = getattr(_wrapped, name)
          ^^^^^^^^^^^^^^^^^^^^^^^
AttributeError: 'Settings' object has no attribute 'Publishable_Key'
ERROR 2024-08-02 21:22:05,072 basehttp "POST //investment/InvestmentViewSet/ HTTP/1.1" 500 110987
INFO 2024-08-02 21:22:24,874 autoreload E:\Programing\django_projects\emilys_luxury\config\settings.py changed, reloading.
INFO 2024-08-02 21:22:26,063 autoreload Watching for file changes with StatReloader
INFO 2024-08-02 21:22:27,827 autoreload E:\Programing\django_projects\emilys_luxury\config\settings.py changed, reloading.
INFO 2024-08-02 21:22:28,971 autoreload Watching for file changes with StatReloader
INFO 2024-08-02 21:22:36,097 autoreload E:\Programing\django_projects\emilys_luxury\config\settings.py changed, reloading.
INFO 2024-08-02 21:22:37,288 autoreload Watching for file changes with StatReloader
INFO 2024-08-02 21:22:39,219 autoreload E:\Programing\django_projects\emilys_luxury\config\settings.py changed, reloading.
INFO 2024-08-02 21:22:40,576 autoreload Watching for file changes with StatReloader
INFO 2024-08-02 21:22:42,362 autoreload E:\Programing\django_projects\emilys_luxury\config\settings.py changed, reloading.
INFO 2024-08-02 21:22:43,674 autoreload Watching for file changes with StatReloader
INFO 2024-08-02 21:22:47,633 autoreload E:\Programing\django_projects\emilys_luxury\apps\investment\Tasks\register_beneficiary_tasks.py changed, reloading.
INFO 2024-08-02 21:22:48,860 autoreload Watching for file changes with StatReloader
INFO 2024-08-02 21:22:51,834 basehttp "POST //investment/InvestmentViewSet/ HTTP/1.1" 201 61
INFO 2024-08-02 21:23:10,375 autoreload E:\Programing\django_projects\emilys_luxury\apps\investment\views.py changed, reloading.
INFO 2024-08-02 21:23:11,490 autoreload Watching for file changes with StatReloader
INFO 2024-08-02 21:23:16,464 basehttp "GET /admin/investment/investmenter_details/ HTTP/1.1" 200 16825
INFO 2024-08-02 21:23:16,589 basehttp "GET /admin/jsi18n/ HTTP/1.1" 200 3342
INFO 2024-08-02 21:23:19,633 basehttp "GET /admin/investment/investmenter_details/5/change/ HTTP/1.1" 200 21805
INFO 2024-08-02 21:23:19,749 basehttp "GET /admin/jsi18n/ HTTP/1.1" 200 3342
INFO 2024-08-02 21:23:28,788 autoreload E:\Programing\django_projects\emilys_luxury\apps\investment\views.py changed, reloading.
INFO 2024-08-02 21:23:29,957 autoreload Watching for file changes with StatReloader
INFO 2024-08-02 21:23:32,791 autoreload E:\Programing\django_projects\emilys_luxury\apps\investment\views.py changed, reloading.
INFO 2024-08-02 21:23:34,030 autoreload Watching for file changes with StatReloader
INFO 2024-08-02 21:23:37,064 autoreload E:\Programing\django_projects\emilys_luxury\apps\investment\views.py changed, reloading.
INFO 2024-08-02 21:23:38,448 autoreload Watching for file changes with StatReloader
INFO 2024-08-02 21:23:40,930 autoreload E:\Programing\django_projects\emilys_luxury\apps\investment\views.py changed, reloading.
INFO 2024-08-02 21:23:42,200 autoreload Watching for file changes with StatReloader
INFO 2024-08-02 21:23:43,564 autoreload E:\Programing\django_projects\emilys_luxury\apps\investment\views.py changed, reloading.
INFO 2024-08-02 21:23:44,711 autoreload Watching for file changes with StatReloader
INFO 2024-08-02 21:23:55,717 autoreload E:\Programing\django_projects\emilys_luxury\apps\investment\views.py changed, reloading.
INFO 2024-08-02 21:23:57,207 autoreload Watching for file changes with StatReloader
INFO 2024-08-02 21:23:57,736 basehttp "GET /admin/investment/investmenter_details/5/delete/ HTTP/1.1" 200 15509
INFO 2024-08-02 21:23:59,172 autoreload E:\Programing\django_projects\emilys_luxury\apps\investment\views.py changed, reloading.
INFO 2024-08-02 21:24:00,745 autoreload Watching for file changes with StatReloader
INFO 2024-08-02 21:24:01,434 basehttp "POST /admin/investment/investmenter_details/5/delete/ HTTP/1.1" 302 0
INFO 2024-08-02 21:24:01,500 basehttp "GET /admin/investment/investmenter_details/ HTTP/1.1" 200 15663
INFO 2024-08-02 21:24:01,583 basehttp "GET /admin/jsi18n/ HTTP/1.1" 200 3342
WARNING 2024-08-02 21:24:04,866 log Bad Request: /investment/InvestmentViewSet/
WARNING 2024-08-02 21:24:04,868 basehttp "POST //investment/InvestmentViewSet/ HTTP/1.1" 400 190
INFO 2024-08-02 21:56:22,725 autoreload E:\Programing\django_projects\emilys_luxury\apps\investment\views.py changed, reloading.
INFO 2024-08-02 21:56:25,484 autoreload Watching for file changes with StatReloader
INFO 2024-08-02 21:56:28,509 autoreload E:\Programing\django_projects\emilys_luxury\apps\investment\views.py changed, reloading.
INFO 2024-08-02 21:56:31,300 autoreload Watching for file changes with StatReloader
INFO 2024-08-02 21:56:34,124 autoreload E:\Programing\django_projects\emilys_luxury\apps\investment\views.py changed, reloading.
INFO 2024-08-02 21:56:36,869 autoreload Watching for file changes with StatReloader
INFO 2024-08-02 21:59:06,522 autoreload E:\Programing\django_projects\emilys_luxury\apps\investment\views.py changed, reloading.
INFO 2024-08-02 21:59:09,130 autoreload Watching for file changes with StatReloader
INFO 2024-08-02 21:59:15,472 autoreload E:\Programing\django_projects\emilys_luxury\apps\investment\views.py changed, reloading.
INFO 2024-08-02 21:59:17,567 autoreload Watching for file changes with StatReloader
INFO 2024-08-02 21:59:30,168 autoreload E:\Programing\django_projects\emilys_luxury\apps\investment\views.py changed, reloading.
INFO 2024-08-02 21:59:33,472 autoreload Watching for file changes with StatReloader
INFO 2024-08-02 21:59:35,608 autoreload E:\Programing\django_projects\emilys_luxury\apps\investment\views.py changed, reloading.
INFO 2024-08-02 21:59:38,886 autoreload Watching for file changes with StatReloader
INFO 2024-08-02 21:59:42,885 autoreload E:\Programing\django_projects\emilys_luxury\apps\investment\views.py changed, reloading.
INFO 2024-08-02 21:59:45,628 autoreload Watching for file changes with StatReloader
INFO 2024-08-02 21:59:50,713 autoreload E:\Programing\django_projects\emilys_luxury\apps\investment\views.py changed, reloading.
INFO 2024-08-02 21:59:52,845 autoreload Watching for file changes with StatReloader
INFO 2024-08-02 21:59:58,414 autoreload E:\Programing\django_projects\emilys_luxury\apps\investment\views.py changed, reloading.
INFO 2024-08-02 22:00:01,200 autoreload Watching for file changes with StatReloader
INFO 2024-08-02 22:00:04,024 autoreload E:\Programing\django_projects\emilys_luxury\apps\investment\views.py changed, reloading.
INFO 2024-08-02 22:00:06,760 autoreload Watching for file changes with StatReloader
INFO 2024-08-02 22:00:12,599 autoreload E:\Programing\django_projects\emilys_luxury\apps\investment\views.py changed, reloading.
INFO 2024-08-02 22:00:15,251 autoreload Watching for file changes with StatReloader
INFO 2024-08-02 22:00:22,126 autoreload E:\Programing\django_projects\emilys_luxury\apps\investment\views.py changed, reloading.
INFO 2024-08-02 22:00:25,113 autoreload Watching for file changes with StatReloader
INFO 2024-08-02 22:00:28,160 autoreload E:\Programing\django_projects\emilys_luxury\apps\investment\views.py changed, reloading.
INFO 2024-08-02 22:00:30,648 autoreload Watching for file changes with StatReloader
INFO 2024-08-02 22:00:33,217 autoreload E:\Programing\django_projects\emilys_luxury\apps\investment\urls.py changed, reloading.
INFO 2024-08-02 22:00:35,975 autoreload Watching for file changes with StatReloader
INFO 2024-08-02 22:00:38,579 autoreload E:\Programing\django_projects\emilys_luxury\apps\investment\urls.py changed, reloading.
INFO 2024-08-02 22:00:41,140 autoreload Watching for file changes with StatReloader
WARNING 2024-08-02 22:00:58,721 log Not Found: /investment/get_payout_accounts/
WARNING 2024-08-02 22:00:58,722 basehttp "GET //investment/get_payout_accounts/ HTTP/1.1" 404 3727
INFO 2024-08-02 22:01:52,947 autoreload E:\Programing\django_projects\emilys_luxury\apps\investment\views.py changed, reloading.
INFO 2024-08-02 22:01:55,957 autoreload Watching for file changes with StatReloader
INFO 2024-08-02 22:02:00,076 autoreload E:\Programing\django_projects\emilys_luxury\apps\investment\views.py changed, reloading.
INFO 2024-08-02 22:02:02,833 autoreload Watching for file changes with StatReloader
INFO 2024-08-02 22:02:04,808 autoreload E:\Programing\django_projects\emilys_luxury\apps\investment\views.py changed, reloading.
INFO 2024-08-02 22:02:07,448 autoreload Watching for file changes with StatReloader
INFO 2024-08-02 22:02:12,476 autoreload E:\Programing\django_projects\emilys_luxury\apps\investment\views.py changed, reloading.
INFO 2024-08-02 22:02:15,461 autoreload Watching for file changes with StatReloader
INFO 2024-08-02 22:02:18,627 basehttp "GET //investment/get_payout_accounts/ HTTP/1.1" 200 287
INFO 2024-08-02 22:02:49,722 autoreload E:\Programing\django_projects\emilys_luxury\apps\investment\views.py changed, reloading.
INFO 2024-08-02 22:02:52,446 autoreload Watching for file changes with StatReloader
INFO 2024-08-02 22:03:59,329 autoreload E:\Programing\django_projects\emilys_luxury\apps\investment\views.py changed, reloading.
INFO 2024-08-02 22:04:02,255 autoreload Watching for file changes with StatReloader
WARNING 2024-08-02 22:04:03,324 log Not Found: /investment/get_payout_accounts/207e53df-3e60-4076-8c5f-e9bfd0042e97/
WARNING 2024-08-02 22:04:03,326 basehttp "DELETE //investment/get_payout_accounts/207e53df-3e60-4076-8c5f-e9bfd0042e97/ HTTP/1.1" 404 3842
INFO 2024-08-02 22:04:13,071 autoreload E:\Programing\django_projects\emilys_luxury\apps\investment\views.py changed, reloading.
INFO 2024-08-02 22:04:16,041 autoreload Watching for file changes with StatReloader
INFO 2024-08-02 22:04:18,666 autoreload E:\Programing\django_projects\emilys_luxury\apps\investment\views.py changed, reloading.
INFO 2024-08-02 22:04:21,510 autoreload Watching for file changes with StatReloader
INFO 2024-08-02 22:04:26,721 autoreload E:\Programing\django_projects\emilys_luxury\apps\investment\views.py changed, reloading.
INFO 2024-08-02 22:04:29,058 autoreload Watching for file changes with StatReloader
INFO 2024-08-02 22:04:31,502 autoreload E:\Programing\django_projects\emilys_luxury\apps\investment\views.py changed, reloading.
INFO 2024-08-02 22:04:34,113 autoreload Watching for file changes with StatReloader
INFO 2024-08-02 22:04:52,962 basehttp "DELETE //investment/get_payout_accounts/?id=207e53df-3e60-4076-8c5f-e9bfd0042e97 HTTP/1.1" 200 77
INFO 2024-08-02 22:05:09,098 autoreload E:\Programing\django_projects\emilys_luxury\apps\investment\views.py changed, reloading.
INFO 2024-08-02 22:05:11,495 autoreload Watching for file changes with StatReloader
INFO 2024-08-02 22:05:14,620 basehttp "DELETE //investment/get_payout_accounts/?id=207e53df-3e60-4076-8c5f-e9bfd0042e97 HTTP/1.1" 200 77
INFO 2024-08-02 22:07:04,201 autoreload E:\Programing\django_projects\emilys_luxury\apps\investment\views.py changed, reloading.
INFO 2024-08-02 22:07:06,591 autoreload Watching for file changes with StatReloader
INFO 2024-08-02 22:07:09,428 autoreload E:\Programing\django_projects\emilys_luxury\apps\investment\views.py changed, reloading.
INFO 2024-08-02 22:07:12,092 autoreload Watching for file changes with StatReloader
INFO 2024-08-02 22:07:16,119 autoreload E:\Programing\django_projects\emilys_luxury\apps\investment\views.py changed, reloading.
INFO 2024-08-02 22:07:18,194 autoreload Watching for file changes with StatReloader
ERROR 2024-08-02 22:07:23,664 log Internal Server Error: /investment/get_payout_accounts/
Traceback (most recent call last):
  File "E:\Programing\django_projects\emilys_luxury\venv\Lib\site-packages\django\core\handlers\exception.py", line 55, in inner
    response = get_response(request)
               ^^^^^^^^^^^^^^^^^^^^^
  File "E:\Programing\django_projects\emilys_luxury\venv\Lib\site-packages\django\core\handlers\base.py", line 197, in _get_response
    response = wrapped_callback(request, *callback_args, **callback_kwargs)
               ^^^^^^^^^^^^^^^^^^^^^^^^^^^^^^^^^^^^^^^^^^^^^^^^^^^^^^^^^^^^
  File "E:\Programing\django_projects\emilys_luxury\venv\Lib\site-packages\django\views\decorators\csrf.py", line 65, in _view_wrapper
    return view_func(request, *args, **kwargs)
           ^^^^^^^^^^^^^^^^^^^^^^^^^^^^^^^^^^^
  File "E:\Programing\django_projects\emilys_luxury\venv\Lib\site-packages\django\views\generic\base.py", line 104, in view
    return self.dispatch(request, *args, **kwargs)
           ^^^^^^^^^^^^^^^^^^^^^^^^^^^^^^^^^^^^^^^
  File "E:\Programing\django_projects\emilys_luxury\venv\Lib\site-packages\rest_framework\views.py", line 509, in dispatch
    response = self.handle_exception(exc)
               ^^^^^^^^^^^^^^^^^^^^^^^^^^
  File "E:\Programing\django_projects\emilys_luxury\venv\Lib\site-packages\rest_framework\views.py", line 469, in handle_exception
    self.raise_uncaught_exception(exc)
  File "E:\Programing\django_projects\emilys_luxury\venv\Lib\site-packages\rest_framework\views.py", line 480, in raise_uncaught_exception
    raise exc
  File "E:\Programing\django_projects\emilys_luxury\venv\Lib\site-packages\rest_framework\views.py", line 506, in dispatch
    response = handler(request, *args, **kwargs)
               ^^^^^^^^^^^^^^^^^^^^^^^^^^^^^^^^^
  File "E:\Programing\django_projects\emilys_luxury\venv\Lib\site-packages\rest_framework\decorators.py", line 50, in handler
    return func(*args, **kwargs)
           ^^^^^^^^^^^^^^^^^^^^^
  File "E:\Programing\django_projects\emilys_luxury\apps\investment\views.py", line 115, in get_payout_account
    api_key = settings.MOYASAR_SECRET_KEY
              ^^^^^^^^^^^^^^^^^^^^^^^^^^^
  File "E:\Programing\django_projects\emilys_luxury\venv\Lib\site-packages\django\conf\__init__.py", line 91, in __getattr__
    val = getattr(_wrapped, name)
          ^^^^^^^^^^^^^^^^^^^^^^^
AttributeError: 'Settings' object has no attribute 'MOYASAR_SECRET_KEY'
ERROR 2024-08-02 22:07:23,674 basehttp "DELETE //investment/get_payout_accounts/?id=207e53df-3e60-4076-8c5f-e9bfd0042e97 HTTP/1.1" 500 107898
INFO 2024-08-02 22:07:34,434 autoreload E:\Programing\django_projects\emilys_luxury\apps\investment\views.py changed, reloading.
INFO 2024-08-02 22:07:37,583 autoreload Watching for file changes with StatReloader
WARNING 2024-08-02 22:07:40,657 log Not Found: /investment/get_payout_accounts/
WARNING 2024-08-02 22:07:40,658 basehttp "DELETE //investment/get_payout_accounts/?id=207e53df-3e60-4076-8c5f-e9bfd0042e97 HTTP/1.1" 404 77
INFO 2024-08-02 22:09:43,181 autoreload E:\Programing\django_projects\emilys_luxury\apps\investment\views.py changed, reloading.
INFO 2024-08-02 22:09:45,775 autoreload Watching for file changes with StatReloader
WARNING 2024-08-02 22:09:54,004 log Bad Request: /investment/InvestmentViewSet/
WARNING 2024-08-02 22:09:54,006 basehttp "POST //investment/InvestmentViewSet/ HTTP/1.1" 400 190
INFO 2024-08-03 12:28:44,066 autoreload Watching for file changes with StatReloader
INFO 2024-08-03 12:29:24,641 autoreload E:\Programing\django_projects\emilys_luxury\apps\Payment\views.py changed, reloading.
INFO 2024-08-03 12:29:28,151 autoreload Watching for file changes with StatReloader
WARNING 2024-08-03 12:31:29,634 log Bad Request: /investment/InvestmentViewSet/
WARNING 2024-08-03 12:31:29,635 basehttp "POST //investment/InvestmentViewSet/ HTTP/1.1" 400 190
WARNING 2024-08-03 12:31:38,319 log Bad Request: /investment/InvestmentViewSet/
WARNING 2024-08-03 12:31:38,321 basehttp "POST //investment/InvestmentViewSet/ HTTP/1.1" 400 190
WARNING 2024-08-03 12:32:06,813 log Bad Request: /investment/InvestmentViewSet/
WARNING 2024-08-03 12:32:06,814 basehttp "POST //investment/InvestmentViewSet/ HTTP/1.1" 400 294
INFO 2024-08-03 12:34:22,993 basehttp "GET /admin/investment/investmenter_details/ HTTP/1.1" 302 0
INFO 2024-08-03 12:34:23,053 basehttp "GET /admin/login/?next=/admin/investment/investmenter_details/ HTTP/1.1" 200 4234
INFO 2024-08-03 12:34:25,784 basehttp "POST /admin/login/?next=/admin/investment/investmenter_details/ HTTP/1.1" 302 0
INFO 2024-08-03 12:34:25,904 basehttp "GET /admin/investment/investmenter_details/ HTTP/1.1" 200 15469
INFO 2024-08-03 12:34:26,108 basehttp "GET /admin/jsi18n/ HTTP/1.1" 200 3342
INFO 2024-08-03 12:34:49,292 autoreload Watching for file changes with StatReloader
INFO 2024-08-03 12:34:55,500 autoreload E:\Programing\django_projects\emilys_luxury\apps\investment\Tasks\register_beneficiary_tasks.py changed, reloading.
INFO 2024-08-03 12:34:58,322 autoreload Watching for file changes with StatReloader
INFO 2024-08-03 12:35:01,484 autoreload E:\Programing\django_projects\emilys_luxury\apps\investment\Tasks\register_beneficiary_tasks.py changed, reloading.
INFO 2024-08-03 12:35:04,114 autoreload Watching for file changes with StatReloader
WARNING 2024-08-03 12:36:23,721 log Bad Request: /investment/InvestmentViewSet/
WARNING 2024-08-03 12:36:23,722 basehttp "POST //investment/InvestmentViewSet/ HTTP/1.1" 400 294
INFO 2024-08-03 12:37:26,048 autoreload E:\Programing\django_projects\emilys_luxury\apps\investment\views.py changed, reloading.
INFO 2024-08-03 12:37:28,753 autoreload Watching for file changes with StatReloader
INFO 2024-08-03 12:37:32,014 autoreload E:\Programing\django_projects\emilys_luxury\apps\investment\views.py changed, reloading.
INFO 2024-08-03 12:37:35,218 autoreload Watching for file changes with StatReloader
WARNING 2024-08-03 12:41:51,069 log Bad Request: /investment/InvestmentViewSet/
WARNING 2024-08-03 12:41:51,071 basehttp "POST //investment/InvestmentViewSet/ HTTP/1.1" 400 294
WARNING 2024-08-03 12:44:36,052 log Bad Request: /investment/InvestmentViewSet/
WARNING 2024-08-03 12:44:36,053 basehttp "POST //investment/InvestmentViewSet/ HTTP/1.1" 400 190
WARNING 2024-08-03 12:46:08,424 log Bad Request: /investment/InvestmentViewSet/
WARNING 2024-08-03 12:46:08,424 basehttp "POST //investment/InvestmentViewSet/ HTTP/1.1" 400 205
INFO 2024-08-03 12:48:21,571 autoreload E:\Programing\django_projects\emilys_luxury\apps\investment\Tasks\register_beneficiary_tasks.py changed, reloading.
INFO 2024-08-03 12:48:24,124 autoreload Watching for file changes with StatReloader
WARNING 2024-08-03 12:48:51,880 log Bad Request: /investment/InvestmentViewSet/
WARNING 2024-08-03 12:48:51,882 basehttp "POST //investment/InvestmentViewSet/ HTTP/1.1" 400 294
INFO 2024-08-03 12:50:48,745 autoreload E:\Programing\django_projects\emilys_luxury\apps\investment\Tasks\register_beneficiary_tasks.py changed, reloading.
INFO 2024-08-03 12:50:50,695 autoreload Watching for file changes with StatReloader
INFO 2024-08-03 12:51:00,551 autoreload E:\Programing\django_projects\emilys_luxury\apps\investment\Tasks\register_beneficiary_tasks.py changed, reloading.
INFO 2024-08-03 12:51:02,385 autoreload Watching for file changes with StatReloader
INFO 2024-08-03 12:51:46,614 autoreload E:\Programing\django_projects\emilys_luxury\apps\investment\Tasks\register_beneficiary_tasks.py changed, reloading.
INFO 2024-08-03 12:51:48,962 autoreload Watching for file changes with StatReloader
INFO 2024-08-03 12:51:50,708 autoreload E:\Programing\django_projects\emilys_luxury\apps\investment\Tasks\register_beneficiary_tasks.py changed, reloading.
INFO 2024-08-03 12:51:52,931 autoreload Watching for file changes with StatReloader
WARNING 2024-08-03 12:51:58,863 log Bad Request: /investment/InvestmentViewSet/
WARNING 2024-08-03 12:51:58,865 basehttp "POST //investment/InvestmentViewSet/ HTTP/1.1" 400 384
INFO 2024-08-03 13:01:32,216 autoreload E:\Programing\django_projects\emilys_luxury\apps\investment\Tasks\register_beneficiary_tasks.py changed, reloading.
INFO 2024-08-03 13:01:35,780 autoreload Watching for file changes with StatReloader
INFO 2024-08-03 13:02:35,054 autoreload E:\Programing\django_projects\emilys_luxury\apps\orders\models.py changed, reloading.
INFO 2024-08-03 13:02:38,174 autoreload Watching for file changes with StatReloader
INFO 2024-08-03 13:02:41,975 autoreload E:\Programing\django_projects\emilys_luxury\apps\orders\models.py changed, reloading.
INFO 2024-08-03 13:02:43,916 autoreload Watching for file changes with StatReloader
INFO 2024-08-03 13:02:49,903 autoreload E:\Programing\django_projects\emilys_luxury\apps\orders\models.py changed, reloading.
INFO 2024-08-03 13:02:51,802 autoreload Watching for file changes with StatReloader
INFO 2024-08-03 13:02:53,295 autoreload E:\Programing\django_projects\emilys_luxury\apps\orders\models.py changed, reloading.
INFO 2024-08-03 13:02:55,072 autoreload Watching for file changes with StatReloader
INFO 2024-08-03 13:02:57,548 autoreload E:\Programing\django_projects\emilys_luxury\apps\orders\models.py changed, reloading.
INFO 2024-08-03 13:02:59,593 autoreload Watching for file changes with StatReloader
INFO 2024-08-03 13:03:04,997 autoreload E:\Programing\django_projects\emilys_luxury\apps\orders\models.py changed, reloading.
INFO 2024-08-03 13:03:06,910 autoreload Watching for file changes with StatReloader
INFO 2024-08-03 13:03:08,480 autoreload E:\Programing\django_projects\emilys_luxury\apps\orders\models.py changed, reloading.
INFO 2024-08-03 13:03:11,068 autoreload Watching for file changes with StatReloader
INFO 2024-08-03 13:03:18,384 autoreload E:\Programing\django_projects\emilys_luxury\apps\orders\models.py changed, reloading.
INFO 2024-08-03 13:03:20,984 autoreload Watching for file changes with StatReloader
INFO 2024-08-03 13:03:39,457 autoreload E:\Programing\django_projects\emilys_luxury\apps\orders\models.py changed, reloading.
INFO 2024-08-03 13:03:41,026 autoreload Watching for file changes with StatReloader
INFO 2024-08-03 13:03:43,777 autoreload E:\Programing\django_projects\emilys_luxury\apps\orders\models.py changed, reloading.
INFO 2024-08-03 13:03:45,629 autoreload Watching for file changes with StatReloader
INFO 2024-08-03 13:03:47,207 autoreload E:\Programing\django_projects\emilys_luxury\apps\orders\models.py changed, reloading.
INFO 2024-08-03 13:03:49,043 autoreload Watching for file changes with StatReloader
INFO 2024-08-03 13:03:50,547 autoreload E:\Programing\django_projects\emilys_luxury\apps\orders\models.py changed, reloading.
INFO 2024-08-03 13:03:52,526 autoreload Watching for file changes with StatReloader
INFO 2024-08-03 13:04:43,810 autoreload E:\Programing\django_projects\emilys_luxury\apps\orders\models.py changed, reloading.
INFO 2024-08-03 13:04:46,460 autoreload Watching for file changes with StatReloader
INFO 2024-08-03 13:04:49,370 autoreload E:\Programing\django_projects\emilys_luxury\apps\orders\models.py changed, reloading.
INFO 2024-08-03 13:04:52,579 autoreload Watching for file changes with StatReloader
INFO 2024-08-03 13:04:55,948 autoreload E:\Programing\django_projects\emilys_luxury\apps\orders\models.py changed, reloading.
INFO 2024-08-03 13:04:58,373 autoreload Watching for file changes with StatReloader
INFO 2024-08-03 13:05:20,127 autoreload E:\Programing\django_projects\emilys_luxury\apps\orders\models.py changed, reloading.
INFO 2024-08-03 13:05:23,123 autoreload Watching for file changes with StatReloader
INFO 2024-08-03 13:05:49,009 autoreload Watching for file changes with StatReloader
INFO 2024-08-03 13:07:01,468 autoreload E:\Programing\django_projects\emilys_luxury\apps\orders\views.py changed, reloading.
INFO 2024-08-03 13:07:03,990 autoreload Watching for file changes with StatReloader
INFO 2024-08-03 13:07:06,554 autoreload E:\Programing\django_projects\emilys_luxury\apps\orders\views.py changed, reloading.
INFO 2024-08-03 13:07:09,039 autoreload Watching for file changes with StatReloader
INFO 2024-08-03 13:07:12,029 autoreload E:\Programing\django_projects\emilys_luxury\apps\orders\views.py changed, reloading.
INFO 2024-08-03 13:07:14,494 autoreload Watching for file changes with StatReloader
INFO 2024-08-03 13:07:16,328 autoreload E:\Programing\django_projects\emilys_luxury\apps\orders\views.py changed, reloading.
INFO 2024-08-03 13:07:18,165 autoreload Watching for file changes with StatReloader
INFO 2024-08-03 13:07:22,589 autoreload E:\Programing\django_projects\emilys_luxury\apps\orders\views.py changed, reloading.
INFO 2024-08-03 13:07:24,496 autoreload Watching for file changes with StatReloader
INFO 2024-08-03 13:07:47,781 autoreload E:\Programing\django_projects\emilys_luxury\apps\orders\serializers\OutputSerializers.py changed, reloading.
INFO 2024-08-03 13:07:50,804 autoreload Watching for file changes with StatReloader
INFO 2024-08-03 13:07:52,520 autoreload E:\Programing\django_projects\emilys_luxury\apps\orders\serializers\OutputSerializers.py changed, reloading.
INFO 2024-08-03 13:07:55,349 autoreload Watching for file changes with StatReloader
INFO 2024-08-03 13:07:59,417 autoreload E:\Programing\django_projects\emilys_luxury\apps\orders\serializers\OutputSerializers.py changed, reloading.
INFO 2024-08-03 13:08:01,741 autoreload Watching for file changes with StatReloader
INFO 2024-08-03 13:08:03,660 autoreload E:\Programing\django_projects\emilys_luxury\apps\orders\serializers\OutputSerializers.py changed, reloading.
INFO 2024-08-03 13:08:05,921 autoreload Watching for file changes with StatReloader
INFO 2024-08-03 13:08:07,933 autoreload E:\Programing\django_projects\emilys_luxury\apps\orders\serializers\OutputSerializers.py changed, reloading.
INFO 2024-08-03 13:08:11,007 autoreload Watching for file changes with StatReloader
INFO 2024-08-03 13:08:13,756 autoreload E:\Programing\django_projects\emilys_luxury\apps\orders\serializers\OutputSerializers.py changed, reloading.
INFO 2024-08-03 13:08:16,101 autoreload Watching for file changes with StatReloader
INFO 2024-08-03 13:08:22,068 autoreload E:\Programing\django_projects\emilys_luxury\apps\orders\serializers\OutputSerializers.py changed, reloading.
INFO 2024-08-03 13:08:25,228 autoreload Watching for file changes with StatReloader
INFO 2024-08-03 13:09:51,979 autoreload E:\Programing\django_projects\emilys_luxury\apps\orders\serializers\OutputSerializers.py changed, reloading.
INFO 2024-08-03 13:09:53,909 autoreload Watching for file changes with StatReloader
INFO 2024-08-03 13:10:03,510 autoreload E:\Programing\django_projects\emilys_luxury\apps\orders\serializers\OutputSerializers.py changed, reloading.
INFO 2024-08-03 13:10:06,068 autoreload Watching for file changes with StatReloader
INFO 2024-08-03 13:10:08,833 autoreload E:\Programing\django_projects\emilys_luxury\apps\orders\serializers\OutputSerializers.py changed, reloading.
INFO 2024-08-03 13:10:11,964 autoreload Watching for file changes with StatReloader
INFO 2024-08-03 13:10:19,677 autoreload E:\Programing\django_projects\emilys_luxury\apps\orders\serializers\OutputSerializers.py changed, reloading.
INFO 2024-08-03 13:10:22,417 autoreload Watching for file changes with StatReloader
INFO 2024-08-03 13:10:25,396 autoreload E:\Programing\django_projects\emilys_luxury\apps\orders\serializers\OutputSerializers.py changed, reloading.
INFO 2024-08-03 13:10:28,100 autoreload Watching for file changes with StatReloader
INFO 2024-08-03 13:11:42,653 autoreload E:\Programing\django_projects\emilys_luxury\apps\orders\serializers\OutputSerializers.py changed, reloading.
INFO 2024-08-03 13:11:44,681 autoreload Watching for file changes with StatReloader
INFO 2024-08-03 13:11:51,793 autoreload E:\Programing\django_projects\emilys_luxury\apps\orders\serializers\OutputSerializers.py changed, reloading.
INFO 2024-08-03 13:11:54,734 autoreload Watching for file changes with StatReloader
INFO 2024-08-03 13:12:26,537 autoreload E:\Programing\django_projects\emilys_luxury\apps\orders\serializers\OutputSerializers.py changed, reloading.
INFO 2024-08-03 13:12:29,446 autoreload Watching for file changes with StatReloader
INFO 2024-08-03 13:12:48,413 autoreload E:\Programing\django_projects\emilys_luxury\apps\orders\db_services\selectors.py changed, reloading.
INFO 2024-08-03 13:12:50,904 autoreload Watching for file changes with StatReloader
INFO 2024-08-03 13:12:55,186 autoreload E:\Programing\django_projects\emilys_luxury\apps\orders\db_services\selectors.py changed, reloading.
INFO 2024-08-03 13:12:57,883 autoreload Watching for file changes with StatReloader
INFO 2024-08-03 13:13:04,128 autoreload E:\Programing\django_projects\emilys_luxury\apps\orders\db_services\selectors.py changed, reloading.
INFO 2024-08-03 13:13:06,783 autoreload Watching for file changes with StatReloader
INFO 2024-08-03 13:13:17,433 autoreload E:\Programing\django_projects\emilys_luxury\apps\orders\db_services\selectors.py changed, reloading.
INFO 2024-08-03 13:13:19,851 autoreload Watching for file changes with StatReloader
INFO 2024-08-03 13:13:47,992 autoreload E:\Programing\django_projects\emilys_luxury\apps\orders\views.py changed, reloading.
INFO 2024-08-03 13:13:49,989 autoreload Watching for file changes with StatReloader
INFO 2024-08-03 13:14:05,438 autoreload E:\Programing\django_projects\emilys_luxury\apps\orders\views.py changed, reloading.
INFO 2024-08-03 13:14:07,806 autoreload Watching for file changes with StatReloader
INFO 2024-08-03 13:14:10,253 autoreload E:\Programing\django_projects\emilys_luxury\apps\orders\views.py changed, reloading.
INFO 2024-08-03 13:14:13,037 autoreload Watching for file changes with StatReloader
INFO 2024-08-03 13:14:16,141 autoreload E:\Programing\django_projects\emilys_luxury\apps\orders\db_services\selectors.py changed, reloading.
INFO 2024-08-03 13:14:18,215 autoreload Watching for file changes with StatReloader
WARNING 2024-08-03 13:14:53,843 log Unauthorized: /orders/order_details/
WARNING 2024-08-03 13:14:53,844 basehttp "GET //orders/order_details/ HTTP/1.1" 401 58
WARNING 2024-08-03 13:15:01,586 log Bad Request: /orders/order_details/
WARNING 2024-08-03 13:15:01,588 basehttp "GET //orders/order_details/ HTTP/1.1" 400 52
INFO 2024-08-03 13:15:23,352 basehttp "GET /admin/orders/order/ HTTP/1.1" 200 17214
INFO 2024-08-03 13:15:24,051 basehttp "GET /admin/jsi18n/ HTTP/1.1" 200 3342
WARNING 2024-08-03 13:15:25,600 log Not Found: /favicon.ico
WARNING 2024-08-03 13:15:25,603 basehttp "GET /favicon.ico HTTP/1.1" 404 3220
INFO 2024-08-03 13:15:25,677 basehttp "GET /admin/orders/order/8fdb5fdf-9394-4c23-97d4-745bafc1ad97/change/ HTTP/1.1" 200 21193
INFO 2024-08-03 13:15:25,900 basehttp "GET /static/admin/js/calendar.js HTTP/1.1" 304 0
INFO 2024-08-03 13:15:25,902 basehttp "GET /static/admin/js/admin/DateTimeShortcuts.js HTTP/1.1" 304 0
INFO 2024-08-03 13:15:25,913 basehttp "GET /admin/jsi18n/ HTTP/1.1" 200 3342
INFO 2024-08-03 13:15:26,133 basehttp "GET /static/admin/img/icon-calendar.svg HTTP/1.1" 304 0
INFO 2024-08-03 13:15:30,712 basehttp "POST /admin/orders/order/8fdb5fdf-9394-4c23-97d4-745bafc1ad97/change/ HTTP/1.1" 302 0
INFO 2024-08-03 13:15:30,763 basehttp "GET /admin/orders/order/ HTTP/1.1" 200 17499
INFO 2024-08-03 13:15:30,878 basehttp "GET /admin/jsi18n/ HTTP/1.1" 200 3342
INFO 2024-08-03 13:15:35,242 basehttp "GET /admin/orders/order/8fdb5fdf-9394-4c23-97d4-745bafc1ad97/change/ HTTP/1.1" 200 21212
INFO 2024-08-03 13:15:35,346 basehttp "GET /admin/jsi18n/ HTTP/1.1" 200 3342
WARNING 2024-08-03 13:16:32,457 log Bad Request: /orders/order_details/
WARNING 2024-08-03 13:16:32,459 basehttp "GET //orders/order_details/ HTTP/1.1" 400 52
INFO 2024-08-03 13:16:54,860 autoreload E:\Programing\django_projects\emilys_luxury\apps\orders\db_services\selectors.py changed, reloading.
INFO 2024-08-03 13:16:57,788 autoreload Watching for file changes with StatReloader
ERROR 2024-08-03 13:17:01,572 log Internal Server Error: /orders/order_details/
Traceback (most recent call last):
  File "E:\Programing\django_projects\emilys_luxury\venv\Lib\site-packages\django\core\handlers\exception.py", line 55, in inner
    response = get_response(request)
               ^^^^^^^^^^^^^^^^^^^^^
  File "E:\Programing\django_projects\emilys_luxury\venv\Lib\site-packages\django\core\handlers\base.py", line 197, in _get_response
    response = wrapped_callback(request, *callback_args, **callback_kwargs)
               ^^^^^^^^^^^^^^^^^^^^^^^^^^^^^^^^^^^^^^^^^^^^^^^^^^^^^^^^^^^^
  File "E:\Programing\django_projects\emilys_luxury\venv\Lib\site-packages\django\views\decorators\csrf.py", line 65, in _view_wrapper
    return view_func(request, *args, **kwargs)
           ^^^^^^^^^^^^^^^^^^^^^^^^^^^^^^^^^^^
  File "E:\Programing\django_projects\emilys_luxury\venv\Lib\site-packages\django\views\generic\base.py", line 104, in view
    return self.dispatch(request, *args, **kwargs)
           ^^^^^^^^^^^^^^^^^^^^^^^^^^^^^^^^^^^^^^^
  File "E:\Programing\django_projects\emilys_luxury\venv\Lib\site-packages\rest_framework\views.py", line 509, in dispatch
    response = self.handle_exception(exc)
               ^^^^^^^^^^^^^^^^^^^^^^^^^^
  File "E:\Programing\django_projects\emilys_luxury\venv\Lib\site-packages\rest_framework\views.py", line 469, in handle_exception
    self.raise_uncaught_exception(exc)
  File "E:\Programing\django_projects\emilys_luxury\venv\Lib\site-packages\rest_framework\views.py", line 480, in raise_uncaught_exception
    raise exc
  File "E:\Programing\django_projects\emilys_luxury\venv\Lib\site-packages\rest_framework\views.py", line 506, in dispatch
    response = handler(request, *args, **kwargs)
               ^^^^^^^^^^^^^^^^^^^^^^^^^^^^^^^^^
  File "E:\Programing\django_projects\emilys_luxury\apps\orders\views.py", line 60, in get
    return Response({'status': 'succes' , 'data' :serializer.data }, status=HTTP_200_OK)
                                                  ^^^^^^^^^^^^^^^
  File "E:\Programing\django_projects\emilys_luxury\venv\Lib\site-packages\rest_framework\serializers.py", line 768, in data
    ret = super().data
          ^^^^^^^^^^^^
  File "E:\Programing\django_projects\emilys_luxury\venv\Lib\site-packages\rest_framework\serializers.py", line 253, in data
    self._data = self.to_representation(self.instance)
                 ^^^^^^^^^^^^^^^^^^^^^^^^^^^^^^^^^^^^^
  File "E:\Programing\django_projects\emilys_luxury\venv\Lib\site-packages\rest_framework\serializers.py", line 686, in to_representation
    return [
           ^
TypeError: 'Order' object is not iterable
ERROR 2024-08-03 13:17:01,583 basehttp "GET //orders/order_details/ HTTP/1.1" 500 111858
INFO 2024-08-03 13:17:46,330 autoreload E:\Programing\django_projects\emilys_luxury\apps\orders\views.py changed, reloading.
INFO 2024-08-03 13:17:48,629 autoreload Watching for file changes with StatReloader
ERROR 2024-08-03 13:17:51,808 log Internal Server Error: /orders/order_details/
Traceback (most recent call last):
  File "E:\Programing\django_projects\emilys_luxury\venv\Lib\site-packages\django\core\handlers\exception.py", line 55, in inner
    response = get_response(request)
               ^^^^^^^^^^^^^^^^^^^^^
  File "E:\Programing\django_projects\emilys_luxury\venv\Lib\site-packages\django\core\handlers\base.py", line 197, in _get_response
    response = wrapped_callback(request, *callback_args, **callback_kwargs)
               ^^^^^^^^^^^^^^^^^^^^^^^^^^^^^^^^^^^^^^^^^^^^^^^^^^^^^^^^^^^^
  File "E:\Programing\django_projects\emilys_luxury\venv\Lib\site-packages\django\views\decorators\csrf.py", line 65, in _view_wrapper
    return view_func(request, *args, **kwargs)
           ^^^^^^^^^^^^^^^^^^^^^^^^^^^^^^^^^^^
  File "E:\Programing\django_projects\emilys_luxury\venv\Lib\site-packages\django\views\generic\base.py", line 104, in view
    return self.dispatch(request, *args, **kwargs)
           ^^^^^^^^^^^^^^^^^^^^^^^^^^^^^^^^^^^^^^^
  File "E:\Programing\django_projects\emilys_luxury\venv\Lib\site-packages\rest_framework\views.py", line 509, in dispatch
    response = self.handle_exception(exc)
               ^^^^^^^^^^^^^^^^^^^^^^^^^^
  File "E:\Programing\django_projects\emilys_luxury\venv\Lib\site-packages\rest_framework\views.py", line 469, in handle_exception
    self.raise_uncaught_exception(exc)
  File "E:\Programing\django_projects\emilys_luxury\venv\Lib\site-packages\rest_framework\views.py", line 480, in raise_uncaught_exception
    raise exc
  File "E:\Programing\django_projects\emilys_luxury\venv\Lib\site-packages\rest_framework\views.py", line 506, in dispatch
    response = handler(request, *args, **kwargs)
               ^^^^^^^^^^^^^^^^^^^^^^^^^^^^^^^^^
  File "E:\Programing\django_projects\emilys_luxury\apps\orders\views.py", line 60, in get
    return Response({'status': 'succes' , 'data' :serializer.data }, status=HTTP_200_OK)
                                                  ^^^^^^^^^^^^^^^
  File "E:\Programing\django_projects\emilys_luxury\venv\Lib\site-packages\rest_framework\serializers.py", line 555, in data
    ret = super().data
          ^^^^^^^^^^^^
  File "E:\Programing\django_projects\emilys_luxury\venv\Lib\site-packages\rest_framework\serializers.py", line 253, in data
    self._data = self.to_representation(self.instance)
                 ^^^^^^^^^^^^^^^^^^^^^^^^^^^^^^^^^^^^^
  File "E:\Programing\django_projects\emilys_luxury\venv\Lib\site-packages\rest_framework\serializers.py", line 522, in to_representation
    ret[field.field_name] = field.to_representation(attribute)
                            ^^^^^^^^^^^^^^^^^^^^^^^^^^^^^^^^^^
  File "E:\Programing\django_projects\emilys_luxury\venv\Lib\site-packages\rest_framework\serializers.py", line 686, in to_representation
    return [
           ^
  File "E:\Programing\django_projects\emilys_luxury\venv\Lib\site-packages\rest_framework\serializers.py", line 687, in <listcomp>
    self.child.to_representation(item) for item in iterable
    ^^^^^^^^^^^^^^^^^^^^^^^^^^^^^^^^^^
  File "E:\Programing\django_projects\emilys_luxury\venv\Lib\site-packages\rest_framework\serializers.py", line 507, in to_representation
    for field in fields:
  File "E:\Programing\django_projects\emilys_luxury\venv\Lib\site-packages\rest_framework\serializers.py", line 368, in _readable_fields
    for field in self.fields.values():
                 ^^^^^^^^^^^
  File "E:\Programing\django_projects\emilys_luxury\venv\Lib\site-packages\django\utils\functional.py", line 47, in __get__
    res = instance.__dict__[self.name] = self.func(instance)
                                         ^^^^^^^^^^^^^^^^^^^
  File "E:\Programing\django_projects\emilys_luxury\venv\Lib\site-packages\rest_framework\serializers.py", line 356, in fields
    for key, value in self.get_fields().items():
                      ^^^^^^^^^^^^^^^^^
  File "E:\Programing\django_projects\emilys_luxury\venv\Lib\site-packages\rest_framework\serializers.py", line 1076, in get_fields
    field_class, field_kwargs = self.build_field(
                                ^^^^^^^^^^^^^^^^^
  File "E:\Programing\django_projects\emilys_luxury\venv\Lib\site-packages\rest_framework\serializers.py", line 1222, in build_field
    return self.build_unknown_field(field_name, model_class)
           ^^^^^^^^^^^^^^^^^^^^^^^^^^^^^^^^^^^^^^^^^^^^^^^^^
  File "E:\Programing\django_projects\emilys_luxury\venv\Lib\site-packages\rest_framework\serializers.py", line 1340, in build_unknown_field
    raise ImproperlyConfigured(
django.core.exceptions.ImproperlyConfigured: Field name `quantity` is not valid for model `OrderItem`.
ERROR 2024-08-03 13:17:51,818 basehttp "GET //orders/order_details/ HTTP/1.1" 500 158096
INFO 2024-08-03 13:19:02,225 autoreload E:\Programing\django_projects\emilys_luxury\apps\orders\views.py changed, reloading.
INFO 2024-08-03 13:19:05,592 autoreload Watching for file changes with StatReloader
INFO 2024-08-03 13:19:07,754 autoreload E:\Programing\django_projects\emilys_luxury\apps\orders\views.py changed, reloading.
INFO 2024-08-03 13:19:10,504 autoreload Watching for file changes with StatReloader
INFO 2024-08-03 13:19:15,993 autoreload E:\Programing\django_projects\emilys_luxury\apps\orders\views.py changed, reloading.
INFO 2024-08-03 13:19:18,514 autoreload Watching for file changes with StatReloader
INFO 2024-08-03 13:19:21,830 autoreload E:\Programing\django_projects\emilys_luxury\apps\orders\views.py changed, reloading.
INFO 2024-08-03 13:19:23,401 autoreload Watching for file changes with StatReloader
INFO 2024-08-03 13:19:59,236 autoreload E:\Programing\django_projects\emilys_luxury\apps\orders\views.py changed, reloading.
INFO 2024-08-03 13:20:01,789 autoreload Watching for file changes with StatReloader
INFO 2024-08-03 13:20:04,670 autoreload E:\Programing\django_projects\emilys_luxury\apps\orders\views.py changed, reloading.
INFO 2024-08-03 13:20:07,063 autoreload Watching for file changes with StatReloader
INFO 2024-08-03 13:20:16,146 autoreload E:\Programing\django_projects\emilys_luxury\apps\orders\urls.py changed, reloading.
INFO 2024-08-03 13:20:19,237 autoreload Watching for file changes with StatReloader
INFO 2024-08-03 13:20:22,054 autoreload E:\Programing\django_projects\emilys_luxury\apps\orders\urls.py changed, reloading.
INFO 2024-08-03 13:20:24,696 autoreload Watching for file changes with StatReloader
INFO 2024-08-03 13:20:42,695 autoreload E:\Programing\django_projects\emilys_luxury\apps\orders\urls.py changed, reloading.
INFO 2024-08-03 13:20:45,370 autoreload Watching for file changes with StatReloader
INFO 2024-08-03 13:20:51,576 autoreload E:\Programing\django_projects\emilys_luxury\apps\orders\views.py changed, reloading.
INFO 2024-08-03 13:20:54,407 autoreload Watching for file changes with StatReloader
INFO 2024-08-03 13:20:59,327 autoreload E:\Programing\django_projects\emilys_luxury\apps\orders\views.py changed, reloading.
INFO 2024-08-03 13:21:01,830 autoreload Watching for file changes with StatReloader
ERROR 2024-08-03 13:21:14,970 log Internal Server Error: /orders/track_order/
Traceback (most recent call last):
  File "E:\Programing\django_projects\emilys_luxury\venv\Lib\site-packages\django\core\handlers\exception.py", line 55, in inner
    response = get_response(request)
               ^^^^^^^^^^^^^^^^^^^^^
  File "E:\Programing\django_projects\emilys_luxury\venv\Lib\site-packages\django\core\handlers\base.py", line 197, in _get_response
    response = wrapped_callback(request, *callback_args, **callback_kwargs)
               ^^^^^^^^^^^^^^^^^^^^^^^^^^^^^^^^^^^^^^^^^^^^^^^^^^^^^^^^^^^^
  File "E:\Programing\django_projects\emilys_luxury\venv\Lib\site-packages\django\views\decorators\csrf.py", line 65, in _view_wrapper
    return view_func(request, *args, **kwargs)
           ^^^^^^^^^^^^^^^^^^^^^^^^^^^^^^^^^^^
  File "E:\Programing\django_projects\emilys_luxury\venv\Lib\site-packages\django\views\generic\base.py", line 104, in view
    return self.dispatch(request, *args, **kwargs)
           ^^^^^^^^^^^^^^^^^^^^^^^^^^^^^^^^^^^^^^^
  File "E:\Programing\django_projects\emilys_luxury\venv\Lib\site-packages\rest_framework\views.py", line 509, in dispatch
    response = self.handle_exception(exc)
               ^^^^^^^^^^^^^^^^^^^^^^^^^^
  File "E:\Programing\django_projects\emilys_luxury\venv\Lib\site-packages\rest_framework\views.py", line 469, in handle_exception
    self.raise_uncaught_exception(exc)
  File "E:\Programing\django_projects\emilys_luxury\venv\Lib\site-packages\rest_framework\views.py", line 480, in raise_uncaught_exception
    raise exc
  File "E:\Programing\django_projects\emilys_luxury\venv\Lib\site-packages\rest_framework\views.py", line 506, in dispatch
    response = handler(request, *args, **kwargs)
               ^^^^^^^^^^^^^^^^^^^^^^^^^^^^^^^^^
  File "E:\Programing\django_projects\emilys_luxury\venv\Lib\site-packages\rest_framework\decorators.py", line 50, in handler
    return func(*args, **kwargs)
           ^^^^^^^^^^^^^^^^^^^^^
  File "E:\Programing\django_projects\emilys_luxury\apps\orders\views.py", line 86, in track_order
    return Response({'status': 'succes' , 'data' :serializer.data }, status=HTTP_200_OK)
                                                  ^^^^^^^^^^^^^^^
  File "E:\Programing\django_projects\emilys_luxury\venv\Lib\site-packages\rest_framework\serializers.py", line 555, in data
    ret = super().data
          ^^^^^^^^^^^^
  File "E:\Programing\django_projects\emilys_luxury\venv\Lib\site-packages\rest_framework\serializers.py", line 253, in data
    self._data = self.to_representation(self.instance)
                 ^^^^^^^^^^^^^^^^^^^^^^^^^^^^^^^^^^^^^
  File "E:\Programing\django_projects\emilys_luxury\venv\Lib\site-packages\rest_framework\serializers.py", line 522, in to_representation
    ret[field.field_name] = field.to_representation(attribute)
                            ^^^^^^^^^^^^^^^^^^^^^^^^^^^^^^^^^^
  File "E:\Programing\django_projects\emilys_luxury\venv\Lib\site-packages\rest_framework\serializers.py", line 686, in to_representation
    return [
           ^
  File "E:\Programing\django_projects\emilys_luxury\venv\Lib\site-packages\rest_framework\serializers.py", line 687, in <listcomp>
    self.child.to_representation(item) for item in iterable
    ^^^^^^^^^^^^^^^^^^^^^^^^^^^^^^^^^^
  File "E:\Programing\django_projects\emilys_luxury\venv\Lib\site-packages\rest_framework\serializers.py", line 507, in to_representation
    for field in fields:
  File "E:\Programing\django_projects\emilys_luxury\venv\Lib\site-packages\rest_framework\serializers.py", line 368, in _readable_fields
    for field in self.fields.values():
                 ^^^^^^^^^^^
  File "E:\Programing\django_projects\emilys_luxury\venv\Lib\site-packages\django\utils\functional.py", line 47, in __get__
    res = instance.__dict__[self.name] = self.func(instance)
                                         ^^^^^^^^^^^^^^^^^^^
  File "E:\Programing\django_projects\emilys_luxury\venv\Lib\site-packages\rest_framework\serializers.py", line 356, in fields
    for key, value in self.get_fields().items():
                      ^^^^^^^^^^^^^^^^^
  File "E:\Programing\django_projects\emilys_luxury\venv\Lib\site-packages\rest_framework\serializers.py", line 1076, in get_fields
    field_class, field_kwargs = self.build_field(
                                ^^^^^^^^^^^^^^^^^
  File "E:\Programing\django_projects\emilys_luxury\venv\Lib\site-packages\rest_framework\serializers.py", line 1222, in build_field
    return self.build_unknown_field(field_name, model_class)
           ^^^^^^^^^^^^^^^^^^^^^^^^^^^^^^^^^^^^^^^^^^^^^^^^^
  File "E:\Programing\django_projects\emilys_luxury\venv\Lib\site-packages\rest_framework\serializers.py", line 1340, in build_unknown_field
    raise ImproperlyConfigured(
django.core.exceptions.ImproperlyConfigured: Field name `quantity` is not valid for model `OrderItem`.
ERROR 2024-08-03 13:21:14,977 basehttp "GET //orders/track_order/ HTTP/1.1" 500 161678
INFO 2024-08-03 13:21:36,967 autoreload E:\Programing\django_projects\emilys_luxury\apps\orders\serializers\OutputSerializers.py changed, reloading.
INFO 2024-08-03 13:21:39,260 autoreload Watching for file changes with StatReloader
INFO 2024-08-03 13:21:42,130 autoreload E:\Programing\django_projects\emilys_luxury\apps\orders\serializers\OutputSerializers.py changed, reloading.
INFO 2024-08-03 13:21:45,412 autoreload Watching for file changes with StatReloader
INFO 2024-08-03 13:21:48,726 autoreload E:\Programing\django_projects\emilys_luxury\apps\orders\serializers\OutputSerializers.py changed, reloading.
INFO 2024-08-03 13:21:51,962 autoreload Watching for file changes with StatReloader
INFO 2024-08-03 13:22:03,593 basehttp "GET //orders/track_order/ HTTP/1.1" 200 248
INFO 2024-08-03 13:22:25,708 autoreload E:\Programing\django_projects\emilys_luxury\apps\orders\serializers\OutputSerializers.py changed, reloading.
INFO 2024-08-03 13:22:28,924 autoreload Watching for file changes with StatReloader
INFO 2024-08-03 13:22:59,279 autoreload E:\Programing\django_projects\emilys_luxury\apps\orders\serializers\OutputSerializers.py changed, reloading.
INFO 2024-08-03 13:23:01,996 autoreload Watching for file changes with StatReloader
INFO 2024-08-03 13:23:05,371 autoreload E:\Programing\django_projects\emilys_luxury\apps\orders\serializers\OutputSerializers.py changed, reloading.
INFO 2024-08-03 13:23:08,067 autoreload Watching for file changes with StatReloader
INFO 2024-08-03 13:23:10,180 autoreload E:\Programing\django_projects\emilys_luxury\apps\orders\serializers\OutputSerializers.py changed, reloading.
INFO 2024-08-03 13:23:13,002 autoreload Watching for file changes with StatReloader
INFO 2024-08-03 13:23:19,781 autoreload E:\Programing\django_projects\emilys_luxury\apps\orders\serializers\OutputSerializers.py changed, reloading.
INFO 2024-08-03 13:23:22,174 autoreload Watching for file changes with StatReloader
INFO 2024-08-03 13:23:23,797 autoreload E:\Programing\django_projects\emilys_luxury\apps\orders\serializers\OutputSerializers.py changed, reloading.
INFO 2024-08-03 13:23:26,603 autoreload Watching for file changes with StatReloader
INFO 2024-08-03 13:23:31,885 autoreload E:\Programing\django_projects\emilys_luxury\apps\orders\serializers\OutputSerializers.py changed, reloading.
INFO 2024-08-03 13:23:34,325 autoreload Watching for file changes with StatReloader
INFO 2024-08-03 13:23:39,512 autoreload E:\Programing\django_projects\emilys_luxury\apps\orders\serializers\OutputSerializers.py changed, reloading.
INFO 2024-08-03 13:23:41,726 autoreload Watching for file changes with StatReloader
INFO 2024-08-03 13:23:46,578 autoreload E:\Programing\django_projects\emilys_luxury\apps\orders\serializers\OutputSerializers.py changed, reloading.
INFO 2024-08-03 13:23:49,016 autoreload Watching for file changes with StatReloader
INFO 2024-08-03 13:23:51,809 basehttp "GET //orders/track_order/ HTTP/1.1" 200 179
INFO 2024-08-03 13:23:59,995 autoreload E:\Programing\django_projects\emilys_luxury\apps\orders\serializers\OutputSerializers.py changed, reloading.
INFO 2024-08-03 13:24:03,041 autoreload Watching for file changes with StatReloader
INFO 2024-08-03 13:24:08,466 autoreload E:\Programing\django_projects\emilys_luxury\apps\orders\serializers\OutputSerializers.py changed, reloading.
INFO 2024-08-03 13:24:12,094 autoreload Watching for file changes with StatReloader
INFO 2024-08-03 13:24:13,379 basehttp "GET //orders/track_order/ HTTP/1.1" 200 179
INFO 2024-08-03 13:24:30,590 autoreload E:\Programing\django_projects\emilys_luxury\apps\orders\serializers\OutputSerializers.py changed, reloading.
INFO 2024-08-03 13:24:32,698 autoreload Watching for file changes with StatReloader
INFO 2024-08-03 13:24:35,545 autoreload E:\Programing\django_projects\emilys_luxury\apps\orders\serializers\OutputSerializers.py changed, reloading.
INFO 2024-08-03 13:24:38,446 autoreload Watching for file changes with StatReloader
INFO 2024-08-03 13:24:41,993 basehttp "GET //orders/track_order/ HTTP/1.1" 200 233
ERROR 2024-08-03 13:24:49,758 log Internal Server Error: /admin/Dresses/dresses/
Traceback (most recent call last):
  File "E:\Programing\django_projects\emilys_luxury\venv\Lib\site-packages\django\db\models\options.py", line 681, in get_field
    return self.fields_map[field_name]
           ~~~~~~~~~~~~~~~^^^^^^^^^^^^
KeyError: 'is_investment'

During handling of the above exception, another exception occurred:

Traceback (most recent call last):
  File "E:\Programing\django_projects\emilys_luxury\venv\Lib\site-packages\django\contrib\admin\utils.py", line 289, in lookup_field
    f = _get_non_gfk_field(opts, name)
        ^^^^^^^^^^^^^^^^^^^^^^^^^^^^^^
  File "E:\Programing\django_projects\emilys_luxury\venv\Lib\site-packages\django\contrib\admin\utils.py", line 322, in _get_non_gfk_field
    field = opts.get_field(name)
            ^^^^^^^^^^^^^^^^^^^^
  File "E:\Programing\django_projects\emilys_luxury\venv\Lib\site-packages\django\db\models\options.py", line 683, in get_field
    raise FieldDoesNotExist(
django.core.exceptions.FieldDoesNotExist: Dresses has no field named 'is_investment'

During handling of the above exception, another exception occurred:

Traceback (most recent call last):
  File "E:\Programing\django_projects\emilys_luxury\venv\Lib\site-packages\django\core\handlers\exception.py", line 55, in inner
    response = get_response(request)
               ^^^^^^^^^^^^^^^^^^^^^
  File "E:\Programing\django_projects\emilys_luxury\venv\Lib\site-packages\django\core\handlers\base.py", line 220, in _get_response
    response = response.render()
               ^^^^^^^^^^^^^^^^^
  File "E:\Programing\django_projects\emilys_luxury\venv\Lib\site-packages\django\template\response.py", line 114, in render
    self.content = self.rendered_content
                   ^^^^^^^^^^^^^^^^^^^^^
  File "E:\Programing\django_projects\emilys_luxury\venv\Lib\site-packages\django\template\response.py", line 92, in rendered_content
    return template.render(context, self._request)
           ^^^^^^^^^^^^^^^^^^^^^^^^^^^^^^^^^^^^^^^
  File "E:\Programing\django_projects\emilys_luxury\venv\Lib\site-packages\django\template\backends\django.py", line 61, in render
    return self.template.render(context)
           ^^^^^^^^^^^^^^^^^^^^^^^^^^^^^
  File "E:\Programing\django_projects\emilys_luxury\venv\Lib\site-packages\django\template\base.py", line 171, in render
    return self._render(context)
           ^^^^^^^^^^^^^^^^^^^^^
  File "E:\Programing\django_projects\emilys_luxury\venv\Lib\site-packages\django\template\base.py", line 163, in _render
    return self.nodelist.render(context)
           ^^^^^^^^^^^^^^^^^^^^^^^^^^^^^
  File "E:\Programing\django_projects\emilys_luxury\venv\Lib\site-packages\django\template\base.py", line 1000, in render
    return SafeString("".join([node.render_annotated(context) for node in self]))
                              ^^^^^^^^^^^^^^^^^^^^^^^^^^^^^^^^^^^^^^^^^^^^^^^^^
  File "E:\Programing\django_projects\emilys_luxury\venv\Lib\site-packages\django\template\base.py", line 1000, in <listcomp>
    return SafeString("".join([node.render_annotated(context) for node in self]))
                               ^^^^^^^^^^^^^^^^^^^^^^^^^^^^^^
  File "E:\Programing\django_projects\emilys_luxury\venv\Lib\site-packages\django\template\base.py", line 961, in render_annotated
    return self.render(context)
           ^^^^^^^^^^^^^^^^^^^^
  File "E:\Programing\django_projects\emilys_luxury\venv\Lib\site-packages\django\template\loader_tags.py", line 159, in render
    return compiled_parent._render(context)
           ^^^^^^^^^^^^^^^^^^^^^^^^^^^^^^^^
  File "E:\Programing\django_projects\emilys_luxury\venv\Lib\site-packages\django\template\base.py", line 163, in _render
    return self.nodelist.render(context)
           ^^^^^^^^^^^^^^^^^^^^^^^^^^^^^
  File "E:\Programing\django_projects\emilys_luxury\venv\Lib\site-packages\django\template\base.py", line 1000, in render
    return SafeString("".join([node.render_annotated(context) for node in self]))
                              ^^^^^^^^^^^^^^^^^^^^^^^^^^^^^^^^^^^^^^^^^^^^^^^^^
  File "E:\Programing\django_projects\emilys_luxury\venv\Lib\site-packages\django\template\base.py", line 1000, in <listcomp>
    return SafeString("".join([node.render_annotated(context) for node in self]))
                               ^^^^^^^^^^^^^^^^^^^^^^^^^^^^^^
  File "E:\Programing\django_projects\emilys_luxury\venv\Lib\site-packages\django\template\base.py", line 961, in render_annotated
    return self.render(context)
           ^^^^^^^^^^^^^^^^^^^^
  File "E:\Programing\django_projects\emilys_luxury\venv\Lib\site-packages\django\template\loader_tags.py", line 159, in render
    return compiled_parent._render(context)
           ^^^^^^^^^^^^^^^^^^^^^^^^^^^^^^^^
  File "E:\Programing\django_projects\emilys_luxury\venv\Lib\site-packages\django\template\base.py", line 163, in _render
    return self.nodelist.render(context)
           ^^^^^^^^^^^^^^^^^^^^^^^^^^^^^
  File "E:\Programing\django_projects\emilys_luxury\venv\Lib\site-packages\django\template\base.py", line 1000, in render
    return SafeString("".join([node.render_annotated(context) for node in self]))
                              ^^^^^^^^^^^^^^^^^^^^^^^^^^^^^^^^^^^^^^^^^^^^^^^^^
  File "E:\Programing\django_projects\emilys_luxury\venv\Lib\site-packages\django\template\base.py", line 1000, in <listcomp>
    return SafeString("".join([node.render_annotated(context) for node in self]))
                               ^^^^^^^^^^^^^^^^^^^^^^^^^^^^^^
  File "E:\Programing\django_projects\emilys_luxury\venv\Lib\site-packages\django\template\base.py", line 961, in render_annotated
    return self.render(context)
           ^^^^^^^^^^^^^^^^^^^^
  File "E:\Programing\django_projects\emilys_luxury\venv\Lib\site-packages\django\template\loader_tags.py", line 65, in render
    result = block.nodelist.render(context)
             ^^^^^^^^^^^^^^^^^^^^^^^^^^^^^^
  File "E:\Programing\django_projects\emilys_luxury\venv\Lib\site-packages\django\template\base.py", line 1000, in render
    return SafeString("".join([node.render_annotated(context) for node in self]))
                              ^^^^^^^^^^^^^^^^^^^^^^^^^^^^^^^^^^^^^^^^^^^^^^^^^
  File "E:\Programing\django_projects\emilys_luxury\venv\Lib\site-packages\django\template\base.py", line 1000, in <listcomp>
    return SafeString("".join([node.render_annotated(context) for node in self]))
                               ^^^^^^^^^^^^^^^^^^^^^^^^^^^^^^
  File "E:\Programing\django_projects\emilys_luxury\venv\Lib\site-packages\django\template\base.py", line 961, in render_annotated
    return self.render(context)
           ^^^^^^^^^^^^^^^^^^^^
  File "E:\Programing\django_projects\emilys_luxury\venv\Lib\site-packages\django\template\loader_tags.py", line 65, in render
    result = block.nodelist.render(context)
             ^^^^^^^^^^^^^^^^^^^^^^^^^^^^^^
  File "E:\Programing\django_projects\emilys_luxury\venv\Lib\site-packages\django\template\base.py", line 1000, in render
    return SafeString("".join([node.render_annotated(context) for node in self]))
                              ^^^^^^^^^^^^^^^^^^^^^^^^^^^^^^^^^^^^^^^^^^^^^^^^^
  File "E:\Programing\django_projects\emilys_luxury\venv\Lib\site-packages\django\template\base.py", line 1000, in <listcomp>
    return SafeString("".join([node.render_annotated(context) for node in self]))
                               ^^^^^^^^^^^^^^^^^^^^^^^^^^^^^^
  File "E:\Programing\django_projects\emilys_luxury\venv\Lib\site-packages\django\template\base.py", line 961, in render_annotated
    return self.render(context)
           ^^^^^^^^^^^^^^^^^^^^
  File "E:\Programing\django_projects\emilys_luxury\venv\Lib\site-packages\django\contrib\admin\templatetags\base.py", line 45, in render
    return super().render(context)
           ^^^^^^^^^^^^^^^^^^^^^^^
  File "E:\Programing\django_projects\emilys_luxury\venv\Lib\site-packages\django\template\library.py", line 258, in render
    _dict = self.func(*resolved_args, **resolved_kwargs)
            ^^^^^^^^^^^^^^^^^^^^^^^^^^^^^^^^^^^^^^^^^^^^
  File "E:\Programing\django_projects\emilys_luxury\venv\Lib\site-packages\django\contrib\admin\templatetags\admin_list.py", line 345, in result_list
    "results": list(results(cl)),
               ^^^^^^^^^^^^^^^^^
  File "E:\Programing\django_projects\emilys_luxury\venv\Lib\site-packages\django\contrib\admin\templatetags\admin_list.py", line 318, in results
    yield ResultList(form, items_for_result(cl, res, form))
          ^^^^^^^^^^^^^^^^^^^^^^^^^^^^^^^^^^^^^^^^^^^^^^^^^
  File "E:\Programing\django_projects\emilys_luxury\venv\Lib\site-packages\django\contrib\admin\templatetags\admin_list.py", line 312, in __init__
    super().__init__(*items)
  File "E:\Programing\django_projects\emilys_luxury\venv\Lib\site-packages\django\contrib\admin\templatetags\admin_list.py", line 217, in items_for_result
    f, attr, value = lookup_field(field_name, result, cl.model_admin)
                     ^^^^^^^^^^^^^^^^^^^^^^^^^^^^^^^^^^^^^^^^^^^^^^^^
  File "E:\Programing\django_projects\emilys_luxury\venv\Lib\site-packages\django\contrib\admin\utils.py", line 302, in lookup_field
    value = attr()
            ^^^^^^
  File "E:\Programing\django_projects\emilys_luxury\apps\Dresses\models.py", line 42, in is_investment
    return self.investmenter_dresses_set.exists()
           ^^^^^^^^^^^^^^^^^^^^^^^^^^^^^
AttributeError: 'Dresses' object has no attribute 'investmenter_dresses_set'
ERROR 2024-08-03 13:24:49,812 basehttp "GET /admin/Dresses/dresses/ HTTP/1.1" 500 451135
INFO 2024-08-03 13:25:35,159 autoreload Watching for file changes with StatReloader
ERROR 2024-08-03 13:25:37,142 log Internal Server Error: /admin/Dresses/dresses/
Traceback (most recent call last):
  File "E:\Programing\django_projects\emilys_luxury\venv\Lib\site-packages\django\db\models\options.py", line 681, in get_field
    return self.fields_map[field_name]
           ~~~~~~~~~~~~~~~^^^^^^^^^^^^
KeyError: 'is_investment'

During handling of the above exception, another exception occurred:

Traceback (most recent call last):
  File "E:\Programing\django_projects\emilys_luxury\venv\Lib\site-packages\django\contrib\admin\utils.py", line 289, in lookup_field
    f = _get_non_gfk_field(opts, name)
        ^^^^^^^^^^^^^^^^^^^^^^^^^^^^^^
  File "E:\Programing\django_projects\emilys_luxury\venv\Lib\site-packages\django\contrib\admin\utils.py", line 322, in _get_non_gfk_field
    field = opts.get_field(name)
            ^^^^^^^^^^^^^^^^^^^^
  File "E:\Programing\django_projects\emilys_luxury\venv\Lib\site-packages\django\db\models\options.py", line 683, in get_field
    raise FieldDoesNotExist(
django.core.exceptions.FieldDoesNotExist: Dresses has no field named 'is_investment'

During handling of the above exception, another exception occurred:

Traceback (most recent call last):
  File "E:\Programing\django_projects\emilys_luxury\venv\Lib\site-packages\django\core\handlers\exception.py", line 55, in inner
    response = get_response(request)
               ^^^^^^^^^^^^^^^^^^^^^
  File "E:\Programing\django_projects\emilys_luxury\venv\Lib\site-packages\django\core\handlers\base.py", line 220, in _get_response
    response = response.render()
               ^^^^^^^^^^^^^^^^^
  File "E:\Programing\django_projects\emilys_luxury\venv\Lib\site-packages\django\template\response.py", line 114, in render
    self.content = self.rendered_content
                   ^^^^^^^^^^^^^^^^^^^^^
  File "E:\Programing\django_projects\emilys_luxury\venv\Lib\site-packages\django\template\response.py", line 92, in rendered_content
    return template.render(context, self._request)
           ^^^^^^^^^^^^^^^^^^^^^^^^^^^^^^^^^^^^^^^
  File "E:\Programing\django_projects\emilys_luxury\venv\Lib\site-packages\django\template\backends\django.py", line 61, in render
    return self.template.render(context)
           ^^^^^^^^^^^^^^^^^^^^^^^^^^^^^
  File "E:\Programing\django_projects\emilys_luxury\venv\Lib\site-packages\django\template\base.py", line 171, in render
    return self._render(context)
           ^^^^^^^^^^^^^^^^^^^^^
  File "E:\Programing\django_projects\emilys_luxury\venv\Lib\site-packages\django\template\base.py", line 163, in _render
    return self.nodelist.render(context)
           ^^^^^^^^^^^^^^^^^^^^^^^^^^^^^
  File "E:\Programing\django_projects\emilys_luxury\venv\Lib\site-packages\django\template\base.py", line 1000, in render
    return SafeString("".join([node.render_annotated(context) for node in self]))
                              ^^^^^^^^^^^^^^^^^^^^^^^^^^^^^^^^^^^^^^^^^^^^^^^^^
  File "E:\Programing\django_projects\emilys_luxury\venv\Lib\site-packages\django\template\base.py", line 1000, in <listcomp>
    return SafeString("".join([node.render_annotated(context) for node in self]))
                               ^^^^^^^^^^^^^^^^^^^^^^^^^^^^^^
  File "E:\Programing\django_projects\emilys_luxury\venv\Lib\site-packages\django\template\base.py", line 961, in render_annotated
    return self.render(context)
           ^^^^^^^^^^^^^^^^^^^^
  File "E:\Programing\django_projects\emilys_luxury\venv\Lib\site-packages\django\template\loader_tags.py", line 159, in render
    return compiled_parent._render(context)
           ^^^^^^^^^^^^^^^^^^^^^^^^^^^^^^^^
  File "E:\Programing\django_projects\emilys_luxury\venv\Lib\site-packages\django\template\base.py", line 163, in _render
    return self.nodelist.render(context)
           ^^^^^^^^^^^^^^^^^^^^^^^^^^^^^
  File "E:\Programing\django_projects\emilys_luxury\venv\Lib\site-packages\django\template\base.py", line 1000, in render
    return SafeString("".join([node.render_annotated(context) for node in self]))
                              ^^^^^^^^^^^^^^^^^^^^^^^^^^^^^^^^^^^^^^^^^^^^^^^^^
  File "E:\Programing\django_projects\emilys_luxury\venv\Lib\site-packages\django\template\base.py", line 1000, in <listcomp>
    return SafeString("".join([node.render_annotated(context) for node in self]))
                               ^^^^^^^^^^^^^^^^^^^^^^^^^^^^^^
  File "E:\Programing\django_projects\emilys_luxury\venv\Lib\site-packages\django\template\base.py", line 961, in render_annotated
    return self.render(context)
           ^^^^^^^^^^^^^^^^^^^^
  File "E:\Programing\django_projects\emilys_luxury\venv\Lib\site-packages\django\template\loader_tags.py", line 159, in render
    return compiled_parent._render(context)
           ^^^^^^^^^^^^^^^^^^^^^^^^^^^^^^^^
  File "E:\Programing\django_projects\emilys_luxury\venv\Lib\site-packages\django\template\base.py", line 163, in _render
    return self.nodelist.render(context)
           ^^^^^^^^^^^^^^^^^^^^^^^^^^^^^
  File "E:\Programing\django_projects\emilys_luxury\venv\Lib\site-packages\django\template\base.py", line 1000, in render
    return SafeString("".join([node.render_annotated(context) for node in self]))
                              ^^^^^^^^^^^^^^^^^^^^^^^^^^^^^^^^^^^^^^^^^^^^^^^^^
  File "E:\Programing\django_projects\emilys_luxury\venv\Lib\site-packages\django\template\base.py", line 1000, in <listcomp>
    return SafeString("".join([node.render_annotated(context) for node in self]))
                               ^^^^^^^^^^^^^^^^^^^^^^^^^^^^^^
  File "E:\Programing\django_projects\emilys_luxury\venv\Lib\site-packages\django\template\base.py", line 961, in render_annotated
    return self.render(context)
           ^^^^^^^^^^^^^^^^^^^^
  File "E:\Programing\django_projects\emilys_luxury\venv\Lib\site-packages\django\template\loader_tags.py", line 65, in render
    result = block.nodelist.render(context)
             ^^^^^^^^^^^^^^^^^^^^^^^^^^^^^^
  File "E:\Programing\django_projects\emilys_luxury\venv\Lib\site-packages\django\template\base.py", line 1000, in render
    return SafeString("".join([node.render_annotated(context) for node in self]))
                              ^^^^^^^^^^^^^^^^^^^^^^^^^^^^^^^^^^^^^^^^^^^^^^^^^
  File "E:\Programing\django_projects\emilys_luxury\venv\Lib\site-packages\django\template\base.py", line 1000, in <listcomp>
    return SafeString("".join([node.render_annotated(context) for node in self]))
                               ^^^^^^^^^^^^^^^^^^^^^^^^^^^^^^
  File "E:\Programing\django_projects\emilys_luxury\venv\Lib\site-packages\django\template\base.py", line 961, in render_annotated
    return self.render(context)
           ^^^^^^^^^^^^^^^^^^^^
  File "E:\Programing\django_projects\emilys_luxury\venv\Lib\site-packages\django\template\loader_tags.py", line 65, in render
    result = block.nodelist.render(context)
             ^^^^^^^^^^^^^^^^^^^^^^^^^^^^^^
  File "E:\Programing\django_projects\emilys_luxury\venv\Lib\site-packages\django\template\base.py", line 1000, in render
    return SafeString("".join([node.render_annotated(context) for node in self]))
                              ^^^^^^^^^^^^^^^^^^^^^^^^^^^^^^^^^^^^^^^^^^^^^^^^^
  File "E:\Programing\django_projects\emilys_luxury\venv\Lib\site-packages\django\template\base.py", line 1000, in <listcomp>
    return SafeString("".join([node.render_annotated(context) for node in self]))
                               ^^^^^^^^^^^^^^^^^^^^^^^^^^^^^^
  File "E:\Programing\django_projects\emilys_luxury\venv\Lib\site-packages\django\template\base.py", line 961, in render_annotated
    return self.render(context)
           ^^^^^^^^^^^^^^^^^^^^
  File "E:\Programing\django_projects\emilys_luxury\venv\Lib\site-packages\django\contrib\admin\templatetags\base.py", line 45, in render
    return super().render(context)
           ^^^^^^^^^^^^^^^^^^^^^^^
  File "E:\Programing\django_projects\emilys_luxury\venv\Lib\site-packages\django\template\library.py", line 258, in render
    _dict = self.func(*resolved_args, **resolved_kwargs)
            ^^^^^^^^^^^^^^^^^^^^^^^^^^^^^^^^^^^^^^^^^^^^
  File "E:\Programing\django_projects\emilys_luxury\venv\Lib\site-packages\django\contrib\admin\templatetags\admin_list.py", line 345, in result_list
    "results": list(results(cl)),
               ^^^^^^^^^^^^^^^^^
  File "E:\Programing\django_projects\emilys_luxury\venv\Lib\site-packages\django\contrib\admin\templatetags\admin_list.py", line 318, in results
    yield ResultList(form, items_for_result(cl, res, form))
          ^^^^^^^^^^^^^^^^^^^^^^^^^^^^^^^^^^^^^^^^^^^^^^^^^
  File "E:\Programing\django_projects\emilys_luxury\venv\Lib\site-packages\django\contrib\admin\templatetags\admin_list.py", line 312, in __init__
    super().__init__(*items)
  File "E:\Programing\django_projects\emilys_luxury\venv\Lib\site-packages\django\contrib\admin\templatetags\admin_list.py", line 217, in items_for_result
    f, attr, value = lookup_field(field_name, result, cl.model_admin)
                     ^^^^^^^^^^^^^^^^^^^^^^^^^^^^^^^^^^^^^^^^^^^^^^^^
  File "E:\Programing\django_projects\emilys_luxury\venv\Lib\site-packages\django\contrib\admin\utils.py", line 302, in lookup_field
    value = attr()
            ^^^^^^
  File "E:\Programing\django_projects\emilys_luxury\apps\Dresses\models.py", line 42, in is_investment
    return self.investmenter_dresses_set.exists()
           ^^^^^^^^^^^^^^^^^^^^^^^^^^^^^
AttributeError: 'Dresses' object has no attribute 'investmenter_dresses_set'
ERROR 2024-08-03 13:25:37,157 basehttp "GET /admin/Dresses/dresses/ HTTP/1.1" 500 451272
INFO 2024-08-03 13:26:27,698 autoreload E:\Programing\django_projects\emilys_luxury\apps\Dresses\models.py changed, reloading.
INFO 2024-08-03 13:26:30,717 autoreload Watching for file changes with StatReloader
ERROR 2024-08-03 13:26:33,835 log Internal Server Error: /admin/Dresses/dresses/
Traceback (most recent call last):
  File "E:\Programing\django_projects\emilys_luxury\venv\Lib\site-packages\django\db\models\options.py", line 681, in get_field
    return self.fields_map[field_name]
           ~~~~~~~~~~~~~~~^^^^^^^^^^^^
KeyError: 'is_investment'

During handling of the above exception, another exception occurred:

Traceback (most recent call last):
  File "E:\Programing\django_projects\emilys_luxury\venv\Lib\site-packages\django\contrib\admin\utils.py", line 289, in lookup_field
    f = _get_non_gfk_field(opts, name)
        ^^^^^^^^^^^^^^^^^^^^^^^^^^^^^^
  File "E:\Programing\django_projects\emilys_luxury\venv\Lib\site-packages\django\contrib\admin\utils.py", line 322, in _get_non_gfk_field
    field = opts.get_field(name)
            ^^^^^^^^^^^^^^^^^^^^
  File "E:\Programing\django_projects\emilys_luxury\venv\Lib\site-packages\django\db\models\options.py", line 683, in get_field
    raise FieldDoesNotExist(
django.core.exceptions.FieldDoesNotExist: Dresses has no field named 'is_investment'

During handling of the above exception, another exception occurred:

Traceback (most recent call last):
  File "E:\Programing\django_projects\emilys_luxury\venv\Lib\site-packages\django\core\handlers\exception.py", line 55, in inner
    response = get_response(request)
               ^^^^^^^^^^^^^^^^^^^^^
  File "E:\Programing\django_projects\emilys_luxury\venv\Lib\site-packages\django\core\handlers\base.py", line 220, in _get_response
    response = response.render()
               ^^^^^^^^^^^^^^^^^
  File "E:\Programing\django_projects\emilys_luxury\venv\Lib\site-packages\django\template\response.py", line 114, in render
    self.content = self.rendered_content
                   ^^^^^^^^^^^^^^^^^^^^^
  File "E:\Programing\django_projects\emilys_luxury\venv\Lib\site-packages\django\template\response.py", line 92, in rendered_content
    return template.render(context, self._request)
           ^^^^^^^^^^^^^^^^^^^^^^^^^^^^^^^^^^^^^^^
  File "E:\Programing\django_projects\emilys_luxury\venv\Lib\site-packages\django\template\backends\django.py", line 61, in render
    return self.template.render(context)
           ^^^^^^^^^^^^^^^^^^^^^^^^^^^^^
  File "E:\Programing\django_projects\emilys_luxury\venv\Lib\site-packages\django\template\base.py", line 171, in render
    return self._render(context)
           ^^^^^^^^^^^^^^^^^^^^^
  File "E:\Programing\django_projects\emilys_luxury\venv\Lib\site-packages\django\template\base.py", line 163, in _render
    return self.nodelist.render(context)
           ^^^^^^^^^^^^^^^^^^^^^^^^^^^^^
  File "E:\Programing\django_projects\emilys_luxury\venv\Lib\site-packages\django\template\base.py", line 1000, in render
    return SafeString("".join([node.render_annotated(context) for node in self]))
                              ^^^^^^^^^^^^^^^^^^^^^^^^^^^^^^^^^^^^^^^^^^^^^^^^^
  File "E:\Programing\django_projects\emilys_luxury\venv\Lib\site-packages\django\template\base.py", line 1000, in <listcomp>
    return SafeString("".join([node.render_annotated(context) for node in self]))
                               ^^^^^^^^^^^^^^^^^^^^^^^^^^^^^^
  File "E:\Programing\django_projects\emilys_luxury\venv\Lib\site-packages\django\template\base.py", line 961, in render_annotated
    return self.render(context)
           ^^^^^^^^^^^^^^^^^^^^
  File "E:\Programing\django_projects\emilys_luxury\venv\Lib\site-packages\django\template\loader_tags.py", line 159, in render
    return compiled_parent._render(context)
           ^^^^^^^^^^^^^^^^^^^^^^^^^^^^^^^^
  File "E:\Programing\django_projects\emilys_luxury\venv\Lib\site-packages\django\template\base.py", line 163, in _render
    return self.nodelist.render(context)
           ^^^^^^^^^^^^^^^^^^^^^^^^^^^^^
  File "E:\Programing\django_projects\emilys_luxury\venv\Lib\site-packages\django\template\base.py", line 1000, in render
    return SafeString("".join([node.render_annotated(context) for node in self]))
                              ^^^^^^^^^^^^^^^^^^^^^^^^^^^^^^^^^^^^^^^^^^^^^^^^^
  File "E:\Programing\django_projects\emilys_luxury\venv\Lib\site-packages\django\template\base.py", line 1000, in <listcomp>
    return SafeString("".join([node.render_annotated(context) for node in self]))
                               ^^^^^^^^^^^^^^^^^^^^^^^^^^^^^^
  File "E:\Programing\django_projects\emilys_luxury\venv\Lib\site-packages\django\template\base.py", line 961, in render_annotated
    return self.render(context)
           ^^^^^^^^^^^^^^^^^^^^
  File "E:\Programing\django_projects\emilys_luxury\venv\Lib\site-packages\django\template\loader_tags.py", line 159, in render
    return compiled_parent._render(context)
           ^^^^^^^^^^^^^^^^^^^^^^^^^^^^^^^^
  File "E:\Programing\django_projects\emilys_luxury\venv\Lib\site-packages\django\template\base.py", line 163, in _render
    return self.nodelist.render(context)
           ^^^^^^^^^^^^^^^^^^^^^^^^^^^^^
  File "E:\Programing\django_projects\emilys_luxury\venv\Lib\site-packages\django\template\base.py", line 1000, in render
    return SafeString("".join([node.render_annotated(context) for node in self]))
                              ^^^^^^^^^^^^^^^^^^^^^^^^^^^^^^^^^^^^^^^^^^^^^^^^^
  File "E:\Programing\django_projects\emilys_luxury\venv\Lib\site-packages\django\template\base.py", line 1000, in <listcomp>
    return SafeString("".join([node.render_annotated(context) for node in self]))
                               ^^^^^^^^^^^^^^^^^^^^^^^^^^^^^^
  File "E:\Programing\django_projects\emilys_luxury\venv\Lib\site-packages\django\template\base.py", line 961, in render_annotated
    return self.render(context)
           ^^^^^^^^^^^^^^^^^^^^
  File "E:\Programing\django_projects\emilys_luxury\venv\Lib\site-packages\django\template\loader_tags.py", line 65, in render
    result = block.nodelist.render(context)
             ^^^^^^^^^^^^^^^^^^^^^^^^^^^^^^
  File "E:\Programing\django_projects\emilys_luxury\venv\Lib\site-packages\django\template\base.py", line 1000, in render
    return SafeString("".join([node.render_annotated(context) for node in self]))
                              ^^^^^^^^^^^^^^^^^^^^^^^^^^^^^^^^^^^^^^^^^^^^^^^^^
  File "E:\Programing\django_projects\emilys_luxury\venv\Lib\site-packages\django\template\base.py", line 1000, in <listcomp>
    return SafeString("".join([node.render_annotated(context) for node in self]))
                               ^^^^^^^^^^^^^^^^^^^^^^^^^^^^^^
  File "E:\Programing\django_projects\emilys_luxury\venv\Lib\site-packages\django\template\base.py", line 961, in render_annotated
    return self.render(context)
           ^^^^^^^^^^^^^^^^^^^^
  File "E:\Programing\django_projects\emilys_luxury\venv\Lib\site-packages\django\template\loader_tags.py", line 65, in render
    result = block.nodelist.render(context)
             ^^^^^^^^^^^^^^^^^^^^^^^^^^^^^^
  File "E:\Programing\django_projects\emilys_luxury\venv\Lib\site-packages\django\template\base.py", line 1000, in render
    return SafeString("".join([node.render_annotated(context) for node in self]))
                              ^^^^^^^^^^^^^^^^^^^^^^^^^^^^^^^^^^^^^^^^^^^^^^^^^
  File "E:\Programing\django_projects\emilys_luxury\venv\Lib\site-packages\django\template\base.py", line 1000, in <listcomp>
    return SafeString("".join([node.render_annotated(context) for node in self]))
                               ^^^^^^^^^^^^^^^^^^^^^^^^^^^^^^
  File "E:\Programing\django_projects\emilys_luxury\venv\Lib\site-packages\django\template\base.py", line 961, in render_annotated
    return self.render(context)
           ^^^^^^^^^^^^^^^^^^^^
  File "E:\Programing\django_projects\emilys_luxury\venv\Lib\site-packages\django\contrib\admin\templatetags\base.py", line 45, in render
    return super().render(context)
           ^^^^^^^^^^^^^^^^^^^^^^^
  File "E:\Programing\django_projects\emilys_luxury\venv\Lib\site-packages\django\template\library.py", line 258, in render
    _dict = self.func(*resolved_args, **resolved_kwargs)
            ^^^^^^^^^^^^^^^^^^^^^^^^^^^^^^^^^^^^^^^^^^^^
  File "E:\Programing\django_projects\emilys_luxury\venv\Lib\site-packages\django\contrib\admin\templatetags\admin_list.py", line 345, in result_list
    "results": list(results(cl)),
               ^^^^^^^^^^^^^^^^^
  File "E:\Programing\django_projects\emilys_luxury\venv\Lib\site-packages\django\contrib\admin\templatetags\admin_list.py", line 318, in results
    yield ResultList(form, items_for_result(cl, res, form))
          ^^^^^^^^^^^^^^^^^^^^^^^^^^^^^^^^^^^^^^^^^^^^^^^^^
  File "E:\Programing\django_projects\emilys_luxury\venv\Lib\site-packages\django\contrib\admin\templatetags\admin_list.py", line 312, in __init__
    super().__init__(*items)
  File "E:\Programing\django_projects\emilys_luxury\venv\Lib\site-packages\django\contrib\admin\templatetags\admin_list.py", line 217, in items_for_result
    f, attr, value = lookup_field(field_name, result, cl.model_admin)
                     ^^^^^^^^^^^^^^^^^^^^^^^^^^^^^^^^^^^^^^^^^^^^^^^^
  File "E:\Programing\django_projects\emilys_luxury\venv\Lib\site-packages\django\contrib\admin\utils.py", line 302, in lookup_field
    value = attr()
            ^^^^^^
  File "E:\Programing\django_projects\emilys_luxury\apps\Dresses\models.py", line 42, in is_investment
    return self.investmenter_dresses_set.exists()
           ^^^^^^^^^^^^^^^^^^^^^^^^^^^^^
AttributeError: 'Dresses' object has no attribute 'investmenter_dresses_set'
ERROR 2024-08-03 13:26:33,868 basehttp "GET /admin/Dresses/dresses/ HTTP/1.1" 500 451272
INFO 2024-08-03 13:27:39,808 autoreload E:\Programing\django_projects\emilys_luxury\apps\investment\models.py changed, reloading.
INFO 2024-08-03 13:27:42,484 autoreload Watching for file changes with StatReloader
INFO 2024-08-03 13:27:48,824 autoreload E:\Programing\django_projects\emilys_luxury\apps\Dresses\models.py changed, reloading.
INFO 2024-08-03 13:27:52,635 autoreload Watching for file changes with StatReloader
ERROR 2024-08-03 13:27:54,111 log Internal Server Error: /admin/Dresses/dresses/
Traceback (most recent call last):
  File "E:\Programing\django_projects\emilys_luxury\venv\Lib\site-packages\django\db\models\options.py", line 681, in get_field
    return self.fields_map[field_name]
           ~~~~~~~~~~~~~~~^^^^^^^^^^^^
KeyError: 'is_investment'

During handling of the above exception, another exception occurred:

Traceback (most recent call last):
  File "E:\Programing\django_projects\emilys_luxury\venv\Lib\site-packages\django\contrib\admin\utils.py", line 289, in lookup_field
    f = _get_non_gfk_field(opts, name)
        ^^^^^^^^^^^^^^^^^^^^^^^^^^^^^^
  File "E:\Programing\django_projects\emilys_luxury\venv\Lib\site-packages\django\contrib\admin\utils.py", line 322, in _get_non_gfk_field
    field = opts.get_field(name)
            ^^^^^^^^^^^^^^^^^^^^
  File "E:\Programing\django_projects\emilys_luxury\venv\Lib\site-packages\django\db\models\options.py", line 683, in get_field
    raise FieldDoesNotExist(
django.core.exceptions.FieldDoesNotExist: Dresses has no field named 'is_investment'

During handling of the above exception, another exception occurred:

Traceback (most recent call last):
  File "E:\Programing\django_projects\emilys_luxury\venv\Lib\site-packages\django\core\handlers\exception.py", line 55, in inner
    response = get_response(request)
               ^^^^^^^^^^^^^^^^^^^^^
  File "E:\Programing\django_projects\emilys_luxury\venv\Lib\site-packages\django\core\handlers\base.py", line 220, in _get_response
    response = response.render()
               ^^^^^^^^^^^^^^^^^
  File "E:\Programing\django_projects\emilys_luxury\venv\Lib\site-packages\django\template\response.py", line 114, in render
    self.content = self.rendered_content
                   ^^^^^^^^^^^^^^^^^^^^^
  File "E:\Programing\django_projects\emilys_luxury\venv\Lib\site-packages\django\template\response.py", line 92, in rendered_content
    return template.render(context, self._request)
           ^^^^^^^^^^^^^^^^^^^^^^^^^^^^^^^^^^^^^^^
  File "E:\Programing\django_projects\emilys_luxury\venv\Lib\site-packages\django\template\backends\django.py", line 61, in render
    return self.template.render(context)
           ^^^^^^^^^^^^^^^^^^^^^^^^^^^^^
  File "E:\Programing\django_projects\emilys_luxury\venv\Lib\site-packages\django\template\base.py", line 171, in render
    return self._render(context)
           ^^^^^^^^^^^^^^^^^^^^^
  File "E:\Programing\django_projects\emilys_luxury\venv\Lib\site-packages\django\template\base.py", line 163, in _render
    return self.nodelist.render(context)
           ^^^^^^^^^^^^^^^^^^^^^^^^^^^^^
  File "E:\Programing\django_projects\emilys_luxury\venv\Lib\site-packages\django\template\base.py", line 1000, in render
    return SafeString("".join([node.render_annotated(context) for node in self]))
                              ^^^^^^^^^^^^^^^^^^^^^^^^^^^^^^^^^^^^^^^^^^^^^^^^^
  File "E:\Programing\django_projects\emilys_luxury\venv\Lib\site-packages\django\template\base.py", line 1000, in <listcomp>
    return SafeString("".join([node.render_annotated(context) for node in self]))
                               ^^^^^^^^^^^^^^^^^^^^^^^^^^^^^^
  File "E:\Programing\django_projects\emilys_luxury\venv\Lib\site-packages\django\template\base.py", line 961, in render_annotated
    return self.render(context)
           ^^^^^^^^^^^^^^^^^^^^
  File "E:\Programing\django_projects\emilys_luxury\venv\Lib\site-packages\django\template\loader_tags.py", line 159, in render
    return compiled_parent._render(context)
           ^^^^^^^^^^^^^^^^^^^^^^^^^^^^^^^^
  File "E:\Programing\django_projects\emilys_luxury\venv\Lib\site-packages\django\template\base.py", line 163, in _render
    return self.nodelist.render(context)
           ^^^^^^^^^^^^^^^^^^^^^^^^^^^^^
  File "E:\Programing\django_projects\emilys_luxury\venv\Lib\site-packages\django\template\base.py", line 1000, in render
    return SafeString("".join([node.render_annotated(context) for node in self]))
                              ^^^^^^^^^^^^^^^^^^^^^^^^^^^^^^^^^^^^^^^^^^^^^^^^^
  File "E:\Programing\django_projects\emilys_luxury\venv\Lib\site-packages\django\template\base.py", line 1000, in <listcomp>
    return SafeString("".join([node.render_annotated(context) for node in self]))
                               ^^^^^^^^^^^^^^^^^^^^^^^^^^^^^^
  File "E:\Programing\django_projects\emilys_luxury\venv\Lib\site-packages\django\template\base.py", line 961, in render_annotated
    return self.render(context)
           ^^^^^^^^^^^^^^^^^^^^
  File "E:\Programing\django_projects\emilys_luxury\venv\Lib\site-packages\django\template\loader_tags.py", line 159, in render
    return compiled_parent._render(context)
           ^^^^^^^^^^^^^^^^^^^^^^^^^^^^^^^^
  File "E:\Programing\django_projects\emilys_luxury\venv\Lib\site-packages\django\template\base.py", line 163, in _render
    return self.nodelist.render(context)
           ^^^^^^^^^^^^^^^^^^^^^^^^^^^^^
  File "E:\Programing\django_projects\emilys_luxury\venv\Lib\site-packages\django\template\base.py", line 1000, in render
    return SafeString("".join([node.render_annotated(context) for node in self]))
                              ^^^^^^^^^^^^^^^^^^^^^^^^^^^^^^^^^^^^^^^^^^^^^^^^^
  File "E:\Programing\django_projects\emilys_luxury\venv\Lib\site-packages\django\template\base.py", line 1000, in <listcomp>
    return SafeString("".join([node.render_annotated(context) for node in self]))
                               ^^^^^^^^^^^^^^^^^^^^^^^^^^^^^^
  File "E:\Programing\django_projects\emilys_luxury\venv\Lib\site-packages\django\template\base.py", line 961, in render_annotated
    return self.render(context)
           ^^^^^^^^^^^^^^^^^^^^
  File "E:\Programing\django_projects\emilys_luxury\venv\Lib\site-packages\django\template\loader_tags.py", line 65, in render
    result = block.nodelist.render(context)
             ^^^^^^^^^^^^^^^^^^^^^^^^^^^^^^
  File "E:\Programing\django_projects\emilys_luxury\venv\Lib\site-packages\django\template\base.py", line 1000, in render
    return SafeString("".join([node.render_annotated(context) for node in self]))
                              ^^^^^^^^^^^^^^^^^^^^^^^^^^^^^^^^^^^^^^^^^^^^^^^^^
  File "E:\Programing\django_projects\emilys_luxury\venv\Lib\site-packages\django\template\base.py", line 1000, in <listcomp>
    return SafeString("".join([node.render_annotated(context) for node in self]))
                               ^^^^^^^^^^^^^^^^^^^^^^^^^^^^^^
  File "E:\Programing\django_projects\emilys_luxury\venv\Lib\site-packages\django\template\base.py", line 961, in render_annotated
    return self.render(context)
           ^^^^^^^^^^^^^^^^^^^^
  File "E:\Programing\django_projects\emilys_luxury\venv\Lib\site-packages\django\template\loader_tags.py", line 65, in render
    result = block.nodelist.render(context)
             ^^^^^^^^^^^^^^^^^^^^^^^^^^^^^^
  File "E:\Programing\django_projects\emilys_luxury\venv\Lib\site-packages\django\template\base.py", line 1000, in render
    return SafeString("".join([node.render_annotated(context) for node in self]))
                              ^^^^^^^^^^^^^^^^^^^^^^^^^^^^^^^^^^^^^^^^^^^^^^^^^
  File "E:\Programing\django_projects\emilys_luxury\venv\Lib\site-packages\django\template\base.py", line 1000, in <listcomp>
    return SafeString("".join([node.render_annotated(context) for node in self]))
                               ^^^^^^^^^^^^^^^^^^^^^^^^^^^^^^
  File "E:\Programing\django_projects\emilys_luxury\venv\Lib\site-packages\django\template\base.py", line 961, in render_annotated
    return self.render(context)
           ^^^^^^^^^^^^^^^^^^^^
  File "E:\Programing\django_projects\emilys_luxury\venv\Lib\site-packages\django\contrib\admin\templatetags\base.py", line 45, in render
    return super().render(context)
           ^^^^^^^^^^^^^^^^^^^^^^^
  File "E:\Programing\django_projects\emilys_luxury\venv\Lib\site-packages\django\template\library.py", line 258, in render
    _dict = self.func(*resolved_args, **resolved_kwargs)
            ^^^^^^^^^^^^^^^^^^^^^^^^^^^^^^^^^^^^^^^^^^^^
  File "E:\Programing\django_projects\emilys_luxury\venv\Lib\site-packages\django\contrib\admin\templatetags\admin_list.py", line 345, in result_list
    "results": list(results(cl)),
               ^^^^^^^^^^^^^^^^^
  File "E:\Programing\django_projects\emilys_luxury\venv\Lib\site-packages\django\contrib\admin\templatetags\admin_list.py", line 318, in results
    yield ResultList(form, items_for_result(cl, res, form))
          ^^^^^^^^^^^^^^^^^^^^^^^^^^^^^^^^^^^^^^^^^^^^^^^^^
  File "E:\Programing\django_projects\emilys_luxury\venv\Lib\site-packages\django\contrib\admin\templatetags\admin_list.py", line 312, in __init__
    super().__init__(*items)
  File "E:\Programing\django_projects\emilys_luxury\venv\Lib\site-packages\django\contrib\admin\templatetags\admin_list.py", line 217, in items_for_result
    f, attr, value = lookup_field(field_name, result, cl.model_admin)
                     ^^^^^^^^^^^^^^^^^^^^^^^^^^^^^^^^^^^^^^^^^^^^^^^^
  File "E:\Programing\django_projects\emilys_luxury\venv\Lib\site-packages\django\contrib\admin\utils.py", line 302, in lookup_field
    value = attr()
            ^^^^^^
  File "E:\Programing\django_projects\emilys_luxury\apps\Dresses\models.py", line 42, in is_investment
    return self.investmenter_dresses.exists()
           ^^^^^^^^^^^^^^^^^^^^^^^^^^^^^^^^
AttributeError: 'investmenter_dresses' object has no attribute 'exists'
ERROR 2024-08-03 13:27:54,123 basehttp "GET /admin/Dresses/dresses/ HTTP/1.1" 500 451240
INFO 2024-08-03 13:28:29,711 autoreload E:\Programing\django_projects\emilys_luxury\apps\Dresses\models.py changed, reloading.
INFO 2024-08-03 13:28:32,416 autoreload Watching for file changes with StatReloader
INFO 2024-08-03 13:28:35,575 basehttp "GET /admin/Dresses/dresses/ HTTP/1.1" 200 25380
INFO 2024-08-03 13:28:35,889 basehttp "GET /admin/jsi18n/ HTTP/1.1" 200 3342
INFO 2024-08-03 13:28:36,182 basehttp "GET /static/admin/img/search.svg HTTP/1.1" 200 458
INFO 2024-08-03 13:28:36,241 basehttp "GET /static/admin/img/icon-no.svg HTTP/1.1" 200 560
INFO 2024-08-03 13:29:26,973 autoreload E:\Programing\django_projects\emilys_luxury\apps\orders\serializers\OutputSerializers.py changed, reloading.
INFO 2024-08-03 13:29:28,980 autoreload Watching for file changes with StatReloader
INFO 2024-08-03 13:30:36,280 autoreload E:\Programing\django_projects\emilys_luxury\apps\orders\serializers\OutputSerializers.py changed, reloading.
INFO 2024-08-03 13:30:38,658 autoreload Watching for file changes with StatReloader
INFO 2024-08-03 13:30:41,998 basehttp "GET //orders/track_order/ HTTP/1.1" 200 442
INFO 2024-08-03 13:30:56,952 autoreload E:\Programing\django_projects\emilys_luxury\apps\orders\serializers\OutputSerializers.py changed, reloading.
INFO 2024-08-03 13:30:59,642 autoreload Watching for file changes with StatReloader
INFO 2024-08-03 13:31:01,176 basehttp "GET //orders/track_order/ HTTP/1.1" 200 357
